<?xml version="1.0" encoding="UTF-8"?>
<!-- Generated by org.testng.reporters.JUnitXMLReporter -->
<testsuite ignored="0" hostname="DESKTOP-1AO5130" failures="0" tests="14" name="FlightPageCheck" time="30.702" errors="0" timestamp="2021-06-02T22:03:37 EDT">
  <testcase classname="testcases.FlightFieldsValidation" name="airportFromFieldClick" time="0.109"/>
  <testcase classname="testcases.FlightFieldsValidation" name="airportFromSearchCheck" time="0.069"/>
  <testcase classname="testcases.FlightFieldsValidation" name="checkListAirsFrom" time="0.74"/>
  <testcase classname="testcases.FlightFieldsValidation" name="airportArrivalChoose" time="0.095"/>
  <testcase classname="testcases.FlightFieldsValidation" name="airportToFieldClick" time="0.084"/>
  <testcase classname="testcases.FlightFieldsValidation" name="airportToSearchCheck" time="0.054"/>
  <testcase classname="testcases.FlightFieldsValidation" name="checkListAirsTo" time="0.633"/>
  <testcase classname="testcases.FlightFieldsValidation" name="airportDestinationChoose" time="0.07"/>
  <testcase classname="testcases.FlightFieldsValidation" name="activeDateCheck" time="0.238"/>
  <testcase classname="testcases.FlightFieldsValidation" name="dateTripChoose" time="2.403"/>
  <testcase classname="testcases.FlightFieldsValidation" name="plusMinusDatesChoose" time="0.144"/>
  <testcase classname="testcases.FlightFieldsValidation" name="languageChoose" time="0.109"/>
  <testcase classname="testcases.FlightFieldsValidation" name="chooseTravelAirline" time="0.107"/>
  <testcase classname="testcases.FlightFieldsValidation" name="buttonSearchClick" time="8.456"/>
</testsuite> <!-- FlightPageCheck -->
