<?xml version="1.0" encoding="UTF-8"?>
<!-- Generated by org.testng.reporters.JUnitXMLReporter -->
<testsuite ignored="1" hostname="DESKTOP-1AO5130" failures="0" tests="25" name="OnlineShopAppHomePage" time="74.705" errors="0" timestamp="2021-06-02T22:04:20 EDT">
  <testcase classname="testcases.HomePageSearchValidation" name="getSearchField" time="2.349"/>
  <testcase classname="testcases.HomePageSearchValidation" name="getSearchField" time="1.424"/>
  <testcase classname="testcases.HomePageSearchValidation" name="getSearchField" time="1.764"/>
  <testcase classname="testcases.HomePageSearchValidation" name="getSearchField" time="1.319"/>
  <testcase classname="testcases.HomePageSearchValidation" name="getSearchField" time="1.108"/>
  <testcase classname="testcases.HomePageValidation" name="numberOfItemsValidation" time="0.051"/>
  <testcase classname="testcases.TopDealsValidation" name="dealButtonClick" time="0.354"/>
  <testcase classname="testcases.TopDealsValidation" name="clickPageButton" time="0.424"/>
  <testcase classname="testcases.TopDealsValidation" name="checkDisableDefaultsFirstButton" time="0.102"/>
  <testcase classname="testcases.TopDealsValidation" name="checkNumberItemsDefaultOnPage" time="0.106"/>
  <testcase classname="testcases.TopDealsValidation" name="checkNumberItemsInTable" time="0.123"/>
  <testcase classname="testcases.TopDealsValidation" name="checkOrderOfItemsByDefault" time="0.17"/>
  <testcase classname="testcases.TopDealsValidation" name="checkOrderItemsAfterArrowClick" time="0.18"/>
  <testcase classname="testcases.TopDealsValidation" name="checkEnableButtons" time="0.02"/>
  <testcase classname="testcases.TopDealsValidation" name="getButtonsText" time="3.025"/>
  <testcase classname="testcases.HomePageValidation" name="chooseItemsToCart" time="32.583"/>
  <testcase classname="testcases.HomePageValidation" name="clickGoToCartButton" time="0.079"/>
  <testcase classname="testcases.HomePageValidation" name="getProductsNumberInCart" time="0.253"/>
  <testcase classname="testcases.HomePageValidation" name="pushCartButton" time="1.146"/>
  <testcase classname="testcases.HomePageValidation" name="totalAmountCompare" time="0.133"/>
  <testcase classname="testcases.HomePageValidation" name="setPromoCode" time="24.686"/>
  <testcase classname="testcases.HomePageValidation" name="chooseCountry" time="0.278"/>
  <testcase classname="testcases.HomePageValidation" name="clickAgreeCheckBox" time="0.06"/>
  <testcase classname="testcases.HomePageValidation" name="clickProceedButton" time="0.058"/>
  <testcase classname="testcases.HomePageValidation" name="checkSuccessText" time="0.001"/>
  <testcase classname="testcases.HomePageValidation" name="listOfProductsValidation" time="0.0">
    <ignored/>
  </testcase> <!-- listOfProductsValidation -->
</testsuite> <!-- OnlineShopAppHomePage -->
