<?xml version="1.0" encoding="UTF-8"?>
<!-- Generated by org.testng.reporters.JUnitXMLReporter -->
<testsuite ignored="0" hostname="DESKTOP-1AO5130" failures="2" tests="2" name="AmaHomePageCheck" time="184.743" errors="0" timestamp="2021-05-17T23:10:30 EDT">
  <testcase classname="testcases.HomePageAmaCheck" name="getAmountBrokenLinksOnPage" time="175.826">
    <failure type="java.lang.AssertionError" message="The following asserts failed:
	403 -:- https://www.amazon.ca/gp/css/homepage.html?ref_=nav_AccountFlyout_ya expected [true] but found [false],
	403 -:- https://www.amazon.ca/business/register/org/landing?ref_=nav_AccountFlyout_b2b_reg expected [true] but found [false],
	503 -:- https://www.amazon.ca/Health-Personal-Care/b/?ie=UTF8&amp;amp;node=6205177011&amp;amp;ref_=nav_cs_hpc_389588d101974a76b1f2a1aec6148be2 expected [true] but found [false],
	503 -:- https://www.amazon.ca/automotive/b/?ie=UTF8&amp;amp;node=6948389011&amp;amp;ref_=nav_cs_automotive_df4975bd27a649d59f0a0f346158957a expected [true] but found [false],
	503 -:- https://www.amazon.ca/b?node=12218500011 expected [true] but found [false],
	503 -:- https://www.amazon.ca/b?node=9833876011&amp;amp;ref_=gw_blb_gwc_unrec_2_outlet expected [true] but found [false],
	503 -:- https://www.amazon.ca/Hanes-O9264-Womens-Jersey-Short/dp/B016YKHX1S/?_encoding=UTF8&amp;amp;pd_rd_w=xObUj&amp;amp;pf_rd_p=f95190d3-1242-461e-9e1e-c9293cea0789&amp;amp;pf_rd_r=T7KAFKBH2SZF3ZHV6G7C&amp;amp;pd_rd_r=a697e237-2106-442f-9084-1c03010e58f6&amp;amp;pd_rd_wg=a8ixs&amp;amp;ref_=pd_gw_crs_zg_bs_8604903011 expected [true] but found [false],
	503 -:- https://www.amazon.ca/Amazon-Essentials-Standard-Pack-Performance/dp/B078VYC8WD/?_encoding=UTF8&amp;amp;pd_rd_w=xObUj&amp;amp;pf_rd_p=f95190d3-1242-461e-9e1e-c9293cea0789&amp;amp;pf_rd_r=T7KAFKBH2SZF3ZHV6G7C&amp;amp;pd_rd_r=a697e237-2106-442f-9084-1c03010e58f6&amp;amp;pd_rd_wg=a8ixs&amp;amp;ref_=pd_gw_crs_zg_bs_8604903011 expected [true] but found [false],
	503 -:- https://www.amazon.ca/ALONG-FIT-Pockets-Compression-Leggings/dp/B081FHQ1MN/?_encoding=UTF8&amp;amp;pd_rd_w=xObUj&amp;amp;pf_rd_p=f95190d3-1242-461e-9e1e-c9293cea0789&amp;amp;pf_rd_r=T7KAFKBH2SZF3ZHV6G7C&amp;amp;pd_rd_r=a697e237-2106-442f-9084-1c03010e58f6&amp;amp;pd_rd_wg=a8ixs&amp;amp;ref_=pd_gw_crs_zg_bs_8604903011 expected [true] but found [false],
	503 -:- https://www.amazon.ca/Sunzel-Control-Athletic-Workout-Pockets/dp/B07VFVLFD4/?_encoding=UTF8&amp;amp;pd_rd_w=xObUj&amp;amp;pf_rd_p=f95190d3-1242-461e-9e1e-c9293cea0789&amp;amp;pf_rd_r=T7KAFKBH2SZF3ZHV6G7C&amp;amp;pd_rd_r=a697e237-2106-442f-9084-1c03010e58f6&amp;amp;pd_rd_wg=a8ixs&amp;amp;ref_=pd_gw_crs_zg_bs_8604903011 expected [true] but found [false],
	503 -:- https://www.amazon.ca/Wrangler-Authentics-Premium-Twill-Cargo/dp/B00XKXI380/?_encoding=UTF8&amp;amp;pd_rd_w=xObUj&amp;amp;pf_rd_p=f95190d3-1242-461e-9e1e-c9293cea0789&amp;amp;pf_rd_r=T7KAFKBH2SZF3ZHV6G7C&amp;amp;pd_rd_r=a697e237-2106-442f-9084-1c03010e58f6&amp;amp;pd_rd_wg=a8ixs&amp;amp;ref_=pd_gw_crs_zg_bs_8604903011 expected [true] but found [false],
	503 -:- https://www.amazon.ca/wirarpa-Womens-Underwear-Leggings-Multipack/dp/B07H3J8CDN/?_encoding=UTF8&amp;amp;pd_rd_w=xObUj&amp;amp;pf_rd_p=f95190d3-1242-461e-9e1e-c9293cea0789&amp;amp;pf_rd_r=T7KAFKBH2SZF3ZHV6G7C&amp;amp;pd_rd_r=a697e237-2106-442f-9084-1c03010e58f6&amp;amp;pd_rd_wg=a8ixs&amp;amp;ref_=pd_gw_crs_zg_bs_8604903011 expected [true] but found [false],
	503 -:- https://www.amazon.ca/TEXFIT-2-Pack-Pockets-Athletic-Stretch/dp/B085XBPM1C/?_encoding=UTF8&amp;amp;pd_rd_w=xObUj&amp;amp;pf_rd_p=f95190d3-1242-461e-9e1e-c9293cea0789&amp;amp;pf_rd_r=T7KAFKBH2SZF3ZHV6G7C&amp;amp;pd_rd_r=a697e237-2106-442f-9084-1c03010e58f6&amp;amp;pd_rd_wg=a8ixs&amp;amp;ref_=pd_gw_crs_zg_bs_8604903011 expected [true] but found [false],
	503 -:- https://www.amazon.ca/TEXFIT-Active-Sport-Quick-T-Shirts/dp/B07SBH7BN8/?_encoding=UTF8&amp;amp;pd_rd_w=xObUj&amp;amp;pf_rd_p=f95190d3-1242-461e-9e1e-c9293cea0789&amp;amp;pf_rd_r=T7KAFKBH2SZF3ZHV6G7C&amp;amp;pd_rd_r=a697e237-2106-442f-9084-1c03010e58f6&amp;amp;pd_rd_wg=a8ixs&amp;amp;ref_=pd_gw_crs_zg_bs_8604903011 expected [true] but found [false],
	503 -:- https://www.amazon.ca/Jan-Jul-Adventure-Chin-Strap-Adjustable/dp/B08YPGM1RJ/?_encoding=UTF8&amp;amp;pd_rd_w=xObUj&amp;amp;pf_rd_p=f95190d3-1242-461e-9e1e-c9293cea0789&amp;amp;pf_rd_r=T7KAFKBH2SZF3ZHV6G7C&amp;amp;pd_rd_r=a697e237-2106-442f-9084-1c03010e58f6&amp;amp;pd_rd_wg=a8ixs&amp;amp;ref_=pd_gw_crs_zg_bs_8604903011 expected [true] but found [false],
	503 -:- https://www.amazon.ca/Nintendo-HACAFSSKA-Switch-Pro-Controller/dp/B01NAWKYZ0/?_encoding=UTF8&amp;amp;pd_rd_w=WqwHg&amp;amp;pf_rd_p=0d524680-5784-4706-81b2-6c35f269f5bd&amp;amp;pf_rd_r=T7KAFKBH2SZF3ZHV6G7C&amp;amp;pd_rd_r=a697e237-2106-442f-9084-1c03010e58f6&amp;amp;pd_rd_wg=a8ixs&amp;amp;ref_=pd_gw_crs_zg_bs_3198031 expected [true] but found [false],
	503 -:- https://www.amazon.ca/Nintendo-HCCPACBAA-Animal-Crossing-Horizons/dp/B0812KNJDD/?_encoding=UTF8&amp;amp;pd_rd_w=WqwHg&amp;amp;pf_rd_p=0d524680-5784-4706-81b2-6c35f269f5bd&amp;amp;pf_rd_r=T7KAFKBH2SZF3ZHV6G7C&amp;amp;pd_rd_r=a697e237-2106-442f-9084-1c03010e58f6&amp;amp;pd_rd_wg=a8ixs&amp;amp;ref_=pd_gw_crs_zg_bs_3198031 expected [true] but found [false],
	503 -:- https://www.amazon.ca/Ring-Fit-Adventure-Nintendo-Switch/dp/B07XV4NHHN/?_encoding=UTF8&amp;amp;pd_rd_w=WqwHg&amp;amp;pf_rd_p=0d524680-5784-4706-81b2-6c35f269f5bd&amp;amp;pf_rd_r=T7KAFKBH2SZF3ZHV6G7C&amp;amp;pd_rd_r=a697e237-2106-442f-9084-1c03010e58f6&amp;amp;pd_rd_wg=a8ixs&amp;amp;ref_=pd_gw_crs_zg_bs_3198031 expected [true] but found [false],
	503 -:- https://www.amazon.ca/Beexcellent-Headphones-Cancelling-Microphone-Smartphone/dp/B0777KYQS7/?_encoding=UTF8&amp;amp;pd_rd_w=WqwHg&amp;amp;pf_rd_p=0d524680-5784-4706-81b2-6c35f269f5bd&amp;amp;pf_rd_r=T7KAFKBH2SZF3ZHV6G7C&amp;amp;pd_rd_r=a697e237-2106-442f-9084-1c03010e58f6&amp;amp;pd_rd_wg=a8ixs&amp;amp;ref_=pd_gw_crs_zg_bs_3198031 expected [true] but found [false],
	503 -:- https://www.amazon.ca/Super-Mario-Maker-2-Standard/dp/B07P6ZT3M4/?_encoding=UTF8&amp;amp;pd_rd_w=WqwHg&amp;amp;pf_rd_p=0d524680-5784-4706-81b2-6c35f269f5bd&amp;amp;pf_rd_r=T7KAFKBH2SZF3ZHV6G7C&amp;amp;pd_rd_r=a697e237-2106-442f-9084-1c03010e58f6&amp;amp;pd_rd_wg=a8ixs&amp;amp;ref_=pd_gw_crs_zg_bs_3198031 expected [true] but found [false],
	503 -:- https://www.amazon.ca/Legend-Zelda-Links-Awakening/dp/B07SZ3V193/?_encoding=UTF8&amp;amp;pd_rd_w=WqwHg&amp;amp;pf_rd_p=0d524680-5784-4706-81b2-6c35f269f5bd&amp;amp;pf_rd_r=T7KAFKBH2SZF3ZHV6G7C&amp;amp;pd_rd_r=a697e237-2106-442f-9084-1c03010e58f6&amp;amp;pd_rd_wg=a8ixs&amp;amp;ref_=pd_gw_crs_zg_bs_3198031 expected [true] but found [false],
	503 -:- https://www.amazon.ca/b/ref=OUT_OD_DSC_D_EN_CA?node=9833876011 expected [true] but found [false],
	503 -:- https://www.amazon.ca/Plantar-Fasciitis-Support-Insoles-Inserts/dp/B07SGJKRJV/ref=br_msw_pdt-3/136-3520004-6494548?_encoding=UTF8&amp;amp;smid=A309S6SDI6XXHQ&amp;amp;pf_rd_m=A3DWYIK6Y9EEQB&amp;amp;pf_rd_s=&amp;amp;pf_rd_r=T7KAFKBH2SZF3ZHV6G7C&amp;amp;pf_rd_t=36701&amp;amp;pf_rd_p=6f84c098-94af-45c7-a44a-99e26ef133bb&amp;amp;pf_rd_i=desktop expected [true] but found [false],
	503 -:- https://www.amazon.ca/Qooltek-Multipurpose-Horizontal-Vertical-Adjusted/dp/B00PQ4PJYC/ref=br_msw_pdt-6/136-3520004-6494548?_encoding=UTF8&amp;amp;smid=A1SDOXXJN37EW9&amp;amp;pf_rd_m=A3DWYIK6Y9EEQB&amp;amp;pf_rd_s=&amp;amp;pf_rd_r=T7KAFKBH2SZF3ZHV6G7C&amp;amp;pf_rd_t=36701&amp;amp;pf_rd_p=6f84c098-94af-45c7-a44a-99e26ef133bb&amp;amp;pf_rd_i=desktop expected [true] but found [false],
	503 -:- https://www.amazon.ca/ZAP-Mini-Bug-Zapper-Rechargeable/dp/B07CKYT9Z6/ref=br_msw_pdt-9/136-3520004-6494548?_encoding=UTF8&amp;amp;smid=A3A9LCHPCTOCF1&amp;amp;pf_rd_m=A3DWYIK6Y9EEQB&amp;amp;pf_rd_s=&amp;amp;pf_rd_r=T7KAFKBH2SZF3ZHV6G7C&amp;amp;pf_rd_t=36701&amp;amp;pf_rd_p=6f84c098-94af-45c7-a44a-99e26ef133bb&amp;amp;pf_rd_i=desktop expected [true] but found [false],
	503 -:- https://www.amazon.ca/4-Compartment-Removable-Compartment-Appetizer-Condiments/dp/B07ZCZMLT6/ref=br_msw_pdt-11/136-3520004-6494548?_encoding=UTF8&amp;amp;smid=A2KGX69JZWA49Q&amp;amp;pf_rd_m=A3DWYIK6Y9EEQB&amp;amp;pf_rd_s=&amp;amp;pf_rd_r=T7KAFKBH2SZF3ZHV6G7C&amp;amp;pf_rd_t=36701&amp;amp;pf_rd_p=6f84c098-94af-45c7-a44a-99e26ef133bb&amp;amp;pf_rd_i=desktop expected [true] but found [false],
	503 -:- https://www.amazon.ca/Wood-Moisture-Meter-Detector-Pin-Type/dp/B07W54FD2D/ref=br_msw_pdt-12/136-3520004-6494548?_encoding=UTF8&amp;amp;smid=A2802XISIED1MC&amp;amp;pf_rd_m=A3DWYIK6Y9EEQB&amp;amp;pf_rd_s=&amp;amp;pf_rd_r=T7KAFKBH2SZF3ZHV6G7C&amp;amp;pf_rd_t=36701&amp;amp;pf_rd_p=6f84c098-94af-45c7-a44a-99e26ef133bb&amp;amp;pf_rd_i=desktop expected [true] but found [false],
	503 -:- https://www.amazon.ca/JIMIRE-False-Eyelashes-Fluffy-Lashes/dp/B07T9S1Z61/?_encoding=UTF8&amp;amp;pd_rd_w=xSfkG&amp;amp;pf_rd_p=b1cb93a1-144f-4758-8d16-f6e96914660a&amp;amp;pf_rd_r=T7KAFKBH2SZF3ZHV6G7C&amp;amp;pd_rd_r=a697e237-2106-442f-9084-1c03010e58f6&amp;amp;pd_rd_wg=a8ixs&amp;amp;ref_=pd_gw_trq_ed expected [true] but found [false],
	503 -:- https://www.amazon.ca/Enhances-Platinum-Sulfate-Conditioner-Bleached/dp/B07F1XK8WD/?_encoding=UTF8&amp;amp;pd_rd_w=xSfkG&amp;amp;pf_rd_p=b1cb93a1-144f-4758-8d16-f6e96914660a&amp;amp;pf_rd_r=T7KAFKBH2SZF3ZHV6G7C&amp;amp;pd_rd_r=a697e237-2106-442f-9084-1c03010e58f6&amp;amp;pd_rd_wg=a8ixs&amp;amp;ref_=pd_gw_trq_ed expected [true] but found [false],
	503 -:- https://www.amazon.ca/CeraVe-Moisturizing-Lightweight-Moisturizer-Milliliters/dp/B083GG19DS/?_encoding=UTF8&amp;amp;pd_rd_w=xSfkG&amp;amp;pf_rd_p=b1cb93a1-144f-4758-8d16-f6e96914660a&amp;amp;pf_rd_r=T7KAFKBH2SZF3ZHV6G7C&amp;amp;pd_rd_r=a697e237-2106-442f-9084-1c03010e58f6&amp;amp;pd_rd_wg=a8ixs&amp;amp;ref_=pd_gw_trq_ed expected [true] but found [false],
	503 -:- https://www.amazon.ca/Remington-Replacement-Screens-Cutters-Electric/dp/B00AMLHK00/?_encoding=UTF8&amp;amp;pd_rd_w=xSfkG&amp;amp;pf_rd_p=b1cb93a1-144f-4758-8d16-f6e96914660a&amp;amp;pf_rd_r=T7KAFKBH2SZF3ZHV6G7C&amp;amp;pd_rd_r=a697e237-2106-442f-9084-1c03010e58f6&amp;amp;pd_rd_wg=a8ixs&amp;amp;ref_=pd_gw_trq_ed expected [true] but found [false],
	503 -:- https://www.amazon.ca/ORS-Olive-Oil-Relaxer-No-Lye/dp/B00ON0BK6Q/?_encoding=UTF8&amp;amp;pd_rd_w=xSfkG&amp;amp;pf_rd_p=b1cb93a1-144f-4758-8d16-f6e96914660a&amp;amp;pf_rd_r=T7KAFKBH2SZF3ZHV6G7C&amp;amp;pd_rd_r=a697e237-2106-442f-9084-1c03010e58f6&amp;amp;pd_rd_wg=a8ixs&amp;amp;ref_=pd_gw_trq_ed expected [true] but found [false],
	503 -:- https://www.amazon.ca/b?node=18265351011 expected [true] but found [false],
	503 -:- https://www.amazon.ca/b?node=2055586011 expected [true] but found [false],
	503 -:- https://www.amazon.ca/Philips-Motion-Sensor-Compatible-Assistant/dp/B01KJYSOGI/?_encoding=UTF8&amp;amp;pd_rd_w=a4Noc&amp;amp;pf_rd_p=2878e438-72d8-47f3-993e-302dd02436ff&amp;amp;pf_rd_r=T7KAFKBH2SZF3ZHV6G7C&amp;amp;pd_rd_r=a697e237-2106-442f-9084-1c03010e58f6&amp;amp;pd_rd_wg=a8ixs&amp;amp;ref_=pd_gw_unk expected [true] but found [false],
	503 -:- https://www.amazon.ca/Nest-Outdoor-Surveillance-Camera-Amazon/dp/B01IOW8FQQ/?_encoding=UTF8&amp;amp;pd_rd_w=a4Noc&amp;amp;pf_rd_p=2878e438-72d8-47f3-993e-302dd02436ff&amp;amp;pf_rd_r=T7KAFKBH2SZF3ZHV6G7C&amp;amp;pd_rd_r=a697e237-2106-442f-9084-1c03010e58f6&amp;amp;pd_rd_wg=a8ixs&amp;amp;ref_=pd_gw_unk expected [true] but found [false],
	503 -:- https://www.amazon.ca/Nest-Indoor-Security-Camera-Amazon/dp/B00XJ59Q4E/?_encoding=UTF8&amp;amp;pd_rd_w=a4Noc&amp;amp;pf_rd_p=2878e438-72d8-47f3-993e-302dd02436ff&amp;amp;pf_rd_r=T7KAFKBH2SZF3ZHV6G7C&amp;amp;pd_rd_r=a697e237-2106-442f-9084-1c03010e58f6&amp;amp;pd_rd_wg=a8ixs&amp;amp;ref_=pd_gw_unk expected [true] but found [false],
	503 -:- https://www.amazon.ca/Linksys-AC1200-Wireless-Gigabit-EA6350-CA/dp/B00S0AQZFG/?_encoding=UTF8&amp;amp;pd_rd_w=a4Noc&amp;amp;pf_rd_p=2878e438-72d8-47f3-993e-302dd02436ff&amp;amp;pf_rd_r=T7KAFKBH2SZF3ZHV6G7C&amp;amp;pd_rd_r=a697e237-2106-442f-9084-1c03010e58f6&amp;amp;pd_rd_wg=a8ixs&amp;amp;ref_=pd_gw_unk expected [true] but found [false],
	503 -:- https://www.amazon.ca/b/?&amp;amp;node=2618860011&amp;amp;pd_rd_w=SV8hY&amp;amp;pf_rd_p=ca4446e4-1083-4d6c-9a85-b039bd62054b&amp;amp;pf_rd_r=T7KAFKBH2SZF3ZHV6G7C&amp;amp;pd_rd_r=a697e237-2106-442f-9084-1c03010e58f6&amp;amp;pd_rd_wg=a8ixs expected [true] but found [false],
	503 -:- https://www.amazon.ca/X-Men-Ultimate-Blu-ray-Digital-Bilingual/dp/B00KI2FYC4/?_encoding=UTF8&amp;amp;pd_rd_w=SV8hY&amp;amp;pf_rd_p=ca4446e4-1083-4d6c-9a85-b039bd62054b&amp;amp;pf_rd_r=T7KAFKBH2SZF3ZHV6G7C&amp;amp;pd_rd_r=a697e237-2106-442f-9084-1c03010e58f6&amp;amp;pd_rd_wg=a8ixs&amp;amp;ref_=pd_gw_unk expected [true] but found [false],
	503 -:- https://www.amazon.ca/Titanic-Blu-ray-Digital-Sous-titres-fran%C3%A7ais/dp/B007UPWIZ8/?_encoding=UTF8&amp;amp;pd_rd_w=SV8hY&amp;amp;pf_rd_p=ca4446e4-1083-4d6c-9a85-b039bd62054b&amp;amp;pf_rd_r=T7KAFKBH2SZF3ZHV6G7C&amp;amp;pd_rd_r=a697e237-2106-442f-9084-1c03010e58f6&amp;amp;pd_rd_wg=a8ixs&amp;amp;ref_=pd_gw_unk expected [true] but found [false],
	503 -:- https://www.amazon.ca/Westworld-Complete-Season-Blu-ray-Digital/dp/B073X2V62Y/?_encoding=UTF8&amp;amp;pd_rd_w=SV8hY&amp;amp;pf_rd_p=ca4446e4-1083-4d6c-9a85-b039bd62054b&amp;amp;pf_rd_r=T7KAFKBH2SZF3ZHV6G7C&amp;amp;pd_rd_r=a697e237-2106-442f-9084-1c03010e58f6&amp;amp;pd_rd_wg=a8ixs&amp;amp;ref_=pd_gw_unk expected [true] but found [false],
	503 -:- https://www.amazon.ca/Guardians-Galaxy-Blu-ray-Digital-Bilingual/dp/B06ZXWR8C5/?_encoding=UTF8&amp;amp;pd_rd_w=SV8hY&amp;amp;pf_rd_p=ca4446e4-1083-4d6c-9a85-b039bd62054b&amp;amp;pf_rd_r=T7KAFKBH2SZF3ZHV6G7C&amp;amp;pd_rd_r=a697e237-2106-442f-9084-1c03010e58f6&amp;amp;pd_rd_wg=a8ixs&amp;amp;ref_=pd_gw_unk expected [true] but found [false],
	503 -:- https://www.amazon.ca/dp/B08Y71W71Z/ref=ODS_GW_Lch_DDC_TAB_TP expected [true] but found [false],
	503 -:- https://www.amazon.ca/dp/B08F5Z44BV/ref=ODS_GW_Lch_DDC_TAB_TK expected [true] but found [false],
	503 -:- https://www.amazon.ca/That-70s-Show-Mila-Kunis/dp/B00BUWD7Y8/?_encoding=UTF8&amp;amp;pd_rd_w=2p5Uj&amp;amp;pf_rd_p=0d524680-5784-4706-81b2-6c35f269f5bd&amp;amp;pf_rd_r=T7KAFKBH2SZF3ZHV6G7C&amp;amp;pd_rd_r=a697e237-2106-442f-9084-1c03010e58f6&amp;amp;pd_rd_wg=a8ixs&amp;amp;ref_=pd_gw_crs_zg_bs_917972 expected [true] but found [false],
	503 -:- https://www.amazon.ca/Harry-Potter-Complete-Collection-Bilingual/dp/B005Q6TB44/?_encoding=UTF8&amp;amp;pd_rd_w=2p5Uj&amp;amp;pf_rd_p=0d524680-5784-4706-81b2-6c35f269f5bd&amp;amp;pf_rd_r=T7KAFKBH2SZF3ZHV6G7C&amp;amp;pd_rd_r=a697e237-2106-442f-9084-1c03010e58f6&amp;amp;pd_rd_wg=a8ixs&amp;amp;ref_=pd_gw_crs_zg_bs_917972 expected [true] but found [false],
	503 -:- https://www.amazon.ca/Complete-Collection-Seasons-Feature-Bilingual/dp/B07GRN3D7X/?_encoding=UTF8&amp;amp;pd_rd_w=2p5Uj&amp;amp;pf_rd_p=0d524680-5784-4706-81b2-6c35f269f5bd&amp;amp;pf_rd_r=T7KAFKBH2SZF3ZHV6G7C&amp;amp;pd_rd_r=a697e237-2106-442f-9084-1c03010e58f6&amp;amp;pd_rd_wg=a8ixs&amp;amp;ref_=pd_gw_crs_zg_bs_917972 expected [true] but found [false],
	503 -:- https://www.amazon.ca/GODZILLA-SHOWA-ERA-FILMS-1954-1975-Blu-ray/dp/B07VLJ9KB6/?_encoding=UTF8&amp;amp;pd_rd_w=2p5Uj&amp;amp;pf_rd_p=0d524680-5784-4706-81b2-6c35f269f5bd&amp;amp;pf_rd_r=T7KAFKBH2SZF3ZHV6G7C&amp;amp;pd_rd_r=a697e237-2106-442f-9084-1c03010e58f6&amp;amp;pd_rd_wg=a8ixs&amp;amp;ref_=pd_gw_crs_zg_bs_917972 expected [true] but found [false],
	503 -:- https://www.amazon.ca/Friends-Complete-Collection-Anniversary-Repackaged/dp/B07S86K91M/?_encoding=UTF8&amp;amp;pd_rd_w=2p5Uj&amp;amp;pf_rd_p=0d524680-5784-4706-81b2-6c35f269f5bd&amp;amp;pf_rd_r=T7KAFKBH2SZF3ZHV6G7C&amp;amp;pd_rd_r=a697e237-2106-442f-9084-1c03010e58f6&amp;amp;pd_rd_wg=a8ixs&amp;amp;ref_=pd_gw_crs_zg_bs_917972 expected [true] but found [false],
	503 -:- https://www.amazon.ca/Heartland-Complete-Thirteenth-Season-Bilingual/dp/B09175K6V9/?_encoding=UTF8&amp;amp;pd_rd_w=2p5Uj&amp;amp;pf_rd_p=0d524680-5784-4706-81b2-6c35f269f5bd&amp;amp;pf_rd_r=T7KAFKBH2SZF3ZHV6G7C&amp;amp;pd_rd_r=a697e237-2106-442f-9084-1c03010e58f6&amp;amp;pd_rd_wg=a8ixs&amp;amp;ref_=pd_gw_crs_zg_bs_917972 expected [true] but found [false],
	503 -:- https://www.amazon.ca/gp/help/customer/display.html?nodeId=200700220&amp;amp;ref_=footer_corpres expected [true] but found [false],
	503 -:- https://accelerator.amazon.ca/?ref_=map_1_b2b_GW_FT expected [true] but found [false],
	503 -:- https://www.amazon.ca/gp/browse.html?node=21371066011&amp;amp;ref_=footer_swp expected [true] but found [false],
	503 -:- https://www.amazon.ca/gp/gc/create?ref_=footer_reload_ca expected [true] but found [false],
	503 -:- https://www.amazon.ca/gp/browse.html?node=8438004011&amp;amp;ref_=footer_tfx_ca_en expected [true] but found [false],
	503 -:- https://www.amazon.ca/gp/browse.html?node=17321486011&amp;amp;ref_=footer_cash_ca_en expected [true] but found [false],
	503 -:- https://www.amazon.ca/gp/help/customer/display.html?nodeId=915470&amp;amp;ref_=footer_shiprates expected [true] but found [false],
	503 -:- https://www.amazon.ca/gp/browse.html?node=17351028011&amp;amp;ref_=footer_carenew expected [true] but found [false],
	503 -:- https://www.amazon.ca/gp/help/customer/display.html?nodeId=918816&amp;amp;ref_=footer_cou expected [true] but found [false],
	503 -:- https://www.amazon.ca/gp/help/customer/display.html?nodeId=202146130&amp;amp;ref_=footer_iba expected [true] but found [false]">
      <![CDATA[java.lang.AssertionError: The following asserts failed:
403 -:- https://www.amazon.ca/gp/css/homepage.html?ref_=nav_AccountFlyout_ya expected [true] but found [false],
403 -:- https://www.amazon.ca/business/register/org/landing?ref_=nav_AccountFlyout_b2b_reg expected [true] but found [false],
503 -:- https://www.amazon.ca/Health-Personal-Care/b/?ie=UTF8&node=6205177011&ref_=nav_cs_hpc_389588d101974a76b1f2a1aec6148be2 expected [true] but found [false],
503 -:- https://www.amazon.ca/automotive/b/?ie=UTF8&node=6948389011&ref_=nav_cs_automotive_df4975bd27a649d59f0a0f346158957a expected [true] but found [false],
503 -:- https://www.amazon.ca/b?node=12218500011 expected [true] but found [false],
503 -:- https://www.amazon.ca/b?node=9833876011&ref_=gw_blb_gwc_unrec_2_outlet expected [true] but found [false],
503 -:- https://www.amazon.ca/Hanes-O9264-Womens-Jersey-Short/dp/B016YKHX1S/?_encoding=UTF8&pd_rd_w=xObUj&pf_rd_p=f95190d3-1242-461e-9e1e-c9293cea0789&pf_rd_r=T7KAFKBH2SZF3ZHV6G7C&pd_rd_r=a697e237-2106-442f-9084-1c03010e58f6&pd_rd_wg=a8ixs&ref_=pd_gw_crs_zg_bs_8604903011 expected [true] but found [false],
503 -:- https://www.amazon.ca/Amazon-Essentials-Standard-Pack-Performance/dp/B078VYC8WD/?_encoding=UTF8&pd_rd_w=xObUj&pf_rd_p=f95190d3-1242-461e-9e1e-c9293cea0789&pf_rd_r=T7KAFKBH2SZF3ZHV6G7C&pd_rd_r=a697e237-2106-442f-9084-1c03010e58f6&pd_rd_wg=a8ixs&ref_=pd_gw_crs_zg_bs_8604903011 expected [true] but found [false],
503 -:- https://www.amazon.ca/ALONG-FIT-Pockets-Compression-Leggings/dp/B081FHQ1MN/?_encoding=UTF8&pd_rd_w=xObUj&pf_rd_p=f95190d3-1242-461e-9e1e-c9293cea0789&pf_rd_r=T7KAFKBH2SZF3ZHV6G7C&pd_rd_r=a697e237-2106-442f-9084-1c03010e58f6&pd_rd_wg=a8ixs&ref_=pd_gw_crs_zg_bs_8604903011 expected [true] but found [false],
503 -:- https://www.amazon.ca/Sunzel-Control-Athletic-Workout-Pockets/dp/B07VFVLFD4/?_encoding=UTF8&pd_rd_w=xObUj&pf_rd_p=f95190d3-1242-461e-9e1e-c9293cea0789&pf_rd_r=T7KAFKBH2SZF3ZHV6G7C&pd_rd_r=a697e237-2106-442f-9084-1c03010e58f6&pd_rd_wg=a8ixs&ref_=pd_gw_crs_zg_bs_8604903011 expected [true] but found [false],
503 -:- https://www.amazon.ca/Wrangler-Authentics-Premium-Twill-Cargo/dp/B00XKXI380/?_encoding=UTF8&pd_rd_w=xObUj&pf_rd_p=f95190d3-1242-461e-9e1e-c9293cea0789&pf_rd_r=T7KAFKBH2SZF3ZHV6G7C&pd_rd_r=a697e237-2106-442f-9084-1c03010e58f6&pd_rd_wg=a8ixs&ref_=pd_gw_crs_zg_bs_8604903011 expected [true] but found [false],
503 -:- https://www.amazon.ca/wirarpa-Womens-Underwear-Leggings-Multipack/dp/B07H3J8CDN/?_encoding=UTF8&pd_rd_w=xObUj&pf_rd_p=f95190d3-1242-461e-9e1e-c9293cea0789&pf_rd_r=T7KAFKBH2SZF3ZHV6G7C&pd_rd_r=a697e237-2106-442f-9084-1c03010e58f6&pd_rd_wg=a8ixs&ref_=pd_gw_crs_zg_bs_8604903011 expected [true] but found [false],
503 -:- https://www.amazon.ca/TEXFIT-2-Pack-Pockets-Athletic-Stretch/dp/B085XBPM1C/?_encoding=UTF8&pd_rd_w=xObUj&pf_rd_p=f95190d3-1242-461e-9e1e-c9293cea0789&pf_rd_r=T7KAFKBH2SZF3ZHV6G7C&pd_rd_r=a697e237-2106-442f-9084-1c03010e58f6&pd_rd_wg=a8ixs&ref_=pd_gw_crs_zg_bs_8604903011 expected [true] but found [false],
503 -:- https://www.amazon.ca/TEXFIT-Active-Sport-Quick-T-Shirts/dp/B07SBH7BN8/?_encoding=UTF8&pd_rd_w=xObUj&pf_rd_p=f95190d3-1242-461e-9e1e-c9293cea0789&pf_rd_r=T7KAFKBH2SZF3ZHV6G7C&pd_rd_r=a697e237-2106-442f-9084-1c03010e58f6&pd_rd_wg=a8ixs&ref_=pd_gw_crs_zg_bs_8604903011 expected [true] but found [false],
503 -:- https://www.amazon.ca/Jan-Jul-Adventure-Chin-Strap-Adjustable/dp/B08YPGM1RJ/?_encoding=UTF8&pd_rd_w=xObUj&pf_rd_p=f95190d3-1242-461e-9e1e-c9293cea0789&pf_rd_r=T7KAFKBH2SZF3ZHV6G7C&pd_rd_r=a697e237-2106-442f-9084-1c03010e58f6&pd_rd_wg=a8ixs&ref_=pd_gw_crs_zg_bs_8604903011 expected [true] but found [false],
503 -:- https://www.amazon.ca/Nintendo-HACAFSSKA-Switch-Pro-Controller/dp/B01NAWKYZ0/?_encoding=UTF8&pd_rd_w=WqwHg&pf_rd_p=0d524680-5784-4706-81b2-6c35f269f5bd&pf_rd_r=T7KAFKBH2SZF3ZHV6G7C&pd_rd_r=a697e237-2106-442f-9084-1c03010e58f6&pd_rd_wg=a8ixs&ref_=pd_gw_crs_zg_bs_3198031 expected [true] but found [false],
503 -:- https://www.amazon.ca/Nintendo-HCCPACBAA-Animal-Crossing-Horizons/dp/B0812KNJDD/?_encoding=UTF8&pd_rd_w=WqwHg&pf_rd_p=0d524680-5784-4706-81b2-6c35f269f5bd&pf_rd_r=T7KAFKBH2SZF3ZHV6G7C&pd_rd_r=a697e237-2106-442f-9084-1c03010e58f6&pd_rd_wg=a8ixs&ref_=pd_gw_crs_zg_bs_3198031 expected [true] but found [false],
503 -:- https://www.amazon.ca/Ring-Fit-Adventure-Nintendo-Switch/dp/B07XV4NHHN/?_encoding=UTF8&pd_rd_w=WqwHg&pf_rd_p=0d524680-5784-4706-81b2-6c35f269f5bd&pf_rd_r=T7KAFKBH2SZF3ZHV6G7C&pd_rd_r=a697e237-2106-442f-9084-1c03010e58f6&pd_rd_wg=a8ixs&ref_=pd_gw_crs_zg_bs_3198031 expected [true] but found [false],
503 -:- https://www.amazon.ca/Beexcellent-Headphones-Cancelling-Microphone-Smartphone/dp/B0777KYQS7/?_encoding=UTF8&pd_rd_w=WqwHg&pf_rd_p=0d524680-5784-4706-81b2-6c35f269f5bd&pf_rd_r=T7KAFKBH2SZF3ZHV6G7C&pd_rd_r=a697e237-2106-442f-9084-1c03010e58f6&pd_rd_wg=a8ixs&ref_=pd_gw_crs_zg_bs_3198031 expected [true] but found [false],
503 -:- https://www.amazon.ca/Super-Mario-Maker-2-Standard/dp/B07P6ZT3M4/?_encoding=UTF8&pd_rd_w=WqwHg&pf_rd_p=0d524680-5784-4706-81b2-6c35f269f5bd&pf_rd_r=T7KAFKBH2SZF3ZHV6G7C&pd_rd_r=a697e237-2106-442f-9084-1c03010e58f6&pd_rd_wg=a8ixs&ref_=pd_gw_crs_zg_bs_3198031 expected [true] but found [false],
503 -:- https://www.amazon.ca/Legend-Zelda-Links-Awakening/dp/B07SZ3V193/?_encoding=UTF8&pd_rd_w=WqwHg&pf_rd_p=0d524680-5784-4706-81b2-6c35f269f5bd&pf_rd_r=T7KAFKBH2SZF3ZHV6G7C&pd_rd_r=a697e237-2106-442f-9084-1c03010e58f6&pd_rd_wg=a8ixs&ref_=pd_gw_crs_zg_bs_3198031 expected [true] but found [false],
503 -:- https://www.amazon.ca/b/ref=OUT_OD_DSC_D_EN_CA?node=9833876011 expected [true] but found [false],
503 -:- https://www.amazon.ca/Plantar-Fasciitis-Support-Insoles-Inserts/dp/B07SGJKRJV/ref=br_msw_pdt-3/136-3520004-6494548?_encoding=UTF8&smid=A309S6SDI6XXHQ&pf_rd_m=A3DWYIK6Y9EEQB&pf_rd_s=&pf_rd_r=T7KAFKBH2SZF3ZHV6G7C&pf_rd_t=36701&pf_rd_p=6f84c098-94af-45c7-a44a-99e26ef133bb&pf_rd_i=desktop expected [true] but found [false],
503 -:- https://www.amazon.ca/Qooltek-Multipurpose-Horizontal-Vertical-Adjusted/dp/B00PQ4PJYC/ref=br_msw_pdt-6/136-3520004-6494548?_encoding=UTF8&smid=A1SDOXXJN37EW9&pf_rd_m=A3DWYIK6Y9EEQB&pf_rd_s=&pf_rd_r=T7KAFKBH2SZF3ZHV6G7C&pf_rd_t=36701&pf_rd_p=6f84c098-94af-45c7-a44a-99e26ef133bb&pf_rd_i=desktop expected [true] but found [false],
503 -:- https://www.amazon.ca/ZAP-Mini-Bug-Zapper-Rechargeable/dp/B07CKYT9Z6/ref=br_msw_pdt-9/136-3520004-6494548?_encoding=UTF8&smid=A3A9LCHPCTOCF1&pf_rd_m=A3DWYIK6Y9EEQB&pf_rd_s=&pf_rd_r=T7KAFKBH2SZF3ZHV6G7C&pf_rd_t=36701&pf_rd_p=6f84c098-94af-45c7-a44a-99e26ef133bb&pf_rd_i=desktop expected [true] but found [false],
503 -:- https://www.amazon.ca/4-Compartment-Removable-Compartment-Appetizer-Condiments/dp/B07ZCZMLT6/ref=br_msw_pdt-11/136-3520004-6494548?_encoding=UTF8&smid=A2KGX69JZWA49Q&pf_rd_m=A3DWYIK6Y9EEQB&pf_rd_s=&pf_rd_r=T7KAFKBH2SZF3ZHV6G7C&pf_rd_t=36701&pf_rd_p=6f84c098-94af-45c7-a44a-99e26ef133bb&pf_rd_i=desktop expected [true] but found [false],
503 -:- https://www.amazon.ca/Wood-Moisture-Meter-Detector-Pin-Type/dp/B07W54FD2D/ref=br_msw_pdt-12/136-3520004-6494548?_encoding=UTF8&smid=A2802XISIED1MC&pf_rd_m=A3DWYIK6Y9EEQB&pf_rd_s=&pf_rd_r=T7KAFKBH2SZF3ZHV6G7C&pf_rd_t=36701&pf_rd_p=6f84c098-94af-45c7-a44a-99e26ef133bb&pf_rd_i=desktop expected [true] but found [false],
503 -:- https://www.amazon.ca/JIMIRE-False-Eyelashes-Fluffy-Lashes/dp/B07T9S1Z61/?_encoding=UTF8&pd_rd_w=xSfkG&pf_rd_p=b1cb93a1-144f-4758-8d16-f6e96914660a&pf_rd_r=T7KAFKBH2SZF3ZHV6G7C&pd_rd_r=a697e237-2106-442f-9084-1c03010e58f6&pd_rd_wg=a8ixs&ref_=pd_gw_trq_ed expected [true] but found [false],
503 -:- https://www.amazon.ca/Enhances-Platinum-Sulfate-Conditioner-Bleached/dp/B07F1XK8WD/?_encoding=UTF8&pd_rd_w=xSfkG&pf_rd_p=b1cb93a1-144f-4758-8d16-f6e96914660a&pf_rd_r=T7KAFKBH2SZF3ZHV6G7C&pd_rd_r=a697e237-2106-442f-9084-1c03010e58f6&pd_rd_wg=a8ixs&ref_=pd_gw_trq_ed expected [true] but found [false],
503 -:- https://www.amazon.ca/CeraVe-Moisturizing-Lightweight-Moisturizer-Milliliters/dp/B083GG19DS/?_encoding=UTF8&pd_rd_w=xSfkG&pf_rd_p=b1cb93a1-144f-4758-8d16-f6e96914660a&pf_rd_r=T7KAFKBH2SZF3ZHV6G7C&pd_rd_r=a697e237-2106-442f-9084-1c03010e58f6&pd_rd_wg=a8ixs&ref_=pd_gw_trq_ed expected [true] but found [false],
503 -:- https://www.amazon.ca/Remington-Replacement-Screens-Cutters-Electric/dp/B00AMLHK00/?_encoding=UTF8&pd_rd_w=xSfkG&pf_rd_p=b1cb93a1-144f-4758-8d16-f6e96914660a&pf_rd_r=T7KAFKBH2SZF3ZHV6G7C&pd_rd_r=a697e237-2106-442f-9084-1c03010e58f6&pd_rd_wg=a8ixs&ref_=pd_gw_trq_ed expected [true] but found [false],
503 -:- https://www.amazon.ca/ORS-Olive-Oil-Relaxer-No-Lye/dp/B00ON0BK6Q/?_encoding=UTF8&pd_rd_w=xSfkG&pf_rd_p=b1cb93a1-144f-4758-8d16-f6e96914660a&pf_rd_r=T7KAFKBH2SZF3ZHV6G7C&pd_rd_r=a697e237-2106-442f-9084-1c03010e58f6&pd_rd_wg=a8ixs&ref_=pd_gw_trq_ed expected [true] but found [false],
503 -:- https://www.amazon.ca/b?node=18265351011 expected [true] but found [false],
503 -:- https://www.amazon.ca/b?node=2055586011 expected [true] but found [false],
503 -:- https://www.amazon.ca/Philips-Motion-Sensor-Compatible-Assistant/dp/B01KJYSOGI/?_encoding=UTF8&pd_rd_w=a4Noc&pf_rd_p=2878e438-72d8-47f3-993e-302dd02436ff&pf_rd_r=T7KAFKBH2SZF3ZHV6G7C&pd_rd_r=a697e237-2106-442f-9084-1c03010e58f6&pd_rd_wg=a8ixs&ref_=pd_gw_unk expected [true] but found [false],
503 -:- https://www.amazon.ca/Nest-Outdoor-Surveillance-Camera-Amazon/dp/B01IOW8FQQ/?_encoding=UTF8&pd_rd_w=a4Noc&pf_rd_p=2878e438-72d8-47f3-993e-302dd02436ff&pf_rd_r=T7KAFKBH2SZF3ZHV6G7C&pd_rd_r=a697e237-2106-442f-9084-1c03010e58f6&pd_rd_wg=a8ixs&ref_=pd_gw_unk expected [true] but found [false],
503 -:- https://www.amazon.ca/Nest-Indoor-Security-Camera-Amazon/dp/B00XJ59Q4E/?_encoding=UTF8&pd_rd_w=a4Noc&pf_rd_p=2878e438-72d8-47f3-993e-302dd02436ff&pf_rd_r=T7KAFKBH2SZF3ZHV6G7C&pd_rd_r=a697e237-2106-442f-9084-1c03010e58f6&pd_rd_wg=a8ixs&ref_=pd_gw_unk expected [true] but found [false],
503 -:- https://www.amazon.ca/Linksys-AC1200-Wireless-Gigabit-EA6350-CA/dp/B00S0AQZFG/?_encoding=UTF8&pd_rd_w=a4Noc&pf_rd_p=2878e438-72d8-47f3-993e-302dd02436ff&pf_rd_r=T7KAFKBH2SZF3ZHV6G7C&pd_rd_r=a697e237-2106-442f-9084-1c03010e58f6&pd_rd_wg=a8ixs&ref_=pd_gw_unk expected [true] but found [false],
503 -:- https://www.amazon.ca/b/?&node=2618860011&pd_rd_w=SV8hY&pf_rd_p=ca4446e4-1083-4d6c-9a85-b039bd62054b&pf_rd_r=T7KAFKBH2SZF3ZHV6G7C&pd_rd_r=a697e237-2106-442f-9084-1c03010e58f6&pd_rd_wg=a8ixs expected [true] but found [false],
503 -:- https://www.amazon.ca/X-Men-Ultimate-Blu-ray-Digital-Bilingual/dp/B00KI2FYC4/?_encoding=UTF8&pd_rd_w=SV8hY&pf_rd_p=ca4446e4-1083-4d6c-9a85-b039bd62054b&pf_rd_r=T7KAFKBH2SZF3ZHV6G7C&pd_rd_r=a697e237-2106-442f-9084-1c03010e58f6&pd_rd_wg=a8ixs&ref_=pd_gw_unk expected [true] but found [false],
503 -:- https://www.amazon.ca/Titanic-Blu-ray-Digital-Sous-titres-fran%C3%A7ais/dp/B007UPWIZ8/?_encoding=UTF8&pd_rd_w=SV8hY&pf_rd_p=ca4446e4-1083-4d6c-9a85-b039bd62054b&pf_rd_r=T7KAFKBH2SZF3ZHV6G7C&pd_rd_r=a697e237-2106-442f-9084-1c03010e58f6&pd_rd_wg=a8ixs&ref_=pd_gw_unk expected [true] but found [false],
503 -:- https://www.amazon.ca/Westworld-Complete-Season-Blu-ray-Digital/dp/B073X2V62Y/?_encoding=UTF8&pd_rd_w=SV8hY&pf_rd_p=ca4446e4-1083-4d6c-9a85-b039bd62054b&pf_rd_r=T7KAFKBH2SZF3ZHV6G7C&pd_rd_r=a697e237-2106-442f-9084-1c03010e58f6&pd_rd_wg=a8ixs&ref_=pd_gw_unk expected [true] but found [false],
503 -:- https://www.amazon.ca/Guardians-Galaxy-Blu-ray-Digital-Bilingual/dp/B06ZXWR8C5/?_encoding=UTF8&pd_rd_w=SV8hY&pf_rd_p=ca4446e4-1083-4d6c-9a85-b039bd62054b&pf_rd_r=T7KAFKBH2SZF3ZHV6G7C&pd_rd_r=a697e237-2106-442f-9084-1c03010e58f6&pd_rd_wg=a8ixs&ref_=pd_gw_unk expected [true] but found [false],
503 -:- https://www.amazon.ca/dp/B08Y71W71Z/ref=ODS_GW_Lch_DDC_TAB_TP expected [true] but found [false],
503 -:- https://www.amazon.ca/dp/B08F5Z44BV/ref=ODS_GW_Lch_DDC_TAB_TK expected [true] but found [false],
503 -:- https://www.amazon.ca/That-70s-Show-Mila-Kunis/dp/B00BUWD7Y8/?_encoding=UTF8&pd_rd_w=2p5Uj&pf_rd_p=0d524680-5784-4706-81b2-6c35f269f5bd&pf_rd_r=T7KAFKBH2SZF3ZHV6G7C&pd_rd_r=a697e237-2106-442f-9084-1c03010e58f6&pd_rd_wg=a8ixs&ref_=pd_gw_crs_zg_bs_917972 expected [true] but found [false],
503 -:- https://www.amazon.ca/Harry-Potter-Complete-Collection-Bilingual/dp/B005Q6TB44/?_encoding=UTF8&pd_rd_w=2p5Uj&pf_rd_p=0d524680-5784-4706-81b2-6c35f269f5bd&pf_rd_r=T7KAFKBH2SZF3ZHV6G7C&pd_rd_r=a697e237-2106-442f-9084-1c03010e58f6&pd_rd_wg=a8ixs&ref_=pd_gw_crs_zg_bs_917972 expected [true] but found [false],
503 -:- https://www.amazon.ca/Complete-Collection-Seasons-Feature-Bilingual/dp/B07GRN3D7X/?_encoding=UTF8&pd_rd_w=2p5Uj&pf_rd_p=0d524680-5784-4706-81b2-6c35f269f5bd&pf_rd_r=T7KAFKBH2SZF3ZHV6G7C&pd_rd_r=a697e237-2106-442f-9084-1c03010e58f6&pd_rd_wg=a8ixs&ref_=pd_gw_crs_zg_bs_917972 expected [true] but found [false],
503 -:- https://www.amazon.ca/GODZILLA-SHOWA-ERA-FILMS-1954-1975-Blu-ray/dp/B07VLJ9KB6/?_encoding=UTF8&pd_rd_w=2p5Uj&pf_rd_p=0d524680-5784-4706-81b2-6c35f269f5bd&pf_rd_r=T7KAFKBH2SZF3ZHV6G7C&pd_rd_r=a697e237-2106-442f-9084-1c03010e58f6&pd_rd_wg=a8ixs&ref_=pd_gw_crs_zg_bs_917972 expected [true] but found [false],
503 -:- https://www.amazon.ca/Friends-Complete-Collection-Anniversary-Repackaged/dp/B07S86K91M/?_encoding=UTF8&pd_rd_w=2p5Uj&pf_rd_p=0d524680-5784-4706-81b2-6c35f269f5bd&pf_rd_r=T7KAFKBH2SZF3ZHV6G7C&pd_rd_r=a697e237-2106-442f-9084-1c03010e58f6&pd_rd_wg=a8ixs&ref_=pd_gw_crs_zg_bs_917972 expected [true] but found [false],
503 -:- https://www.amazon.ca/Heartland-Complete-Thirteenth-Season-Bilingual/dp/B09175K6V9/?_encoding=UTF8&pd_rd_w=2p5Uj&pf_rd_p=0d524680-5784-4706-81b2-6c35f269f5bd&pf_rd_r=T7KAFKBH2SZF3ZHV6G7C&pd_rd_r=a697e237-2106-442f-9084-1c03010e58f6&pd_rd_wg=a8ixs&ref_=pd_gw_crs_zg_bs_917972 expected [true] but found [false],
503 -:- https://www.amazon.ca/gp/help/customer/display.html?nodeId=200700220&ref_=footer_corpres expected [true] but found [false],
503 -:- https://accelerator.amazon.ca/?ref_=map_1_b2b_GW_FT expected [true] but found [false],
503 -:- https://www.amazon.ca/gp/browse.html?node=21371066011&ref_=footer_swp expected [true] but found [false],
503 -:- https://www.amazon.ca/gp/gc/create?ref_=footer_reload_ca expected [true] but found [false],
503 -:- https://www.amazon.ca/gp/browse.html?node=8438004011&ref_=footer_tfx_ca_en expected [true] but found [false],
503 -:- https://www.amazon.ca/gp/browse.html?node=17321486011&ref_=footer_cash_ca_en expected [true] but found [false],
503 -:- https://www.amazon.ca/gp/help/customer/display.html?nodeId=915470&ref_=footer_shiprates expected [true] but found [false],
503 -:- https://www.amazon.ca/gp/browse.html?node=17351028011&ref_=footer_carenew expected [true] but found [false],
503 -:- https://www.amazon.ca/gp/help/customer/display.html?nodeId=918816&ref_=footer_cou expected [true] but found [false],
503 -:- https://www.amazon.ca/gp/help/customer/display.html?nodeId=202146130&ref_=footer_iba expected [true] but found [false]
at testcases.HomePageAmaCheck.getAmountBrokenLinksOnPage(HomePageAmaCheck.java:83)
at java.base/java.util.ArrayList.forEach(ArrayList.java:1511)
at java.base/java.util.concurrent.FutureTask.run(FutureTask.java:264)
at java.base/java.util.concurrent.ThreadPoolExecutor.runWorker(ThreadPoolExecutor.java:1130)
at java.base/java.util.concurrent.ThreadPoolExecutor$Worker.run(ThreadPoolExecutor.java:630)
at java.base/java.lang.Thread.run(Thread.java:832)
... Removed 20 stack frames]]>
    </failure>
  </testcase> <!-- getAmountBrokenLinksOnPage -->
  <testcase classname="testcases.HomePageAmaCheck" name="getAmountBrokenLinksOnPage" time="175.869">
    <failure type="java.lang.NullPointerException" message="Cannot invoke &amp;quot;org.openqa.selenium.TakesScreenshot.getScreenshotAs(org.openqa.selenium.OutputType)&amp;quot; because &amp;quot;screenshot&amp;quot; is null">
      <![CDATA[java.lang.NullPointerException: Cannot invoke "org.openqa.selenium.TakesScreenshot.getScreenshotAs(org.openqa.selenium.OutputType)" because "screenshot" is null
at pageObjects.Initialization.takeScreenShot(Initialization.java:117)
at testcases.Listeners.onTestFailure(Listeners.java:40)
at java.base/java.util.ArrayList.forEach(ArrayList.java:1511)
at java.base/java.util.concurrent.FutureTask.run(FutureTask.java:264)
at java.base/java.util.concurrent.ThreadPoolExecutor.runWorker(ThreadPoolExecutor.java:1130)
at java.base/java.util.concurrent.ThreadPoolExecutor$Worker.run(ThreadPoolExecutor.java:630)
at java.base/java.lang.Thread.run(Thread.java:832)
... Removed 15 stack frames]]>
    </failure>
  </testcase> <!-- getAmountBrokenLinksOnPage -->
</testsuite> <!-- AmaHomePageCheck -->
