<?xml version="1.0" encoding="UTF-8"?>
<!-- Generated by org.testng.reporters.JUnitXMLReporter -->
<testsuite ignored="0" hostname="DESKTOP-1AO5130" failures="0" tests="14" name="FlightPageCheck" time="24.436" errors="0" timestamp="2021-05-17T23:07:49 EDT">
  <testcase classname="testcases.FlightFieldsValidation" name="airportFromFieldClick" time="0.09"/>
  <testcase classname="testcases.FlightFieldsValidation" name="airportFromSearchCheck" time="0.089"/>
  <testcase classname="testcases.FlightFieldsValidation" name="checkListAirsFrom" time="1.29"/>
  <testcase classname="testcases.FlightFieldsValidation" name="airportArrivalChoose" time="0.169"/>
  <testcase classname="testcases.FlightFieldsValidation" name="airportToFieldClick" time="0.153"/>
  <testcase classname="testcases.FlightFieldsValidation" name="airportToSearchCheck" time="0.088"/>
  <testcase classname="testcases.FlightFieldsValidation" name="checkListAirsTo" time="0.715"/>
  <testcase classname="testcases.FlightFieldsValidation" name="airportDestinationChoose" time="0.135"/>
  <testcase classname="testcases.FlightFieldsValidation" name="activeDateCheck" time="0.66"/>
  <testcase classname="testcases.FlightFieldsValidation" name="dateTripChoose" time="3.321"/>
  <testcase classname="testcases.FlightFieldsValidation" name="plusMinusDatesChoose" time="0.131"/>
  <testcase classname="testcases.FlightFieldsValidation" name="languageChoose" time="0.114"/>
  <testcase classname="testcases.FlightFieldsValidation" name="chooseTravelAirline" time="0.22"/>
  <testcase classname="testcases.FlightFieldsValidation" name="buttonSearchClick" time="4.718"/>
</testsuite> <!-- FlightPageCheck -->
