<?xml version="1.0" encoding="UTF-8"?>
<!-- Generated by org.testng.reporters.JUnitXMLReporter -->
<testsuite ignored="1" hostname="DESKTOP-1AO5130" failures="0" tests="25" name="OnlineShopAppHomePage" time="86.64" errors="0" timestamp="2021-05-17T23:08:52 EDT">
  <testcase classname="testcases.TopDealsValidation" name="dealButtonClick" time="0.238"/>
  <testcase classname="testcases.HomePageSearchValidation" name="getSearchField" time="1.232"/>
  <testcase classname="testcases.HomePageSearchValidation" name="getSearchField" time="0.95"/>
  <testcase classname="testcases.HomePageSearchValidation" name="getSearchField" time="0.943"/>
  <testcase classname="testcases.HomePageSearchValidation" name="getSearchField" time="0.925"/>
  <testcase classname="testcases.HomePageSearchValidation" name="getSearchField" time="0.882"/>
  <testcase classname="testcases.HomePageValidation" name="numberOfItemsValidation" time="0.017"/>
  <testcase classname="testcases.TopDealsValidation" name="clickPageButton" time="0.091"/>
  <testcase classname="testcases.TopDealsValidation" name="checkDisableDefaultsFirstButton" time="0.039"/>
  <testcase classname="testcases.HomePageValidation" name="chooseItemsToCart" time="29.585"/>
  <testcase classname="testcases.TopDealsValidation" name="checkNumberItemsDefaultOnPage" time="0.071"/>
  <testcase classname="testcases.HomePageValidation" name="clickGoToCartButton" time="0.052"/>
  <testcase classname="testcases.TopDealsValidation" name="checkNumberItemsInTable" time="0.071"/>
  <testcase classname="testcases.HomePageValidation" name="getProductsNumberInCart" time="0.262"/>
  <testcase classname="testcases.TopDealsValidation" name="checkOrderOfItemsByDefault" time="0.105"/>
  <testcase classname="testcases.HomePageValidation" name="pushCartButton" time="1.222"/>
  <testcase classname="testcases.TopDealsValidation" name="checkOrderItemsAfterArrowClick" time="0.148"/>
  <testcase classname="testcases.HomePageValidation" name="totalAmountCompare" time="0.129"/>
  <testcase classname="testcases.TopDealsValidation" name="checkEnableButtons" time="0.011"/>
  <testcase classname="testcases.HomePageValidation" name="setPromoCode" time="23.793"/>
  <testcase classname="testcases.HomePageValidation" name="chooseCountry" time="0.357"/>
  <testcase classname="testcases.TopDealsValidation" name="getButtonsText" time="2.598"/>
  <testcase classname="testcases.HomePageValidation" name="clickAgreeCheckBox" time="0.042"/>
  <testcase classname="testcases.HomePageValidation" name="clickProceedButton" time="0.042"/>
  <testcase classname="testcases.HomePageValidation" name="checkSuccessText" time="0.022"/>
  <testcase classname="testcases.HomePageValidation" name="listOfProductsValidation" time="0.0">
    <ignored/>
  </testcase> <!-- listOfProductsValidation -->
</testsuite> <!-- OnlineShopAppHomePage -->
