<?xml version="1.0" encoding="UTF-8"?>
<!-- Generated by org.testng.reporters.JUnitXMLReporter -->
<testsuite ignored="3" hostname="DESKTOP-1AO5130" failures="0" tests="40" name="OnlineShopApp" time="245.487" errors="0" timestamp="2021-05-14T23:02:09 EDT">
  <testcase classname="testcases.FlightFieldsValidation" name="airportFromFieldClick" time="0.115"/>
  <testcase classname="testcases.TopDealsValidation" name="dealButtonClick" time="0.105"/>
  <testcase classname="testcases.HomePageAmaCheck" name="getAmountBrokenLinksOnPage" time="139.312"/>
  <testcase classname="testcases.HomePageSearchValidation" name="getSearchField" time="0.737"/>
  <testcase classname="testcases.HomePageSearchValidation" name="getSearchField" time="0.697"/>
  <testcase classname="testcases.HomePageSearchValidation" name="getSearchField" time="0.68"/>
  <testcase classname="testcases.HomePageSearchValidation" name="getSearchField" time="0.702"/>
  <testcase classname="testcases.HomePageSearchValidation" name="getSearchField" time="0.718"/>
  <testcase classname="testcases.HomePageValidation" name="numberOfItemsValidation" time="0.014"/>
  <testcase classname="testcases.FlightFieldsValidation" name="airportFromSearchCheck" time="0.156"/>
  <testcase classname="testcases.TopDealsValidation" name="clickPageButton" time="0.067"/>
  <testcase classname="testcases.TopDealsValidation" name="checkDisableDefaultsFirstButton" time="0.036"/>
  <testcase classname="testcases.FlightFieldsValidation" name="checkListAirsFrom" time="0.667"/>
  <testcase classname="testcases.HomePageValidation" name="chooseItemsToCart" time="29.94"/>
  <testcase classname="testcases.FlightFieldsValidation" name="airportArrivalChoose" time="0.099"/>
  <testcase classname="testcases.TopDealsValidation" name="checkNumberItemsDefaultOnPage" time="0.07"/>
  <testcase classname="testcases.HomePageValidation" name="clickGoToCartButton" time="0.067"/>
  <testcase classname="testcases.FlightFieldsValidation" name="airportToFieldClick" time="0.062"/>
  <testcase classname="testcases.TopDealsValidation" name="checkNumberItemsInTable" time="0.056"/>
  <testcase classname="testcases.HomePageValidation" name="getProductsNumberInCart" time="0.277"/>
  <testcase classname="testcases.FlightFieldsValidation" name="airportToSearchCheck" time="0.036"/>
  <testcase classname="testcases.TopDealsValidation" name="checkOrderOfItemsByDefault" time="0.098"/>
  <testcase classname="testcases.FlightFieldsValidation" name="checkListAirsTo" time="0.613"/>
  <testcase classname="testcases.TopDealsValidation" name="checkOrderItemsAfterArrowClick" time="0.14"/>
  <testcase classname="testcases.HomePageValidation" name="pushCartButton" time="1.251"/>
  <testcase classname="testcases.FlightFieldsValidation" name="airportDestinationChoose" time="0.049"/>
  <testcase classname="testcases.TopDealsValidation" name="checkEnableButtons" time="0.011"/>
  <testcase classname="testcases.FlightFieldsValidation" name="activeDateCheck" time="0.157"/>
  <testcase classname="testcases.TopDealsValidation" name="getButtonsText" time="2.503"/>
  <testcase classname="testcases.HomePageValidation" name="totalAmountCompare" time="0.139"/>
  <testcase classname="testcases.FlightFieldsValidation" name="dateTripChoose" time="1.704"/>
  <testcase classname="testcases.FlightFieldsValidation" name="plusMinusDatesChoose" time="0.089"/>
  <testcase classname="testcases.HomePageValidation" name="setPromoCode" time="24.257"/>
  <testcase classname="testcases.HomePageValidation" name="chooseCountry" time="0.366"/>
  <testcase classname="testcases.FlightFieldsValidation" name="languageChoose" time="0.108"/>
  <testcase classname="testcases.FlightFieldsValidation" name="chooseTravelAirline" time="0.077"/>
  <testcase classname="testcases.HomePageValidation" name="clickAgreeCheckBox" time="0.049"/>
  <testcase classname="testcases.FlightFieldsValidation" name="buttonSearchClick" time="3.423"/>
  <testcase classname="testcases.HomePageValidation" name="clickProceedButton" time="0.074"/>
  <testcase classname="testcases.HomePageValidation" name="checkSuccessText" time="0.028"/>
  <testcase classname="testcases.HomePageValidation" name="listOfProductsValidation" time="0.0">
    <ignored/>
  </testcase> <!-- listOfProductsValidation -->
  <testcase classname="testcases.HomePageValidation" name="screenShotHomePage" time="0.0">
    <ignored/>
  </testcase> <!-- screenShotHomePage -->
  <testcase classname="testcases.HomePageValidation" name="screenShotCartPage" time="0.0">
    <ignored/>
  </testcase> <!-- screenShotCartPage -->
</testsuite> <!-- OnlineShopApp -->
