<?xml version="1.0" encoding="UTF-8"?>
<!-- Generated by org.testng.reporters.JUnitReportReporter -->
<testsuite hostname="DESKTOP-1AO5130" failures="1" tests="1" name="testcases.HomePageAmaCheck" time="118.115" errors="0" timestamp="2021-05-18T18:14:11 EDT" skipped="0">
  <testcase classname="testcases.HomePageAmaCheck" name="getAmountBrokenLinksOnPage" time="118.115">
    <failure message="The following asserts failed:
	503 -:- https://www.amazon.ca/ref=nav_logo expected [true] but found [false],
	503 -:- https://www.amazon.ca/gp/cart/view.html?ref_=nav_cart expected [true] but found [false],
	403 -:- https://www.amazon.ca/gp/css/homepage.html?ref_=nav_AccountFlyout_ya expected [true] but found [false],
	503 -:- https://www.amazon.ca/dp/B07MJM4F44?plattr=CACBCCNAVACC&amp;ref_=nav_cbcc_ca_account expected [true] but found [false],
	403 -:- https://www.amazon.ca/business/register/org/landing?ref_=nav_AccountFlyout_b2b_reg expected [true] but found [false],
	503 -:- https://www.amazon.ca/Best-Sellers-generic/zgbs/?ref_=nav_cs_bestsellers_5e07a0361d744326ae799da4b354adca expected [true] but found [false],
	503 -:- https://www.amazon.ca/Electronics-Accessories/b/?ie=UTF8&amp;node=667823011&amp;ref_=nav_cs_electronics_c9778bce4052480ab5f93f798f2de848 expected [true] but found [false],
	503 -:- https://www.amazon.ca/gp/browse.html?node=2206275011&amp;ref_=nav_cs_home_e30810812540476da315f95f4c1cba0c expected [true] but found [false],
	503 -:- https://www.amazon.ca/books-used-books-textbooks/b/?ie=UTF8&amp;node=916520&amp;ref_=nav_cs_books_cfb4c7d7199e41ea967973a464d2fa4c expected [true] but found [false],
	503 -:- https://www.amazon.ca/Computers-Accessories/b/?ie=UTF8&amp;node=2404990011&amp;ref_=nav_cs_pc_8ec80b6bbe6340c89729e8a4f68f684d expected [true] but found [false],
	503 -:- https://www.amazon.ca/gp/browse.html?node=9230166011&amp;ref_=nav_cs_gc_521dead25f684fd0b0c54d72ee7ac2c9 expected [true] but found [false],
	503 -:- https://www.amazon.ca/Health-Personal-Care/b/?ie=UTF8&amp;node=6205177011&amp;ref_=nav_cs_hpc_389588d101974a76b1f2a1aec6148be2 expected [true] but found [false],
	503 -:- https://www.amazon.ca/gp/browse.html?node=21204935011&amp;ref_=nav_cs_fashion_e530da5716f3463aac61c1c214fede3b expected [true] but found [false],
	503 -:- https://www.amazon.ca/video-games-hardware-accessories/b/?ie=UTF8&amp;node=3198031&amp;ref_=nav_cs_video_games_96df7f31fc134377b70784ea57f4ff5c expected [true] but found [false],
	503 -:- https://www.amazon.ca/automotive/b/?ie=UTF8&amp;node=6948389011&amp;ref_=nav_cs_automotive_df4975bd27a649d59f0a0f346158957a expected [true] but found [false],
	503 -:- https://www.amazon.ca/b/?node=15664730011&amp;ld=AZCASOA-sell&amp;ref_=nav_cs_sell_715b740e3393467491e925d9548385ae expected [true] but found [false],
	503 -:- https://www.amazon.ca/grocery/b/?ie=UTF8&amp;node=6967215011&amp;ref_=nav_cs_grocery_96a59c746dd945d6a7d9911411f06a1b expected [true] but found [false],
	503 -:- https://www.amazon.ca/sporting-goods/b/?ie=UTF8&amp;node=2242989011&amp;ref_=nav_cs_sports_8188fcfd7d6e449eab692f6d0371d9ff expected [true] but found [false],
	503 -:- https://www.amazon.ca/Beauty/b/?ie=UTF8&amp;node=6205124011&amp;ref_=nav_cs_beauty_46f9bd5d21484218b9b15a4779dcd14a expected [true] but found [false],
	503 -:- https://www.amazon.ca/gp/browse.html?node=2972705011&amp;ref_=nav_cs_kindle_books_30c4ac32cf754895b19193fffbb9870c expected [true] but found [false],
	503 -:- https://www.amazon.ca/Home-Improvement/b/?ie=UTF8&amp;node=3006902011&amp;ref_=nav_cs_hi_5ac6320bf57f4c35a6df23915e897e0c expected [true] but found [false],
	503 -:- https://www.amazon.ca/pet-supplies-dog-cat-food-bed-toy/b/?ie=UTF8&amp;node=6205514011&amp;ref_=nav_cs_pets_e9098347e3f84d95a0fc0b55abe0df36 expected [true] but found [false],
	503 -:- https://www.amazon.ca/gp/browse.html?node=3561346011&amp;ref_=nav_cs_baby_4ca8c0ed74054e3392ac379629958f9c expected [true] but found [false],
	503 -:- https://www.amazon.ca/access expected [true] but found [false],
	503 -:- https://www.amazon.ca/b?node=23176341011 expected [true] but found [false],
	503 -:- https://www.amazon.ca/dp/B07WDDCYPY/ref=ods_gw_vicc_RVD_AugEG_caEN expected [true] but found [false],
	503 -:- https://www.amazon.ca/b?node=12218500011 expected [true] but found [false],
	503 -:- https://www.amazon.ca/b?node=12218500011 expected [true] but found [false],
	503 -:- https://www.amazon.ca/b/?node=17321486011&amp;ref_=AC_CA_Q1_2021 expected [true] but found [false],
	503 -:- https://www.amazon.ca/gp/site-directory/ref=gw_blb_gwc_unrec_0_shopall_fullstore expected [true] but found [false],
	503 -:- https://www.amazon.ca/b?node=9833876011&amp;ref_=gw_blb_gwc_unrec_2_outlet expected [true] but found [false],
	503 -:- https://www.amazon.ca/PUMA-mens-Mens-Socks-Running/dp/B07PXTYMHW/?_encoding=UTF8&amp;pd_rd_w=WzCvO&amp;pf_rd_p=f95190d3-1242-461e-9e1e-c9293cea0789&amp;pf_rd_r=P963MDBFFYMKMV08GYX8&amp;pd_rd_r=a3857271-d91d-4315-bd9b-26fe954d2c14&amp;pd_rd_wg=N0xJZ&amp;ref_=pd_gw_crs_zg_bs_8604903011 expected [true] but found [false],
	503 -:- https://www.amazon.ca/Hanes-O9264-Womens-Jersey-Short/dp/B016YKHX1S/?_encoding=UTF8&amp;pd_rd_w=WzCvO&amp;pf_rd_p=f95190d3-1242-461e-9e1e-c9293cea0789&amp;pf_rd_r=P963MDBFFYMKMV08GYX8&amp;pd_rd_r=a3857271-d91d-4315-bd9b-26fe954d2c14&amp;pd_rd_wg=N0xJZ&amp;ref_=pd_gw_crs_zg_bs_8604903011 expected [true] but found [false],
	503 -:- https://www.amazon.ca/Amazon-Essentials-Standard-Pack-Performance/dp/B078VYC8WD/?_encoding=UTF8&amp;pd_rd_w=WzCvO&amp;pf_rd_p=f95190d3-1242-461e-9e1e-c9293cea0789&amp;pf_rd_r=P963MDBFFYMKMV08GYX8&amp;pd_rd_r=a3857271-d91d-4315-bd9b-26fe954d2c14&amp;pd_rd_wg=N0xJZ&amp;ref_=pd_gw_crs_zg_bs_8604903011 expected [true] but found [false],
	503 -:- https://www.amazon.ca/KISSMODA-Hoodies-Pullover-Sweatshirt-Outwear/dp/B08JY7BZ34/?_encoding=UTF8&amp;pd_rd_w=WzCvO&amp;pf_rd_p=f95190d3-1242-461e-9e1e-c9293cea0789&amp;pf_rd_r=P963MDBFFYMKMV08GYX8&amp;pd_rd_r=a3857271-d91d-4315-bd9b-26fe954d2c14&amp;pd_rd_wg=N0xJZ&amp;ref_=pd_gw_crs_zg_bs_8604903011 expected [true] but found [false],
	503 -:- https://www.amazon.ca/Carhartt-K87-Workwear-Short-Sleeve-T-Shirt/dp/B002G9UDKU/?_encoding=UTF8&amp;pd_rd_w=WzCvO&amp;pf_rd_p=f95190d3-1242-461e-9e1e-c9293cea0789&amp;pf_rd_r=P963MDBFFYMKMV08GYX8&amp;pd_rd_r=a3857271-d91d-4315-bd9b-26fe954d2c14&amp;pd_rd_wg=N0xJZ&amp;ref_=pd_gw_crs_zg_bs_8604903011 expected [true] but found [false],
	503 -:- https://www.amazon.ca/Peecabe-Toddler-Breathable-Adjustable-Chin-Strap/dp/B088CMZY2R/?_encoding=UTF8&amp;pd_rd_w=WzCvO&amp;pf_rd_p=f95190d3-1242-461e-9e1e-c9293cea0789&amp;pf_rd_r=P963MDBFFYMKMV08GYX8&amp;pd_rd_r=a3857271-d91d-4315-bd9b-26fe954d2c14&amp;pd_rd_wg=N0xJZ&amp;ref_=pd_gw_crs_zg_bs_8604903011 expected [true] but found [false],
	503 -:- https://www.amazon.ca/Sunzel-Control-Athletic-Workout-Pockets/dp/B07VFVLFD4/?_encoding=UTF8&amp;pd_rd_w=WzCvO&amp;pf_rd_p=f95190d3-1242-461e-9e1e-c9293cea0789&amp;pf_rd_r=P963MDBFFYMKMV08GYX8&amp;pd_rd_r=a3857271-d91d-4315-bd9b-26fe954d2c14&amp;pd_rd_wg=N0xJZ&amp;ref_=pd_gw_crs_zg_bs_8604903011 expected [true] but found [false],
	503 -:- https://www.amazon.ca/ALONG-FIT-Pockets-Compression-Leggings/dp/B081FHQ1MN/?_encoding=UTF8&amp;pd_rd_w=WzCvO&amp;pf_rd_p=f95190d3-1242-461e-9e1e-c9293cea0789&amp;pf_rd_r=P963MDBFFYMKMV08GYX8&amp;pd_rd_r=a3857271-d91d-4315-bd9b-26fe954d2c14&amp;pd_rd_wg=N0xJZ&amp;ref_=pd_gw_crs_zg_bs_8604903011 expected [true] but found [false],
	503 -:- https://www.amazon.ca/Gildan-Mens-5-Pack-Crew/dp/B08FQM7Q2G/?_encoding=UTF8&amp;pd_rd_w=WzCvO&amp;pf_rd_p=f95190d3-1242-461e-9e1e-c9293cea0789&amp;pf_rd_r=P963MDBFFYMKMV08GYX8&amp;pd_rd_r=a3857271-d91d-4315-bd9b-26fe954d2c14&amp;pd_rd_wg=N0xJZ&amp;ref_=pd_gw_crs_zg_bs_8604903011 expected [true] but found [false],
	503 -:- https://www.amazon.ca/PUMA-womens-Half-terry-Runner-Socks/dp/B00GOMDGOA/?_encoding=UTF8&amp;pd_rd_w=WzCvO&amp;pf_rd_p=f95190d3-1242-461e-9e1e-c9293cea0789&amp;pf_rd_r=P963MDBFFYMKMV08GYX8&amp;pd_rd_r=a3857271-d91d-4315-bd9b-26fe954d2c14&amp;pd_rd_wg=N0xJZ&amp;ref_=pd_gw_crs_zg_bs_8604903011 expected [true] but found [false],
	503 -:- https://www.amazon.ca/Queens-Here-Novelty-Fashion-Sleeveless/dp/B08BX4DQCD/?_encoding=UTF8&amp;pd_rd_w=WzCvO&amp;pf_rd_p=f95190d3-1242-461e-9e1e-c9293cea0789&amp;pf_rd_r=P963MDBFFYMKMV08GYX8&amp;pd_rd_r=a3857271-d91d-4315-bd9b-26fe954d2c14&amp;pd_rd_wg=N0xJZ&amp;ref_=pd_gw_crs_zg_bs_8604903011 expected [true] but found [false],
	503 -:- https://www.amazon.ca/Warners-Standard-Blissful-Benefits-Ultrasoft/dp/B076GWVK1F/?_encoding=UTF8&amp;pd_rd_w=WzCvO&amp;pf_rd_p=f95190d3-1242-461e-9e1e-c9293cea0789&amp;pf_rd_r=P963MDBFFYMKMV08GYX8&amp;pd_rd_r=a3857271-d91d-4315-bd9b-26fe954d2c14&amp;pd_rd_wg=N0xJZ&amp;ref_=pd_gw_crs_zg_bs_8604903011 expected [true] but found [false],
	503 -:- https://www.amazon.ca/wirarpa-Womens-Underwear-Leggings-Multipack/dp/B07H3J8CDN/?_encoding=UTF8&amp;pd_rd_w=WzCvO&amp;pf_rd_p=f95190d3-1242-461e-9e1e-c9293cea0789&amp;pf_rd_r=P963MDBFFYMKMV08GYX8&amp;pd_rd_r=a3857271-d91d-4315-bd9b-26fe954d2c14&amp;pd_rd_wg=N0xJZ&amp;ref_=pd_gw_crs_zg_bs_8604903011 expected [true] but found [false],
	503 -:- https://www.amazon.ca/Saucony-womens-standard-Performance-No-show/dp/B0771RCW6Z/?_encoding=UTF8&amp;pd_rd_w=WzCvO&amp;pf_rd_p=f95190d3-1242-461e-9e1e-c9293cea0789&amp;pf_rd_r=P963MDBFFYMKMV08GYX8&amp;pd_rd_r=a3857271-d91d-4315-bd9b-26fe954d2c14&amp;pd_rd_wg=N0xJZ&amp;ref_=pd_gw_crs_zg_bs_8604903011 expected [true] but found [false],
	503 -:- https://www.amazon.ca/Ranphee-Womens-Shoulder-Sleeves-T-Shirt/dp/B07Y3CY85R/?_encoding=UTF8&amp;pd_rd_w=WzCvO&amp;pf_rd_p=f95190d3-1242-461e-9e1e-c9293cea0789&amp;pf_rd_r=P963MDBFFYMKMV08GYX8&amp;pd_rd_r=a3857271-d91d-4315-bd9b-26fe954d2c14&amp;pd_rd_wg=N0xJZ&amp;ref_=pd_gw_crs_zg_bs_8604903011 expected [true] but found [false],
	503 -:- https://www.amazon.ca/Wrangler-Authentics-Premium-Twill-Cargo/dp/B00XKXI380/?_encoding=UTF8&amp;pd_rd_w=WzCvO&amp;pf_rd_p=f95190d3-1242-461e-9e1e-c9293cea0789&amp;pf_rd_r=P963MDBFFYMKMV08GYX8&amp;pd_rd_r=a3857271-d91d-4315-bd9b-26fe954d2c14&amp;pd_rd_wg=N0xJZ&amp;ref_=pd_gw_crs_zg_bs_8604903011 expected [true] but found [false],
	503 -:- https://www.amazon.ca/SOJOS-Polarized-Sunglasses-Polygon-Mirrored/dp/B08LMZ94BP/?_encoding=UTF8&amp;pd_rd_w=WzCvO&amp;pf_rd_p=f95190d3-1242-461e-9e1e-c9293cea0789&amp;pf_rd_r=P963MDBFFYMKMV08GYX8&amp;pd_rd_r=a3857271-d91d-4315-bd9b-26fe954d2c14&amp;pd_rd_wg=N0xJZ&amp;ref_=pd_gw_crs_zg_bs_8604903011 expected [true] but found [false],
	503 -:- https://www.amazon.ca/Champion-Mens-Jersey-Short-Pockets/dp/B08R4J4RXV/?_encoding=UTF8&amp;pd_rd_w=WzCvO&amp;pf_rd_p=f95190d3-1242-461e-9e1e-c9293cea0789&amp;pf_rd_r=P963MDBFFYMKMV08GYX8&amp;pd_rd_r=a3857271-d91d-4315-bd9b-26fe954d2c14&amp;pd_rd_wg=N0xJZ&amp;ref_=pd_gw_crs_zg_bs_8604903011 expected [true] but found [false],
	503 -:- https://www.amazon.ca/Sunglasses-Polarized-Womens-Protection-LUENX/dp/B07P33FWZQ/?_encoding=UTF8&amp;pd_rd_w=WzCvO&amp;pf_rd_p=f95190d3-1242-461e-9e1e-c9293cea0789&amp;pf_rd_r=P963MDBFFYMKMV08GYX8&amp;pd_rd_r=a3857271-d91d-4315-bd9b-26fe954d2c14&amp;pd_rd_wg=N0xJZ&amp;ref_=pd_gw_crs_zg_bs_8604903011 expected [true] but found [false],
	503 -:- https://www.amazon.ca/FURTALK-Womens-Travel-Foldable-Summer/dp/B07DP9VY4P/?_encoding=UTF8&amp;pd_rd_w=WzCvO&amp;pf_rd_p=f95190d3-1242-461e-9e1e-c9293cea0789&amp;pf_rd_r=P963MDBFFYMKMV08GYX8&amp;pd_rd_r=a3857271-d91d-4315-bd9b-26fe954d2c14&amp;pd_rd_wg=N0xJZ&amp;ref_=pd_gw_crs_zg_bs_8604903011 expected [true] but found [false],
	503 -:- https://www.amazon.ca/Jan-Jul-Toddler-Protection-Adjustable/dp/B01MZBGGG7/?_encoding=UTF8&amp;pd_rd_w=WzCvO&amp;pf_rd_p=f95190d3-1242-461e-9e1e-c9293cea0789&amp;pf_rd_r=P963MDBFFYMKMV08GYX8&amp;pd_rd_r=a3857271-d91d-4315-bd9b-26fe954d2c14&amp;pd_rd_wg=N0xJZ&amp;ref_=pd_gw_crs_zg_bs_8604903011 expected [true] but found [false],
	503 -:- https://www.amazon.ca/Hanes-Mens-EcoSmart-Fleece-Sweatshirt/dp/B01M8HOGN7/?_encoding=UTF8&amp;pd_rd_w=WzCvO&amp;pf_rd_p=f95190d3-1242-461e-9e1e-c9293cea0789&amp;pf_rd_r=P963MDBFFYMKMV08GYX8&amp;pd_rd_r=a3857271-d91d-4315-bd9b-26fe954d2c14&amp;pd_rd_wg=N0xJZ&amp;ref_=pd_gw_crs_zg_bs_8604903011 expected [true] but found [false],
	503 -:- https://www.amazon.ca/TEXFIT-2-Pack-Pockets-Athletic-Stretch/dp/B085XBPM1C/?_encoding=UTF8&amp;pd_rd_w=WzCvO&amp;pf_rd_p=f95190d3-1242-461e-9e1e-c9293cea0789&amp;pf_rd_r=P963MDBFFYMKMV08GYX8&amp;pd_rd_r=a3857271-d91d-4315-bd9b-26fe954d2c14&amp;pd_rd_wg=N0xJZ&amp;ref_=pd_gw_crs_zg_bs_8604903011 expected [true] but found [false],
	503 -:- https://www.amazon.ca/Diosun-Womens-Button-Sleeveless-Blouses/dp/B08QM8XXYQ/?_encoding=UTF8&amp;pd_rd_w=WzCvO&amp;pf_rd_p=f95190d3-1242-461e-9e1e-c9293cea0789&amp;pf_rd_r=P963MDBFFYMKMV08GYX8&amp;pd_rd_r=a3857271-d91d-4315-bd9b-26fe954d2c14&amp;pd_rd_wg=N0xJZ&amp;ref_=pd_gw_crs_zg_bs_8604903011 expected [true] but found [false],
	503 -:- https://www.amazon.ca/ALONG-FIT-Leggings-Pockets-Waisted/dp/B07RXR6R6M/?_encoding=UTF8&amp;pd_rd_w=WzCvO&amp;pf_rd_p=f95190d3-1242-461e-9e1e-c9293cea0789&amp;pf_rd_r=P963MDBFFYMKMV08GYX8&amp;pd_rd_r=a3857271-d91d-4315-bd9b-26fe954d2c14&amp;pd_rd_wg=N0xJZ&amp;ref_=pd_gw_crs_zg_bs_8604903011 expected [true] but found [false],
	503 -:- https://www.amazon.ca/Gildan-Mens-Crew-T-Shirts-Multipack/dp/B091N416YP/?_encoding=UTF8&amp;pd_rd_w=WzCvO&amp;pf_rd_p=f95190d3-1242-461e-9e1e-c9293cea0789&amp;pf_rd_r=P963MDBFFYMKMV08GYX8&amp;pd_rd_r=a3857271-d91d-4315-bd9b-26fe954d2c14&amp;pd_rd_wg=N0xJZ&amp;ref_=pd_gw_crs_zg_bs_8604903011 expected [true] but found [false],
	503 -:- https://www.amazon.ca/Oculus-Quest-Advanced-All-One/dp/B08F5VVPPG/?_encoding=UTF8&amp;pd_rd_w=05iZC&amp;pf_rd_p=0d524680-5784-4706-81b2-6c35f269f5bd&amp;pf_rd_r=P963MDBFFYMKMV08GYX8&amp;pd_rd_r=a3857271-d91d-4315-bd9b-26fe954d2c14&amp;pd_rd_wg=N0xJZ&amp;ref_=pd_gw_crs_zg_bs_3198031 expected [true] but found [false],
	503 -:- https://www.amazon.ca/Mario-Kart-8-Deluxe-Switch/dp/B071XNBL33/?_encoding=UTF8&amp;pd_rd_w=05iZC&amp;pf_rd_p=0d524680-5784-4706-81b2-6c35f269f5bd&amp;pf_rd_r=P963MDBFFYMKMV08GYX8&amp;pd_rd_r=a3857271-d91d-4315-bd9b-26fe954d2c14&amp;pd_rd_wg=N0xJZ&amp;ref_=pd_gw_crs_zg_bs_3198031 expected [true] but found [false],
	503 -:- https://www.amazon.ca/Nintendo-Switch-Neon-Blue-Joy%E2%80%91/dp/B07VGRJDFY/?_encoding=UTF8&amp;pd_rd_w=05iZC&amp;pf_rd_p=0d524680-5784-4706-81b2-6c35f269f5bd&amp;pf_rd_r=P963MDBFFYMKMV08GYX8&amp;pd_rd_r=a3857271-d91d-4315-bd9b-26fe954d2c14&amp;pd_rd_wg=N0xJZ&amp;ref_=pd_gw_crs_zg_bs_3198031 expected [true] but found [false],
	503 -:- https://www.amazon.ca/Legend-Zelda-Breath-Wild-Switch/dp/B01N33O68B/?_encoding=UTF8&amp;pd_rd_w=05iZC&amp;pf_rd_p=0d524680-5784-4706-81b2-6c35f269f5bd&amp;pf_rd_r=P963MDBFFYMKMV08GYX8&amp;pd_rd_r=a3857271-d91d-4315-bd9b-26fe954d2c14&amp;pd_rd_wg=N0xJZ&amp;ref_=pd_gw_crs_zg_bs_3198031 expected [true] but found [false],
	503 -:- https://www.amazon.ca/Super-Mario-Bros-Deluxe-Switch/dp/B07HKVRQZ9/?_encoding=UTF8&amp;pd_rd_w=05iZC&amp;pf_rd_p=0d524680-5784-4706-81b2-6c35f269f5bd&amp;pf_rd_r=P963MDBFFYMKMV08GYX8&amp;pd_rd_r=a3857271-d91d-4315-bd9b-26fe954d2c14&amp;pd_rd_wg=N0xJZ&amp;ref_=pd_gw_crs_zg_bs_3198031 expected [true] but found [false],
	503 -:- https://www.amazon.ca/Microsoft-RRS-00001-Xbox-Series-S/dp/B08G9J44ZN/?_encoding=UTF8&amp;pd_rd_w=05iZC&amp;pf_rd_p=0d524680-5784-4706-81b2-6c35f269f5bd&amp;pf_rd_r=P963MDBFFYMKMV08GYX8&amp;pd_rd_r=a3857271-d91d-4315-bd9b-26fe954d2c14&amp;pd_rd_wg=N0xJZ&amp;ref_=pd_gw_crs_zg_bs_3198031 expected [true] but found [false],
	503 -:- https://www.amazon.ca/Playstation-3005747-Returnal-PlayStation-5/dp/B08RB3NK9Y/?_encoding=UTF8&amp;pd_rd_w=05iZC&amp;pf_rd_p=0d524680-5784-4706-81b2-6c35f269f5bd&amp;pf_rd_r=P963MDBFFYMKMV08GYX8&amp;pd_rd_r=a3857271-d91d-4315-bd9b-26fe954d2c14&amp;pd_rd_wg=N0xJZ&amp;ref_=pd_gw_crs_zg_bs_3198031 expected [true] but found [false],
	503 -:- https://www.amazon.ca/Nintendo-Switch-Animal-Crossing-Horizons/dp/B084DDDNRP/?_encoding=UTF8&amp;pd_rd_w=05iZC&amp;pf_rd_p=0d524680-5784-4706-81b2-6c35f269f5bd&amp;pf_rd_r=P963MDBFFYMKMV08GYX8&amp;pd_rd_r=a3857271-d91d-4315-bd9b-26fe954d2c14&amp;pd_rd_wg=N0xJZ&amp;ref_=pd_gw_crs_zg_bs_3198031 expected [true] but found [false],
	503 -:- https://www.amazon.ca/Nintendo-HACAFSSKA-Switch-Pro-Controller/dp/B01NAWKYZ0/?_encoding=UTF8&amp;pd_rd_w=05iZC&amp;pf_rd_p=0d524680-5784-4706-81b2-6c35f269f5bd&amp;pf_rd_r=P963MDBFFYMKMV08GYX8&amp;pd_rd_r=a3857271-d91d-4315-bd9b-26fe954d2c14&amp;pd_rd_wg=N0xJZ&amp;ref_=pd_gw_crs_zg_bs_3198031 expected [true] but found [false],
	503 -:- https://www.amazon.ca/Super-Smash-Bros-Ultimate-Game/dp/B07DPMBH9H/?_encoding=UTF8&amp;pd_rd_w=05iZC&amp;pf_rd_p=0d524680-5784-4706-81b2-6c35f269f5bd&amp;pf_rd_r=P963MDBFFYMKMV08GYX8&amp;pd_rd_r=a3857271-d91d-4315-bd9b-26fe954d2c14&amp;pd_rd_wg=N0xJZ&amp;ref_=pd_gw_crs_zg_bs_3198031 expected [true] but found [false],
	503 -:- https://www.amazon.ca/Nintendo-HCCPACBAA-Animal-Crossing-Horizons/dp/B0812KNJDD/?_encoding=UTF8&amp;pd_rd_w=05iZC&amp;pf_rd_p=0d524680-5784-4706-81b2-6c35f269f5bd&amp;pf_rd_r=P963MDBFFYMKMV08GYX8&amp;pd_rd_r=a3857271-d91d-4315-bd9b-26fe954d2c14&amp;pd_rd_wg=N0xJZ&amp;ref_=pd_gw_crs_zg_bs_3198031 expected [true] but found [false],
	503 -:- https://www.amazon.ca/Microsoft-TLL-00001-Xbox-Wireless-Headset/dp/B08WFD42G5/?_encoding=UTF8&amp;pd_rd_w=05iZC&amp;pf_rd_p=0d524680-5784-4706-81b2-6c35f269f5bd&amp;pf_rd_r=P963MDBFFYMKMV08GYX8&amp;pd_rd_r=a3857271-d91d-4315-bd9b-26fe954d2c14&amp;pd_rd_wg=N0xJZ&amp;ref_=pd_gw_crs_zg_bs_3198031 expected [true] but found [false],
	503 -:- https://www.amazon.ca/Elgato-Game-Capture-HD60-technology/dp/B01DRWCOGA/?_encoding=UTF8&amp;pd_rd_w=05iZC&amp;pf_rd_p=0d524680-5784-4706-81b2-6c35f269f5bd&amp;pf_rd_r=P963MDBFFYMKMV08GYX8&amp;pd_rd_r=a3857271-d91d-4315-bd9b-26fe954d2c14&amp;pd_rd_wg=N0xJZ&amp;ref_=pd_gw_crs_zg_bs_3198031 expected [true] but found [false],
	503 -:- https://www.amazon.ca/Nintendo-HACPAAACA-Super-Mario-Odyssey/dp/B072V8MMX7/?_encoding=UTF8&amp;pd_rd_w=05iZC&amp;pf_rd_p=0d524680-5784-4706-81b2-6c35f269f5bd&amp;pf_rd_r=P963MDBFFYMKMV08GYX8&amp;pd_rd_r=a3857271-d91d-4315-bd9b-26fe954d2c14&amp;pd_rd_wg=N0xJZ&amp;ref_=pd_gw_crs_zg_bs_3198031 expected [true] but found [false],
	503 -:- https://www.amazon.ca/Nintendo-AmiiboParent-Amiibo-Toys/dp/B00NB3IY24/?_encoding=UTF8&amp;pd_rd_w=05iZC&amp;pf_rd_p=0d524680-5784-4706-81b2-6c35f269f5bd&amp;pf_rd_r=P963MDBFFYMKMV08GYX8&amp;pd_rd_r=a3857271-d91d-4315-bd9b-26fe954d2c14&amp;pd_rd_wg=N0xJZ&amp;ref_=pd_gw_crs_zg_bs_3198031 expected [true] but found [false],
	503 -:- https://www.amazon.ca/Ring-Fit-Adventure-Nintendo-Switch/dp/B07XV4NHHN/?_encoding=UTF8&amp;pd_rd_w=05iZC&amp;pf_rd_p=0d524680-5784-4706-81b2-6c35f269f5bd&amp;pf_rd_r=P963MDBFFYMKMV08GYX8&amp;pd_rd_r=a3857271-d91d-4315-bd9b-26fe954d2c14&amp;pd_rd_wg=N0xJZ&amp;ref_=pd_gw_crs_zg_bs_3198031 expected [true] but found [false],
	503 -:- https://www.amazon.ca/Nintendo-HCCPADFJA-Super-Mario-Party/dp/B07DQ7KC8Q/?_encoding=UTF8&amp;pd_rd_w=05iZC&amp;pf_rd_p=0d524680-5784-4706-81b2-6c35f269f5bd&amp;pf_rd_r=P963MDBFFYMKMV08GYX8&amp;pd_rd_r=a3857271-d91d-4315-bd9b-26fe954d2c14&amp;pd_rd_wg=N0xJZ&amp;ref_=pd_gw_crs_zg_bs_3198031 expected [true] but found [false],
	503 -:- https://www.amazon.ca/ONIKUMA-Removable-Canceling-Retractable-Microphone/dp/B08C4Y7NWL/?_encoding=UTF8&amp;pd_rd_w=05iZC&amp;pf_rd_p=0d524680-5784-4706-81b2-6c35f269f5bd&amp;pf_rd_r=P963MDBFFYMKMV08GYX8&amp;pd_rd_r=a3857271-d91d-4315-bd9b-26fe954d2c14&amp;pd_rd_wg=N0xJZ&amp;ref_=pd_gw_crs_zg_bs_3198031 expected [true] but found [false],
	503 -:- https://www.amazon.ca/Nintendo-HACPAEUCA-Minecraft-for-Switch/dp/B07D13QGXM/?_encoding=UTF8&amp;pd_rd_w=05iZC&amp;pf_rd_p=0d524680-5784-4706-81b2-6c35f269f5bd&amp;pf_rd_r=P963MDBFFYMKMV08GYX8&amp;pd_rd_r=a3857271-d91d-4315-bd9b-26fe954d2c14&amp;pd_rd_wg=N0xJZ&amp;ref_=pd_gw_crs_zg_bs_3198031 expected [true] but found [false],
	503 -:- https://www.amazon.ca/Nintendo-Switch-with-Gray-Joy%E2%80%91Con/dp/B07VJRZ62R/?_encoding=UTF8&amp;pd_rd_w=05iZC&amp;pf_rd_p=0d524680-5784-4706-81b2-6c35f269f5bd&amp;pf_rd_r=P963MDBFFYMKMV08GYX8&amp;pd_rd_r=a3857271-d91d-4315-bd9b-26fe954d2c14&amp;pd_rd_wg=N0xJZ&amp;ref_=pd_gw_crs_zg_bs_3198031 expected [true] but found [false],
	503 -:- https://www.amazon.ca/DualSense-Wireless-Controller/dp/B08GSL374K/?_encoding=UTF8&amp;pd_rd_w=05iZC&amp;pf_rd_p=0d524680-5784-4706-81b2-6c35f269f5bd&amp;pf_rd_r=P963MDBFFYMKMV08GYX8&amp;pd_rd_r=a3857271-d91d-4315-bd9b-26fe954d2c14&amp;pd_rd_wg=N0xJZ&amp;ref_=pd_gw_crs_zg_bs_3198031 expected [true] but found [false],
	503 -:- https://www.amazon.ca/Beexcellent-Headphones-Cancelling-Microphone-Smartphone/dp/B0777KYQS7/?_encoding=UTF8&amp;pd_rd_w=05iZC&amp;pf_rd_p=0d524680-5784-4706-81b2-6c35f269f5bd&amp;pf_rd_r=P963MDBFFYMKMV08GYX8&amp;pd_rd_r=a3857271-d91d-4315-bd9b-26fe954d2c14&amp;pd_rd_wg=N0xJZ&amp;ref_=pd_gw_crs_zg_bs_3198031 expected [true] but found [false],
	503 -:- https://www.amazon.ca/Donkey-Kong-Country-Tropical-Freeze/dp/B07BFV5WKY/?_encoding=UTF8&amp;pd_rd_w=05iZC&amp;pf_rd_p=0d524680-5784-4706-81b2-6c35f269f5bd&amp;pf_rd_r=P963MDBFFYMKMV08GYX8&amp;pd_rd_r=a3857271-d91d-4315-bd9b-26fe954d2c14&amp;pd_rd_wg=N0xJZ&amp;ref_=pd_gw_crs_zg_bs_3198031 expected [true] but found [false],
	503 -:- https://www.amazon.ca/PULSE-3D-Wireless-Headset-Pulse/dp/B08GSBRR9Q/?_encoding=UTF8&amp;pd_rd_w=05iZC&amp;pf_rd_p=0d524680-5784-4706-81b2-6c35f269f5bd&amp;pf_rd_r=P963MDBFFYMKMV08GYX8&amp;pd_rd_r=a3857271-d91d-4315-bd9b-26fe954d2c14&amp;pd_rd_wg=N0xJZ&amp;ref_=pd_gw_crs_zg_bs_3198031 expected [true] but found [false],
	503 -:- https://www.amazon.ca/Nintendo-HCCPAG3JA-Luigis-Mansion-3/dp/B07SZ3TY8J/?_encoding=UTF8&amp;pd_rd_w=05iZC&amp;pf_rd_p=0d524680-5784-4706-81b2-6c35f269f5bd&amp;pf_rd_r=P963MDBFFYMKMV08GYX8&amp;pd_rd_r=a3857271-d91d-4315-bd9b-26fe954d2c14&amp;pd_rd_wg=N0xJZ&amp;ref_=pd_gw_crs_zg_bs_3198031 expected [true] but found [false],
	503 -:- https://www.amazon.ca/Super-Mario-Maker-2-Standard/dp/B07P6ZT3M4/?_encoding=UTF8&amp;pd_rd_w=05iZC&amp;pf_rd_p=0d524680-5784-4706-81b2-6c35f269f5bd&amp;pf_rd_r=P963MDBFFYMKMV08GYX8&amp;pd_rd_r=a3857271-d91d-4315-bd9b-26fe954d2c14&amp;pd_rd_wg=N0xJZ&amp;ref_=pd_gw_crs_zg_bs_3198031 expected [true] but found [false],
	503 -:- https://www.amazon.ca/Neon-Purple-Orange-Joy-ConTM-L-R/dp/B07VHR4Y8G/?_encoding=UTF8&amp;pd_rd_w=05iZC&amp;pf_rd_p=0d524680-5784-4706-81b2-6c35f269f5bd&amp;pf_rd_r=P963MDBFFYMKMV08GYX8&amp;pd_rd_r=a3857271-d91d-4315-bd9b-26fe954d2c14&amp;pd_rd_wg=N0xJZ&amp;ref_=pd_gw_crs_zg_bs_3198031 expected [true] but found [false],
	503 -:- https://www.amazon.ca/Legend-Zelda-Links-Awakening/dp/B07SZ3V193/?_encoding=UTF8&amp;pd_rd_w=05iZC&amp;pf_rd_p=0d524680-5784-4706-81b2-6c35f269f5bd&amp;pf_rd_r=P963MDBFFYMKMV08GYX8&amp;pd_rd_r=a3857271-d91d-4315-bd9b-26fe954d2c14&amp;pd_rd_wg=N0xJZ&amp;ref_=pd_gw_crs_zg_bs_3198031 expected [true] but found [false],
	503 -:- https://www.amazon.ca/Smartphone-Headphones-Microphone-Canceling-Earmuffs/dp/B078RJ1KZ6/?_encoding=UTF8&amp;pd_rd_w=05iZC&amp;pf_rd_p=0d524680-5784-4706-81b2-6c35f269f5bd&amp;pf_rd_r=P963MDBFFYMKMV08GYX8&amp;pd_rd_r=a3857271-d91d-4315-bd9b-26fe954d2c14&amp;pd_rd_wg=N0xJZ&amp;ref_=pd_gw_crs_zg_bs_3198031 expected [true] but found [false],
	503 -:- https://www.amazon.ca/SanDisk-MicroSDXC-Nintendo-Switch-SDSQXAO-128G-GNCZN/dp/B07KXQX3S3/?_encoding=UTF8&amp;pd_rd_w=05iZC&amp;pf_rd_p=0d524680-5784-4706-81b2-6c35f269f5bd&amp;pf_rd_r=P963MDBFFYMKMV08GYX8&amp;pd_rd_r=a3857271-d91d-4315-bd9b-26fe954d2c14&amp;pd_rd_wg=N0xJZ&amp;ref_=pd_gw_crs_zg_bs_3198031 expected [true] but found [false],
	503 -:- https://www.amazon.ca/gp/browse.html?node=1233055011&amp;ref_=nav_em_mj_pc_gaming_0_2_12_24 expected [true] but found [false],
	503 -:- https://www.amazon.ca/b/ref=OUT_OD_DSC_D_EN_CA?node=9833876011 expected [true] but found [false],
	503 -:- https://www.amazon.ca/b/ref=OUT_OD_DSC_D_EN_CA?node=9833876011 expected [true] but found [false],
	503 -:- https://www.amazon.ca/b?node=2055586011 expected [true] but found [false],
	503 -:- https://www.amazon.ca/b?node=2055586011 expected [true] but found [false],
	503 -:- https://www.amazon.ca/Bomaker-Subwoofer-Wireless-Bluetooth-Soundbar/dp/B089LR9WXZ/ref=br_msw_pdt-1/132-8839162-6228160?_encoding=UTF8&amp;smid=A1DKHSA498307X&amp;pf_rd_m=A3DWYIK6Y9EEQB&amp;pf_rd_s=&amp;pf_rd_r=P963MDBFFYMKMV08GYX8&amp;pf_rd_t=36701&amp;pf_rd_p=6f84c098-94af-45c7-a44a-99e26ef133bb&amp;pf_rd_i=desktop expected [true] but found [false],
	503 -:- https://www.amazon.ca/sogesfurniture-Workstation-2-Person-Computer-BHCA-HZ011-200-BK-NEW/dp/B07WDV8F5V/ref=br_msw_pdt-2/132-8839162-6228160?_encoding=UTF8&amp;smid=AJGXUXC8IQIBZ&amp;pf_rd_m=A3DWYIK6Y9EEQB&amp;pf_rd_s=&amp;pf_rd_r=P963MDBFFYMKMV08GYX8&amp;pf_rd_t=36701&amp;pf_rd_p=6f84c098-94af-45c7-a44a-99e26ef133bb&amp;pf_rd_i=desktop expected [true] but found [false],
	503 -:- https://www.amazon.ca/Oritina-Casual-Loose-Sleeve-Rainbow/dp/B089QBX5VQ/ref=br_msw_pdt-3/132-8839162-6228160?_encoding=UTF8&amp;smid=A2HC4GORES2F1A&amp;pf_rd_m=A3DWYIK6Y9EEQB&amp;pf_rd_s=&amp;pf_rd_r=P963MDBFFYMKMV08GYX8&amp;pf_rd_t=36701&amp;pf_rd_p=6f84c098-94af-45c7-a44a-99e26ef133bb&amp;pf_rd_i=desktop expected [true] but found [false],
	503 -:- https://www.amazon.ca/SGODDE-Shelter-Persons-Portable-Automatic/dp/B083NDNYM8/ref=br_msw_pdt-4/132-8839162-6228160?_encoding=UTF8&amp;smid=ASM9NLL3N3DXR&amp;pf_rd_m=A3DWYIK6Y9EEQB&amp;pf_rd_s=&amp;pf_rd_r=P963MDBFFYMKMV08GYX8&amp;pf_rd_t=36701&amp;pf_rd_p=6f84c098-94af-45c7-a44a-99e26ef133bb&amp;pf_rd_i=desktop expected [true] but found [false],
	503 -:- https://www.amazon.ca/Mounting-Dream-Bracket-Articulating-400x400mm/dp/B00SFSBHW4/ref=br_msw_pdt-5/132-8839162-6228160?_encoding=UTF8&amp;smid=A2QJV1LHQIKRFO&amp;pf_rd_m=A3DWYIK6Y9EEQB&amp;pf_rd_s=&amp;pf_rd_r=P963MDBFFYMKMV08GYX8&amp;pf_rd_t=36701&amp;pf_rd_p=6f84c098-94af-45c7-a44a-99e26ef133bb&amp;pf_rd_i=desktop expected [true] but found [false],
	503 -:- https://www.amazon.ca/Hammock-Perches-Durable-Shelves-Sunbath/dp/B082M8NTV7/ref=br_msw_pdt-6/132-8839162-6228160?_encoding=UTF8&amp;smid=A1GF4BMDQMMYFT&amp;pf_rd_m=A3DWYIK6Y9EEQB&amp;pf_rd_s=&amp;pf_rd_r=P963MDBFFYMKMV08GYX8&amp;pf_rd_t=36701&amp;pf_rd_p=6f84c098-94af-45c7-a44a-99e26ef133bb&amp;pf_rd_i=desktop expected [true] but found [false],
	503 -:- https://www.amazon.ca/Curtain-Lights-9-8-Feet-Twinkle-Controller/dp/B01E73MD50/ref=br_msw_pdt-7/132-8839162-6228160?_encoding=UTF8&amp;smid=AUCCFOBT2QGA6&amp;pf_rd_m=A3DWYIK6Y9EEQB&amp;pf_rd_s=&amp;pf_rd_r=P963MDBFFYMKMV08GYX8&amp;pf_rd_t=36701&amp;pf_rd_p=6f84c098-94af-45c7-a44a-99e26ef133bb&amp;pf_rd_i=desktop expected [true] but found [false],
	503 -:- https://www.amazon.ca/Tea-Cleanse-Bloating-Constipation-Chocolate/dp/B01LZEBY6P/ref=br_msw_pdt-8/132-8839162-6228160?_encoding=UTF8&amp;smid=A37QEQMX62IQ17&amp;pf_rd_m=A3DWYIK6Y9EEQB&amp;pf_rd_s=&amp;pf_rd_r=P963MDBFFYMKMV08GYX8&amp;pf_rd_t=36701&amp;pf_rd_p=6f84c098-94af-45c7-a44a-99e26ef133bb&amp;pf_rd_i=desktop expected [true] but found [false],
	503 -:- https://www.amazon.ca/Controlled-2X16-4ft-Multicolor-Adhesive-Waterproof/dp/B08D9HHFM5/ref=br_msw_pdt-9/132-8839162-6228160?_encoding=UTF8&amp;smid=A1CYZWAJ0OWIT6&amp;pf_rd_m=A3DWYIK6Y9EEQB&amp;pf_rd_s=&amp;pf_rd_r=P963MDBFFYMKMV08GYX8&amp;pf_rd_t=36701&amp;pf_rd_p=6f84c098-94af-45c7-a44a-99e26ef133bb&amp;pf_rd_i=desktop expected [true] but found [false],
	503 -:- https://www.amazon.ca/Metal-Stemless-Insulated-Wine-Glass/dp/B07QK9QC5F/ref=br_msw_pdt-10/132-8839162-6228160?_encoding=UTF8&amp;smid=A3CTDC28TMPACQ&amp;pf_rd_m=A3DWYIK6Y9EEQB&amp;pf_rd_s=&amp;pf_rd_r=P963MDBFFYMKMV08GYX8&amp;pf_rd_t=36701&amp;pf_rd_p=6f84c098-94af-45c7-a44a-99e26ef133bb&amp;pf_rd_i=desktop expected [true] but found [false],
	503 -:- https://www.amazon.ca/Wireless-HolyHigh-Bluetooth-Waterproof-Earphones/dp/B091KLGW45/ref=br_msw_pdt-11/132-8839162-6228160?_encoding=UTF8&amp;smid=A18V89GDS4AS25&amp;pf_rd_m=A3DWYIK6Y9EEQB&amp;pf_rd_s=&amp;pf_rd_r=P963MDBFFYMKMV08GYX8&amp;pf_rd_t=36701&amp;pf_rd_p=6f84c098-94af-45c7-a44a-99e26ef133bb&amp;pf_rd_i=desktop expected [true] but found [false],
	503 -:- https://www.amazon.ca/Replacement-Compatible-Toothbrush-Precision-ITECHNIK/dp/B07XHJ6ML7/ref=br_msw_pdt-12/132-8839162-6228160?_encoding=UTF8&amp;smid=AUC2YUY35P6FP&amp;pf_rd_m=A3DWYIK6Y9EEQB&amp;pf_rd_s=&amp;pf_rd_r=P963MDBFFYMKMV08GYX8&amp;pf_rd_t=36701&amp;pf_rd_p=6f84c098-94af-45c7-a44a-99e26ef133bb&amp;pf_rd_i=desktop expected [true] but found [false],
	503 -:- https://www.amazon.ca/Femometer-Forehead-Thermometer-Professional-Backlight/dp/B0865RL4PH/ref=br_msw_pdt-13/132-8839162-6228160?_encoding=UTF8&amp;smid=A29ZPJVJXMEBBW&amp;pf_rd_m=A3DWYIK6Y9EEQB&amp;pf_rd_s=&amp;pf_rd_r=P963MDBFFYMKMV08GYX8&amp;pf_rd_t=36701&amp;pf_rd_p=6f84c098-94af-45c7-a44a-99e26ef133bb&amp;pf_rd_i=desktop expected [true] but found [false],
	503 -:- https://www.amazon.ca/Supkitdin-Scissors-Stainless-Multipurpose-Vegetables/dp/B08L9LY19J/ref=br_msw_pdt-14/132-8839162-6228160?_encoding=UTF8&amp;smid=A3MW5CQL6IZURO&amp;pf_rd_m=A3DWYIK6Y9EEQB&amp;pf_rd_s=&amp;pf_rd_r=P963MDBFFYMKMV08GYX8&amp;pf_rd_t=36701&amp;pf_rd_p=6f84c098-94af-45c7-a44a-99e26ef133bb&amp;pf_rd_i=desktop expected [true] but found [false],
	503 -:- https://www.amazon.ca/Oritina-Womens-Printed-Graphic-Rainbow/dp/B089PZMLF9/ref=br_msw_pdt-15/132-8839162-6228160?_encoding=UTF8&amp;smid=A2HC4GORES2F1A&amp;pf_rd_m=A3DWYIK6Y9EEQB&amp;pf_rd_s=&amp;pf_rd_r=P963MDBFFYMKMV08GYX8&amp;pf_rd_t=36701&amp;pf_rd_p=6f84c098-94af-45c7-a44a-99e26ef133bb&amp;pf_rd_i=desktop expected [true] but found [false],
	503 -:- https://www.amazon.ca/Himalaya-Nourishing-Lanolin-Mineral-6-76oz/dp/B01EATOHEG/?_encoding=UTF8&amp;pd_rd_w=488aL&amp;pf_rd_p=4cea6f64-eab2-4d91-8926-ca33871b7619&amp;pf_rd_r=P963MDBFFYMKMV08GYX8&amp;pd_rd_r=a3857271-d91d-4315-bd9b-26fe954d2c14&amp;pd_rd_wg=N0xJZ&amp;ref_=pd_gw_trq_ed expected [true] but found [false],
	503 -:- https://www.amazon.ca/Pro-Tec-Extended-Humidifier-Wicking/dp/B00JR947EU/?_encoding=UTF8&amp;pd_rd_w=488aL&amp;pf_rd_p=4cea6f64-eab2-4d91-8926-ca33871b7619&amp;pf_rd_r=P963MDBFFYMKMV08GYX8&amp;pd_rd_r=a3857271-d91d-4315-bd9b-26fe954d2c14&amp;pd_rd_wg=N0xJZ&amp;ref_=pd_gw_trq_ed expected [true] but found [false],
	503 -:- https://www.amazon.ca/Restless-Legs-Calming-Creme-Cream/dp/B00ISABON6/?_encoding=UTF8&amp;pd_rd_w=488aL&amp;pf_rd_p=4cea6f64-eab2-4d91-8926-ca33871b7619&amp;pf_rd_r=P963MDBFFYMKMV08GYX8&amp;pd_rd_r=a3857271-d91d-4315-bd9b-26fe954d2c14&amp;pd_rd_wg=N0xJZ&amp;ref_=pd_gw_trq_ed expected [true] but found [false],
	503 -:- https://www.amazon.ca/Baby-Buddy-Toothbrush-Step-Yellow/dp/B00N6NM3CG/?_encoding=UTF8&amp;pd_rd_w=488aL&amp;pf_rd_p=4cea6f64-eab2-4d91-8926-ca33871b7619&amp;pf_rd_r=P963MDBFFYMKMV08GYX8&amp;pd_rd_r=a3857271-d91d-4315-bd9b-26fe954d2c14&amp;pd_rd_wg=N0xJZ&amp;ref_=pd_gw_trq_ed expected [true] but found [false],
	503 -:- https://www.amazon.ca/Bekith-Clear-Plastic-Cosmetic-Containers/dp/B06XDT3RT8/?_encoding=UTF8&amp;pd_rd_w=488aL&amp;pf_rd_p=4cea6f64-eab2-4d91-8926-ca33871b7619&amp;pf_rd_r=P963MDBFFYMKMV08GYX8&amp;pd_rd_r=a3857271-d91d-4315-bd9b-26fe954d2c14&amp;pd_rd_wg=N0xJZ&amp;ref_=pd_gw_trq_ed expected [true] but found [false],
	503 -:- https://www.amazon.ca/Nursery-Fresh-Diaper-Refill-8-Piece/dp/B01C5PQVUA/?_encoding=UTF8&amp;pd_rd_w=488aL&amp;pf_rd_p=4cea6f64-eab2-4d91-8926-ca33871b7619&amp;pf_rd_r=P963MDBFFYMKMV08GYX8&amp;pd_rd_r=a3857271-d91d-4315-bd9b-26fe954d2c14&amp;pd_rd_wg=N0xJZ&amp;ref_=pd_gw_trq_ed expected [true] but found [false],
	503 -:- https://www.amazon.ca/UCMD-Magnetic-Measurement-Childrens-Decoration/dp/B08BHJDKPN/?_encoding=UTF8&amp;pd_rd_w=488aL&amp;pf_rd_p=4cea6f64-eab2-4d91-8926-ca33871b7619&amp;pf_rd_r=P963MDBFFYMKMV08GYX8&amp;pd_rd_r=a3857271-d91d-4315-bd9b-26fe954d2c14&amp;pd_rd_wg=N0xJZ&amp;ref_=pd_gw_trq_ed expected [true] but found [false],
	503 -:- https://www.amazon.ca/MAM-Air-Pacifer-Boy-Months/dp/B06XHCMVVF/?_encoding=UTF8&amp;pd_rd_w=488aL&amp;pf_rd_p=4cea6f64-eab2-4d91-8926-ca33871b7619&amp;pf_rd_r=P963MDBFFYMKMV08GYX8&amp;pd_rd_r=a3857271-d91d-4315-bd9b-26fe954d2c14&amp;pd_rd_wg=N0xJZ&amp;ref_=pd_gw_trq_ed expected [true] but found [false],
	503 -:- https://www.amazon.ca/Kirkland-Signature-Ultra-Fragrance-Counts/dp/B079MCTVH2/?_encoding=UTF8&amp;pd_rd_w=488aL&amp;pf_rd_p=4cea6f64-eab2-4d91-8926-ca33871b7619&amp;pf_rd_r=P963MDBFFYMKMV08GYX8&amp;pd_rd_r=a3857271-d91d-4315-bd9b-26fe954d2c14&amp;pd_rd_wg=N0xJZ&amp;ref_=pd_gw_trq_ed expected [true] but found [false],
	503 -:- https://www.amazon.ca/Oxo-Tot-Potty-Refill-Count/dp/B00NFJICL2/?_encoding=UTF8&amp;pd_rd_w=488aL&amp;pf_rd_p=4cea6f64-eab2-4d91-8926-ca33871b7619&amp;pf_rd_r=P963MDBFFYMKMV08GYX8&amp;pd_rd_r=a3857271-d91d-4315-bd9b-26fe954d2c14&amp;pd_rd_wg=N0xJZ&amp;ref_=pd_gw_trq_ed expected [true] but found [false],
	503 -:- https://www.amazon.ca/b?node=20950787011 expected [true] but found [false],
	503 -:- https://www.amazon.ca/b?node=16708697011 expected [true] but found [false],
	503 -:- https://www.amazon.ca/b/ref=OUT_P_DQC_D_EN_CA?node=12477923011 expected [true] but found [false],
	503 -:- https://www.amazon.ca/b/ref=OUT_PC_DQC_D_EN_CA?node=18353984011 expected [true] but found [false],
	503 -:- https://www.amazon.ca/b/ref=OUT_DQC_D_EN_CA?node=9833876011 expected [true] but found [false],
	503 -:- https://www.amazon.ca/b?node=677246011 expected [true] but found [false],
	503 -:- https://www.amazon.ca/gcx/Office-organization-and-tax-prep/gfhz/events/?categoryId=office-and-tax-21 expected [true] but found [false],
	503 -:- https://www.amazon.ca/My-Fair-Lady-Blu-ray/dp/B08WJTPZDN/?_encoding=UTF8&amp;pd_rd_w=njkQN&amp;pf_rd_p=0d524680-5784-4706-81b2-6c35f269f5bd&amp;pf_rd_r=P963MDBFFYMKMV08GYX8&amp;pd_rd_r=a3857271-d91d-4315-bd9b-26fe954d2c14&amp;pd_rd_wg=N0xJZ&amp;ref_=pd_gw_crs_zg_bs_917972 expected [true] but found [false],
	503 -:- https://www.amazon.ca/Wonder-Woman-1984-Blu-ray-Digital/dp/B08WD38QSM/?_encoding=UTF8&amp;pd_rd_w=njkQN&amp;pf_rd_p=0d524680-5784-4706-81b2-6c35f269f5bd&amp;pf_rd_r=P963MDBFFYMKMV08GYX8&amp;pd_rd_r=a3857271-d91d-4315-bd9b-26fe954d2c14&amp;pd_rd_wg=N0xJZ&amp;ref_=pd_gw_crs_zg_bs_917972 expected [true] but found [false],
	503 -:- https://www.amazon.ca/Lord-Rings-Picture-Extended-Theatrical/dp/B08KQBYM1Y/?_encoding=UTF8&amp;pd_rd_w=njkQN&amp;pf_rd_p=0d524680-5784-4706-81b2-6c35f269f5bd&amp;pf_rd_r=P963MDBFFYMKMV08GYX8&amp;pd_rd_r=a3857271-d91d-4315-bd9b-26fe954d2c14&amp;pd_rd_wg=N0xJZ&amp;ref_=pd_gw_crs_zg_bs_917972 expected [true] but found [false],
	503 -:- https://www.amazon.ca/SOUL-Blu-ray-Bilingual-Jamie-Foxx/dp/B08X6DRP3K/?_encoding=UTF8&amp;pd_rd_w=njkQN&amp;pf_rd_p=0d524680-5784-4706-81b2-6c35f269f5bd&amp;pf_rd_r=P963MDBFFYMKMV08GYX8&amp;pd_rd_r=a3857271-d91d-4315-bd9b-26fe954d2c14&amp;pd_rd_wg=N0xJZ&amp;ref_=pd_gw_crs_zg_bs_917972 expected [true] but found [false],
	503 -:- https://www.amazon.ca/WILLYS-WONDERLAND-denfer-Blu-ray-Bilingual/dp/B08Y4J65JF/?_encoding=UTF8&amp;pd_rd_w=njkQN&amp;pf_rd_p=0d524680-5784-4706-81b2-6c35f269f5bd&amp;pf_rd_r=P963MDBFFYMKMV08GYX8&amp;pd_rd_r=a3857271-d91d-4315-bd9b-26fe954d2c14&amp;pd_rd_wg=N0xJZ&amp;ref_=pd_gw_crs_zg_bs_917972 expected [true] but found [false],
	503 -:- https://www.amazon.ca/Harley-Quinn-Complete-Seasons-Blu-ray/dp/B08SPLVS3V/?_encoding=UTF8&amp;pd_rd_w=njkQN&amp;pf_rd_p=0d524680-5784-4706-81b2-6c35f269f5bd&amp;pf_rd_r=P963MDBFFYMKMV08GYX8&amp;pd_rd_r=a3857271-d91d-4315-bd9b-26fe954d2c14&amp;pd_rd_wg=N0xJZ&amp;ref_=pd_gw_crs_zg_bs_917972 expected [true] but found [false],
	503 -:- https://www.amazon.ca/Wonder-Woman-Blu-ray-Digital-Ultra/dp/B08WD2SK5Z/?_encoding=UTF8&amp;pd_rd_w=njkQN&amp;pf_rd_p=0d524680-5784-4706-81b2-6c35f269f5bd&amp;pf_rd_r=P963MDBFFYMKMV08GYX8&amp;pd_rd_r=a3857271-d91d-4315-bd9b-26fe954d2c14&amp;pd_rd_wg=N0xJZ&amp;ref_=pd_gw_crs_zg_bs_917972 expected [true] but found [false],
	503 -:- https://www.amazon.ca/That-70s-Show-Mila-Kunis/dp/B00BUWD7Y8/?_encoding=UTF8&amp;pd_rd_w=njkQN&amp;pf_rd_p=0d524680-5784-4706-81b2-6c35f269f5bd&amp;pf_rd_r=P963MDBFFYMKMV08GYX8&amp;pd_rd_r=a3857271-d91d-4315-bd9b-26fe954d2c14&amp;pd_rd_wg=N0xJZ&amp;ref_=pd_gw_crs_zg_bs_917972 expected [true] but found [false],
	503 -:- https://www.amazon.ca/Apocalypse-Now-Final-Cut-Blu-ray/dp/6317864039/?_encoding=UTF8&amp;pd_rd_w=njkQN&amp;pf_rd_p=0d524680-5784-4706-81b2-6c35f269f5bd&amp;pf_rd_r=P963MDBFFYMKMV08GYX8&amp;pd_rd_r=a3857271-d91d-4315-bd9b-26fe954d2c14&amp;pd_rd_wg=N0xJZ&amp;ref_=pd_gw_crs_zg_bs_917972 expected [true] but found [false],
	503 -:- https://www.amazon.ca/Marksman-Blu-ray-Digital/dp/B08Z9W52YQ/?_encoding=UTF8&amp;pd_rd_w=njkQN&amp;pf_rd_p=0d524680-5784-4706-81b2-6c35f269f5bd&amp;pf_rd_r=P963MDBFFYMKMV08GYX8&amp;pd_rd_r=a3857271-d91d-4315-bd9b-26fe954d2c14&amp;pd_rd_wg=N0xJZ&amp;ref_=pd_gw_crs_zg_bs_917972 expected [true] but found [false],
	503 -:- https://www.amazon.ca/Drunken-Master-Blu-ray-DRUNKEN-MASTER/dp/B092GRKXRR/?_encoding=UTF8&amp;pd_rd_w=njkQN&amp;pf_rd_p=0d524680-5784-4706-81b2-6c35f269f5bd&amp;pf_rd_r=P963MDBFFYMKMV08GYX8&amp;pd_rd_r=a3857271-d91d-4315-bd9b-26fe954d2c14&amp;pd_rd_wg=N0xJZ&amp;ref_=pd_gw_crs_zg_bs_917972 expected [true] but found [false],
	503 -:- https://www.amazon.ca/Harry-Potter-Complete-Collection-Bilingual/dp/B005Q6TB44/?_encoding=UTF8&amp;pd_rd_w=njkQN&amp;pf_rd_p=0d524680-5784-4706-81b2-6c35f269f5bd&amp;pf_rd_r=P963MDBFFYMKMV08GYX8&amp;pd_rd_r=a3857271-d91d-4315-bd9b-26fe954d2c14&amp;pd_rd_wg=N0xJZ&amp;ref_=pd_gw_crs_zg_bs_917972 expected [true] but found [false],
	503 -:- https://www.amazon.ca/RAYA-LAST-DRAGON-BILINGUE-Blu-ray/dp/B092J6NRWD/?_encoding=UTF8&amp;pd_rd_w=njkQN&amp;pf_rd_p=0d524680-5784-4706-81b2-6c35f269f5bd&amp;pf_rd_r=P963MDBFFYMKMV08GYX8&amp;pd_rd_r=a3857271-d91d-4315-bd9b-26fe954d2c14&amp;pd_rd_wg=N0xJZ&amp;ref_=pd_gw_crs_zg_bs_917972 expected [true] but found [false],
	503 -:- https://www.amazon.ca/Complete-Collection-Seasons-Feature-Bilingual/dp/B07GRN3D7X/?_encoding=UTF8&amp;pd_rd_w=njkQN&amp;pf_rd_p=0d524680-5784-4706-81b2-6c35f269f5bd&amp;pf_rd_r=P963MDBFFYMKMV08GYX8&amp;pd_rd_r=a3857271-d91d-4315-bd9b-26fe954d2c14&amp;pd_rd_wg=N0xJZ&amp;ref_=pd_gw_crs_zg_bs_917972 expected [true] but found [false],
	503 -:- https://www.amazon.ca/Saving-Private-Ryan-Blu-ray/dp/B079ZT1Y4P/?_encoding=UTF8&amp;pd_rd_w=njkQN&amp;pf_rd_p=0d524680-5784-4706-81b2-6c35f269f5bd&amp;pf_rd_r=P963MDBFFYMKMV08GYX8&amp;pd_rd_r=a3857271-d91d-4315-bd9b-26fe954d2c14&amp;pd_rd_wg=N0xJZ&amp;ref_=pd_gw_crs_zg_bs_917972 expected [true] but found [false],
	503 -:- https://www.amazon.ca/GODZILLA-SHOWA-ERA-FILMS-1954-1975-Blu-ray/dp/B07VLJ9KB6/?_encoding=UTF8&amp;pd_rd_w=njkQN&amp;pf_rd_p=0d524680-5784-4706-81b2-6c35f269f5bd&amp;pf_rd_r=P963MDBFFYMKMV08GYX8&amp;pd_rd_r=a3857271-d91d-4315-bd9b-26fe954d2c14&amp;pd_rd_wg=N0xJZ&amp;ref_=pd_gw_crs_zg_bs_917972 expected [true] but found [false],
	503 -:- https://www.amazon.ca/Cartoon-Network-Adventure-Time-Complete/dp/B07NHPYQ1R/?_encoding=UTF8&amp;pd_rd_w=njkQN&amp;pf_rd_p=0d524680-5784-4706-81b2-6c35f269f5bd&amp;pf_rd_r=P963MDBFFYMKMV08GYX8&amp;pd_rd_r=a3857271-d91d-4315-bd9b-26fe954d2c14&amp;pd_rd_wg=N0xJZ&amp;ref_=pd_gw_crs_zg_bs_917972 expected [true] but found [false],
	503 -:- https://www.amazon.ca/Friends-Complete-Collection-Anniversary-Repackaged/dp/B07S86K91M/?_encoding=UTF8&amp;pd_rd_w=njkQN&amp;pf_rd_p=0d524680-5784-4706-81b2-6c35f269f5bd&amp;pf_rd_r=P963MDBFFYMKMV08GYX8&amp;pd_rd_r=a3857271-d91d-4315-bd9b-26fe954d2c14&amp;pd_rd_wg=N0xJZ&amp;ref_=pd_gw_crs_zg_bs_917972 expected [true] but found [false],
	503 -:- https://www.amazon.ca/Gourmet-Detective-5-Film-Collection/dp/B091G4281M/?_encoding=UTF8&amp;pd_rd_w=njkQN&amp;pf_rd_p=0d524680-5784-4706-81b2-6c35f269f5bd&amp;pf_rd_r=P963MDBFFYMKMV08GYX8&amp;pd_rd_r=a3857271-d91d-4315-bd9b-26fe954d2c14&amp;pd_rd_wg=N0xJZ&amp;ref_=pd_gw_crs_zg_bs_917972 expected [true] but found [false],
	503 -:- https://www.amazon.ca/Fifth-Element-Blu-ray-UltraViolet-Bilingual/dp/B0719JT611/?_encoding=UTF8&amp;pd_rd_w=njkQN&amp;pf_rd_p=0d524680-5784-4706-81b2-6c35f269f5bd&amp;pf_rd_r=P963MDBFFYMKMV08GYX8&amp;pd_rd_r=a3857271-d91d-4315-bd9b-26fe954d2c14&amp;pd_rd_wg=N0xJZ&amp;ref_=pd_gw_crs_zg_bs_917972 expected [true] but found [false],
	503 -:- https://www.amazon.ca/Schitts-Creek-Complete-Collection-Seasons/dp/B08CMYCCGW/?_encoding=UTF8&amp;pd_rd_w=njkQN&amp;pf_rd_p=0d524680-5784-4706-81b2-6c35f269f5bd&amp;pf_rd_r=P963MDBFFYMKMV08GYX8&amp;pd_rd_r=a3857271-d91d-4315-bd9b-26fe954d2c14&amp;pd_rd_wg=N0xJZ&amp;ref_=pd_gw_crs_zg_bs_917972 expected [true] but found [false],
	503 -:- https://www.amazon.ca/Monster-Hunter-Blu-ray-Bilingual-Jovovich/dp/B08QS9278Z/?_encoding=UTF8&amp;pd_rd_w=njkQN&amp;pf_rd_p=0d524680-5784-4706-81b2-6c35f269f5bd&amp;pf_rd_r=P963MDBFFYMKMV08GYX8&amp;pd_rd_r=a3857271-d91d-4315-bd9b-26fe954d2c14&amp;pd_rd_wg=N0xJZ&amp;ref_=pd_gw_crs_zg_bs_917972 expected [true] but found [false],
	503 -:- https://www.amazon.ca/b/?&amp;node=2618860011&amp;pd_rd_w=ebY5I&amp;pf_rd_p=ca4446e4-1083-4d6c-9a85-b039bd62054b&amp;pf_rd_r=P963MDBFFYMKMV08GYX8&amp;pd_rd_r=a3857271-d91d-4315-bd9b-26fe954d2c14&amp;pd_rd_wg=N0xJZ expected [true] but found [false],
	503 -:- https://www.amazon.ca/Tomb-Raider-Bilingual-Blu-Ray-Digital/dp/B07BZBCWV8/?_encoding=UTF8&amp;pd_rd_w=ebY5I&amp;pf_rd_p=ca4446e4-1083-4d6c-9a85-b039bd62054b&amp;pf_rd_r=P963MDBFFYMKMV08GYX8&amp;pd_rd_r=a3857271-d91d-4315-bd9b-26fe954d2c14&amp;pd_rd_wg=N0xJZ&amp;ref_=pd_gw_unk expected [true] but found [false],
	503 -:- https://www.amazon.ca/Panther-Blu-ray-Bilingual-Chadwick-Boseman/dp/B079FLP3R2/?_encoding=UTF8&amp;pd_rd_w=ebY5I&amp;pf_rd_p=ca4446e4-1083-4d6c-9a85-b039bd62054b&amp;pf_rd_r=P963MDBFFYMKMV08GYX8&amp;pd_rd_r=a3857271-d91d-4315-bd9b-26fe954d2c14&amp;pd_rd_wg=N0xJZ&amp;ref_=pd_gw_unk expected [true] but found [false],
	503 -:- https://www.amazon.ca/Star-Wars-Episode-Blu-ray-Bilingual/dp/B0788FL36D/?_encoding=UTF8&amp;pd_rd_w=ebY5I&amp;pf_rd_p=ca4446e4-1083-4d6c-9a85-b039bd62054b&amp;pf_rd_r=P963MDBFFYMKMV08GYX8&amp;pd_rd_r=a3857271-d91d-4315-bd9b-26fe954d2c14&amp;pd_rd_wg=N0xJZ&amp;ref_=pd_gw_unk expected [true] but found [false],
	503 -:- https://www.amazon.ca/Wonder-Woman-Blu-ray-Chris-Wright/dp/B071LSNTVC/?_encoding=UTF8&amp;pd_rd_w=ebY5I&amp;pf_rd_p=ca4446e4-1083-4d6c-9a85-b039bd62054b&amp;pf_rd_r=P963MDBFFYMKMV08GYX8&amp;pd_rd_r=a3857271-d91d-4315-bd9b-26fe954d2c14&amp;pd_rd_wg=N0xJZ&amp;ref_=pd_gw_unk expected [true] but found [false],
	503 -:- https://www.amazon.ca/Spider-Man-Homecoming-Bilingual-Tom-Holland/dp/B073S1R6KJ/?_encoding=UTF8&amp;pd_rd_w=ebY5I&amp;pf_rd_p=ca4446e4-1083-4d6c-9a85-b039bd62054b&amp;pf_rd_r=P963MDBFFYMKMV08GYX8&amp;pd_rd_r=a3857271-d91d-4315-bd9b-26fe954d2c14&amp;pd_rd_wg=N0xJZ&amp;ref_=pd_gw_unk expected [true] but found [false],
	503 -:- https://www.amazon.ca/Single-Widescreen-Fullscreen-Biligual-Bilingual/dp/B0006UYNSY/?_encoding=UTF8&amp;pd_rd_w=ebY5I&amp;pf_rd_p=ca4446e4-1083-4d6c-9a85-b039bd62054b&amp;pf_rd_r=P963MDBFFYMKMV08GYX8&amp;pd_rd_r=a3857271-d91d-4315-bd9b-26fe954d2c14&amp;pd_rd_wg=N0xJZ&amp;ref_=pd_gw_unk expected [true] but found [false],
	503 -:- https://www.amazon.ca/Hobbit-Desolation-Blu-ray-Digital-Bilingual/dp/B00IICJ5M6/?_encoding=UTF8&amp;pd_rd_w=ebY5I&amp;pf_rd_p=ca4446e4-1083-4d6c-9a85-b039bd62054b&amp;pf_rd_r=P963MDBFFYMKMV08GYX8&amp;pd_rd_r=a3857271-d91d-4315-bd9b-26fe954d2c14&amp;pd_rd_wg=N0xJZ&amp;ref_=pd_gw_unk expected [true] but found [false],
	503 -:- https://www.amazon.ca/Rise-Planet-Apes-Bilingual-Blu-ray/dp/B00JF5G8V6/?_encoding=UTF8&amp;pd_rd_w=ebY5I&amp;pf_rd_p=ca4446e4-1083-4d6c-9a85-b039bd62054b&amp;pf_rd_r=P963MDBFFYMKMV08GYX8&amp;pd_rd_r=a3857271-d91d-4315-bd9b-26fe954d2c14&amp;pd_rd_wg=N0xJZ&amp;ref_=pd_gw_unk expected [true] but found [false],
	503 -:- https://www.amazon.ca/X-Men-Ultimate-Blu-ray-Digital-Bilingual/dp/B00KI2FYC4/?_encoding=UTF8&amp;pd_rd_w=ebY5I&amp;pf_rd_p=ca4446e4-1083-4d6c-9a85-b039bd62054b&amp;pf_rd_r=P963MDBFFYMKMV08GYX8&amp;pd_rd_r=a3857271-d91d-4315-bd9b-26fe954d2c14&amp;pd_rd_wg=N0xJZ&amp;ref_=pd_gw_unk expected [true] but found [false],
	503 -:- https://www.amazon.ca/Titanic-Blu-ray-Digital-Sous-titres-fran%C3%A7ais/dp/B007UPWIZ8/?_encoding=UTF8&amp;pd_rd_w=ebY5I&amp;pf_rd_p=ca4446e4-1083-4d6c-9a85-b039bd62054b&amp;pf_rd_r=P963MDBFFYMKMV08GYX8&amp;pd_rd_r=a3857271-d91d-4315-bd9b-26fe954d2c14&amp;pd_rd_wg=N0xJZ&amp;ref_=pd_gw_unk expected [true] but found [false],
	503 -:- https://www.amazon.ca/Justice-League-Blu-ray-Jim-Rowe/dp/B077H7PX1M/?_encoding=UTF8&amp;pd_rd_w=ebY5I&amp;pf_rd_p=ca4446e4-1083-4d6c-9a85-b039bd62054b&amp;pf_rd_r=P963MDBFFYMKMV08GYX8&amp;pd_rd_r=a3857271-d91d-4315-bd9b-26fe954d2c14&amp;pd_rd_wg=N0xJZ&amp;ref_=pd_gw_unk expected [true] but found [false],
	503 -:- https://www.amazon.ca/John-Wick-Chapter-Blu-ray-Bilingual/dp/B06ZZ5RMNH/?_encoding=UTF8&amp;pd_rd_w=ebY5I&amp;pf_rd_p=ca4446e4-1083-4d6c-9a85-b039bd62054b&amp;pf_rd_r=P963MDBFFYMKMV08GYX8&amp;pd_rd_r=a3857271-d91d-4315-bd9b-26fe954d2c14&amp;pd_rd_wg=N0xJZ&amp;ref_=pd_gw_unk expected [true] but found [false],
	503 -:- https://www.amazon.ca/Westworld-Complete-Season-Blu-ray-Digital/dp/B073X2V62Y/?_encoding=UTF8&amp;pd_rd_w=ebY5I&amp;pf_rd_p=ca4446e4-1083-4d6c-9a85-b039bd62054b&amp;pf_rd_r=P963MDBFFYMKMV08GYX8&amp;pd_rd_r=a3857271-d91d-4315-bd9b-26fe954d2c14&amp;pd_rd_wg=N0xJZ&amp;ref_=pd_gw_unk expected [true] but found [false],
	503 -:- https://www.amazon.ca/Guardians-Galaxy-Blu-ray-Digital-Bilingual/dp/B06ZXWR8C5/?_encoding=UTF8&amp;pd_rd_w=ebY5I&amp;pf_rd_p=ca4446e4-1083-4d6c-9a85-b039bd62054b&amp;pf_rd_r=P963MDBFFYMKMV08GYX8&amp;pd_rd_r=a3857271-d91d-4315-bd9b-26fe954d2c14&amp;pd_rd_wg=N0xJZ&amp;ref_=pd_gw_unk expected [true] but found [false],
	503 -:- https://www.amazon.ca/Flashdance-Blu-ray/dp/B072ZVV89V/?_encoding=UTF8&amp;pd_rd_w=ebY5I&amp;pf_rd_p=ca4446e4-1083-4d6c-9a85-b039bd62054b&amp;pf_rd_r=P963MDBFFYMKMV08GYX8&amp;pd_rd_r=a3857271-d91d-4315-bd9b-26fe954d2c14&amp;pd_rd_wg=N0xJZ&amp;ref_=pd_gw_unk expected [true] but found [false],
	503 -:- https://www.amazon.ca/Deadpool-Blu-ray-Digital-Copy-Bilingual/dp/B01BT0BFSU/?_encoding=UTF8&amp;pd_rd_w=ebY5I&amp;pf_rd_p=ca4446e4-1083-4d6c-9a85-b039bd62054b&amp;pf_rd_r=P963MDBFFYMKMV08GYX8&amp;pd_rd_r=a3857271-d91d-4315-bd9b-26fe954d2c14&amp;pd_rd_wg=N0xJZ&amp;ref_=pd_gw_unk expected [true] but found [false],
	503 -:- https://www.amazon.ca/dp/B08Y71W71Z/ref=ODS_GW_Lch_DDC_TAB_TP expected [true] but found [false],
	503 -:- https://www.amazon.ca/dp/B08H5NFLP1/ref=ODS_GW_Lch_DDC_TAB_OM expected [true] but found [false],
	503 -:- https://www.amazon.ca/dp/B08F6BPN47/ref=ODS_GW_Lch_DDC_TAB_TK expected [true] but found [false],
	503 -:- https://www.amazon.ca/dp/B08F5Z44BV/ref=ODS_GW_Lch_DDC_TAB_TK expected [true] but found [false],
	503 -:- https://www.amazon.ca/gp/browse.html?node=17386908011&amp;ref_=ODS_GW_Lch_DDC_TAB_TPLM expected [true] but found [false],
	503 -:- https://www.amazon.ca/b?node=18265351011 expected [true] but found [false],
	503 -:- https://www.amazon.ca/b?node=18265351011 expected [true] but found [false],
	503 -:- https://www.amazon.ca/b?node=14611777011 expected [true] but found [false],
	503 -:- https://www.amazon.ca/b?node=14611777011 expected [true] but found [false],
	503 -:- https://www.amazon.ca/b?node=23176341011 expected [true] but found [false],
	503 -:- https://www.amazon.ca/b?node=23176341011 expected [true] but found [false],
	503 -:- https://www.amazon.ca/b/?&amp;node=16209183011&amp;pd_rd_w=eOewR&amp;pf_rd_p=2878e438-72d8-47f3-993e-302dd02436ff&amp;pf_rd_r=P963MDBFFYMKMV08GYX8&amp;pd_rd_r=a3857271-d91d-4315-bd9b-26fe954d2c14&amp;pd_rd_wg=N0xJZ expected [true] but found [false],
	503 -:- https://www.amazon.ca/Ring-Video-Doorbell-Works-Alexa/dp/B01DM6BDA4/?_encoding=UTF8&amp;pd_rd_w=eOewR&amp;pf_rd_p=2878e438-72d8-47f3-993e-302dd02436ff&amp;pf_rd_r=P963MDBFFYMKMV08GYX8&amp;pd_rd_r=a3857271-d91d-4315-bd9b-26fe954d2c14&amp;pd_rd_wg=N0xJZ&amp;ref_=pd_gw_unk expected [true] but found [false],
	503 -:- https://www.amazon.ca/Philips-Motion-Sensor-Compatible-Assistant/dp/B01KJYSOGI/?_encoding=UTF8&amp;pd_rd_w=eOewR&amp;pf_rd_p=2878e438-72d8-47f3-993e-302dd02436ff&amp;pf_rd_r=P963MDBFFYMKMV08GYX8&amp;pd_rd_r=a3857271-d91d-4315-bd9b-26fe954d2c14&amp;pd_rd_wg=N0xJZ&amp;ref_=pd_gw_unk expected [true] but found [false],
	503 -:- https://www.amazon.ca/Nest-Outdoor-Surveillance-Camera-Amazon/dp/B01IOW8FQQ/?_encoding=UTF8&amp;pd_rd_w=eOewR&amp;pf_rd_p=2878e438-72d8-47f3-993e-302dd02436ff&amp;pf_rd_r=P963MDBFFYMKMV08GYX8&amp;pd_rd_r=a3857271-d91d-4315-bd9b-26fe954d2c14&amp;pd_rd_wg=N0xJZ&amp;ref_=pd_gw_unk expected [true] but found [false],
	503 -:- https://www.amazon.ca/TP-Link-Required-Requires-Assistant-HS200/dp/B01EZV35QU/?_encoding=UTF8&amp;pd_rd_w=eOewR&amp;pf_rd_p=2878e438-72d8-47f3-993e-302dd02436ff&amp;pf_rd_r=P963MDBFFYMKMV08GYX8&amp;pd_rd_r=a3857271-d91d-4315-bd9b-26fe954d2c14&amp;pd_rd_wg=N0xJZ&amp;ref_=pd_gw_unk expected [true] but found [false],
	503 -:- https://www.amazon.ca/Nest-Indoor-Security-Camera-Amazon/dp/B00XJ59Q4E/?_encoding=UTF8&amp;pd_rd_w=eOewR&amp;pf_rd_p=2878e438-72d8-47f3-993e-302dd02436ff&amp;pf_rd_r=P963MDBFFYMKMV08GYX8&amp;pd_rd_r=a3857271-d91d-4315-bd9b-26fe954d2c14&amp;pd_rd_wg=N0xJZ&amp;ref_=pd_gw_unk expected [true] but found [false],
	503 -:- https://www.amazon.ca/Nest-Learning-Thermostat-Generation-Amazon/dp/B012R8MVHC/?_encoding=UTF8&amp;pd_rd_w=eOewR&amp;pf_rd_p=2878e438-72d8-47f3-993e-302dd02436ff&amp;pf_rd_r=P963MDBFFYMKMV08GYX8&amp;pd_rd_r=a3857271-d91d-4315-bd9b-26fe954d2c14&amp;pd_rd_wg=N0xJZ&amp;ref_=pd_gw_unk expected [true] but found [false],
	503 -:- https://www.amazon.ca/NETGEAR-N300-WiFi-Range-Extender/dp/B00L0YLRUW/?_encoding=UTF8&amp;pd_rd_w=eOewR&amp;pf_rd_p=2878e438-72d8-47f3-993e-302dd02436ff&amp;pf_rd_r=P963MDBFFYMKMV08GYX8&amp;pd_rd_r=a3857271-d91d-4315-bd9b-26fe954d2c14&amp;pd_rd_wg=N0xJZ&amp;ref_=pd_gw_unk expected [true] but found [false],
	503 -:- https://www.amazon.ca/PHILIPS-Starter-Compatible-Amazon-Assistant/dp/B01BGJN780/?_encoding=UTF8&amp;pd_rd_w=eOewR&amp;pf_rd_p=2878e438-72d8-47f3-993e-302dd02436ff&amp;pf_rd_r=P963MDBFFYMKMV08GYX8&amp;pd_rd_r=a3857271-d91d-4315-bd9b-26fe954d2c14&amp;pd_rd_wg=N0xJZ&amp;ref_=pd_gw_unk expected [true] but found [false],
	503 -:- https://www.amazon.ca/Honeywell-RCHT8610WF2006-Programmable-Touchscreen-Thermostat/dp/B01LTHM8LG/?_encoding=UTF8&amp;pd_rd_w=eOewR&amp;pf_rd_p=2878e438-72d8-47f3-993e-302dd02436ff&amp;pf_rd_r=P963MDBFFYMKMV08GYX8&amp;pd_rd_r=a3857271-d91d-4315-bd9b-26fe954d2c14&amp;pd_rd_wg=N0xJZ&amp;ref_=pd_gw_unk expected [true] but found [false],
	503 -:- https://www.amazon.ca/Linksys-AC1200-Wireless-Gigabit-EA6350-CA/dp/B00S0AQZFG/?_encoding=UTF8&amp;pd_rd_w=eOewR&amp;pf_rd_p=2878e438-72d8-47f3-993e-302dd02436ff&amp;pf_rd_r=P963MDBFFYMKMV08GYX8&amp;pd_rd_r=a3857271-d91d-4315-bd9b-26fe954d2c14&amp;pd_rd_wg=N0xJZ&amp;ref_=pd_gw_unk expected [true] but found [false],
	503 -:- https://accelerator.amazon.ca/?ref_=map_1_b2b_GW_FT expected [true] but found [false],
	503 -:- https://www.amazon.ca/b/?node=16927192011&amp;ld=AZCAHND-footer&amp;ref_=footer_sell expected [true] but found [false],
	503 -:- https://www.amazon.ca/b?ie=UTF8&amp;node=15576834011 expected [true] but found [false],
	503 -:- https://www.amazon.ca/dp/B07MJM4F44?plattr=CACBCCFOOT&amp;ref_=nav_cbcc_ca_footer expected [true] but found [false],
	503 -:- https://www.amazon.ca/gp/browse.html?node=21371066011&amp;ref_=footer_swp expected [true] but found [false],
	503 -:- https://www.amazon.ca/gp/gc/create?ref_=footer_reload_ca expected [true] but found [false],
	503 -:- https://www.amazon.ca/gp/browse.html?node=8438004011&amp;ref_=footer_tfx_ca_en expected [true] but found [false],
	503 -:- https://www.amazon.ca/gp/browse.html?node=9230166011&amp;ref_=footer_gift_cards_ca_en expected [true] but found [false],
	503 -:- https://www.amazon.ca/gp/browse.html?node=17321486011&amp;ref_=footer_cash_ca_en expected [true] but found [false],
	503 -:- https://www.amazon.ca/gp/help/customer/display.html?nodeId=915470&amp;ref_=footer_shiprates expected [true] but found [false],
	503 -:- https://www.amazon.ca/gp/css/returns/homepage.html?ref_=footer_hy_f_4 expected [true] but found [false],
	503 -:- https://www.amazon.ca/?ref_=footer_logo expected [true] but found [false],
	503 -:- https://www.amazon.ca/gp/browse.html?node=16055945011&amp;ref_=_ca_footer_drive expected [true] but found [false],
	503 -:- https://www.amazon.ca/gp/browse.html?node=16055944011&amp;ref_=_gno_p_foot expected [true] but found [false],
	503 -:- https://www.amazon.ca/gp/browse.html?node=8929975011&amp;ref_=footer_warehouse_deals expected [true] but found [false]" type="java.lang.AssertionError">
      <![CDATA[java.lang.AssertionError: The following asserts failed:
503 -:- https://www.amazon.ca/ref=nav_logo expected [true] but found [false],
503 -:- https://www.amazon.ca/gp/cart/view.html?ref_=nav_cart expected [true] but found [false],
403 -:- https://www.amazon.ca/gp/css/homepage.html?ref_=nav_AccountFlyout_ya expected [true] but found [false],
503 -:- https://www.amazon.ca/dp/B07MJM4F44?plattr=CACBCCNAVACC&ref_=nav_cbcc_ca_account expected [true] but found [false],
403 -:- https://www.amazon.ca/business/register/org/landing?ref_=nav_AccountFlyout_b2b_reg expected [true] but found [false],
503 -:- https://www.amazon.ca/Best-Sellers-generic/zgbs/?ref_=nav_cs_bestsellers_5e07a0361d744326ae799da4b354adca expected [true] but found [false],
503 -:- https://www.amazon.ca/Electronics-Accessories/b/?ie=UTF8&node=667823011&ref_=nav_cs_electronics_c9778bce4052480ab5f93f798f2de848 expected [true] but found [false],
503 -:- https://www.amazon.ca/gp/browse.html?node=2206275011&ref_=nav_cs_home_e30810812540476da315f95f4c1cba0c expected [true] but found [false],
503 -:- https://www.amazon.ca/books-used-books-textbooks/b/?ie=UTF8&node=916520&ref_=nav_cs_books_cfb4c7d7199e41ea967973a464d2fa4c expected [true] but found [false],
503 -:- https://www.amazon.ca/Computers-Accessories/b/?ie=UTF8&node=2404990011&ref_=nav_cs_pc_8ec80b6bbe6340c89729e8a4f68f684d expected [true] but found [false],
503 -:- https://www.amazon.ca/gp/browse.html?node=9230166011&ref_=nav_cs_gc_521dead25f684fd0b0c54d72ee7ac2c9 expected [true] but found [false],
503 -:- https://www.amazon.ca/Health-Personal-Care/b/?ie=UTF8&node=6205177011&ref_=nav_cs_hpc_389588d101974a76b1f2a1aec6148be2 expected [true] but found [false],
503 -:- https://www.amazon.ca/gp/browse.html?node=21204935011&ref_=nav_cs_fashion_e530da5716f3463aac61c1c214fede3b expected [true] but found [false],
503 -:- https://www.amazon.ca/video-games-hardware-accessories/b/?ie=UTF8&node=3198031&ref_=nav_cs_video_games_96df7f31fc134377b70784ea57f4ff5c expected [true] but found [false],
503 -:- https://www.amazon.ca/automotive/b/?ie=UTF8&node=6948389011&ref_=nav_cs_automotive_df4975bd27a649d59f0a0f346158957a expected [true] but found [false],
503 -:- https://www.amazon.ca/b/?node=15664730011&ld=AZCASOA-sell&ref_=nav_cs_sell_715b740e3393467491e925d9548385ae expected [true] but found [false],
503 -:- https://www.amazon.ca/grocery/b/?ie=UTF8&node=6967215011&ref_=nav_cs_grocery_96a59c746dd945d6a7d9911411f06a1b expected [true] but found [false],
503 -:- https://www.amazon.ca/sporting-goods/b/?ie=UTF8&node=2242989011&ref_=nav_cs_sports_8188fcfd7d6e449eab692f6d0371d9ff expected [true] but found [false],
503 -:- https://www.amazon.ca/Beauty/b/?ie=UTF8&node=6205124011&ref_=nav_cs_beauty_46f9bd5d21484218b9b15a4779dcd14a expected [true] but found [false],
503 -:- https://www.amazon.ca/gp/browse.html?node=2972705011&ref_=nav_cs_kindle_books_30c4ac32cf754895b19193fffbb9870c expected [true] but found [false],
503 -:- https://www.amazon.ca/Home-Improvement/b/?ie=UTF8&node=3006902011&ref_=nav_cs_hi_5ac6320bf57f4c35a6df23915e897e0c expected [true] but found [false],
503 -:- https://www.amazon.ca/pet-supplies-dog-cat-food-bed-toy/b/?ie=UTF8&node=6205514011&ref_=nav_cs_pets_e9098347e3f84d95a0fc0b55abe0df36 expected [true] but found [false],
503 -:- https://www.amazon.ca/gp/browse.html?node=3561346011&ref_=nav_cs_baby_4ca8c0ed74054e3392ac379629958f9c expected [true] but found [false],
503 -:- https://www.amazon.ca/access expected [true] but found [false],
503 -:- https://www.amazon.ca/b?node=23176341011 expected [true] but found [false],
503 -:- https://www.amazon.ca/dp/B07WDDCYPY/ref=ods_gw_vicc_RVD_AugEG_caEN expected [true] but found [false],
503 -:- https://www.amazon.ca/b?node=12218500011 expected [true] but found [false],
503 -:- https://www.amazon.ca/b?node=12218500011 expected [true] but found [false],
503 -:- https://www.amazon.ca/b/?node=17321486011&ref_=AC_CA_Q1_2021 expected [true] but found [false],
503 -:- https://www.amazon.ca/gp/site-directory/ref=gw_blb_gwc_unrec_0_shopall_fullstore expected [true] but found [false],
503 -:- https://www.amazon.ca/b?node=9833876011&ref_=gw_blb_gwc_unrec_2_outlet expected [true] but found [false],
503 -:- https://www.amazon.ca/PUMA-mens-Mens-Socks-Running/dp/B07PXTYMHW/?_encoding=UTF8&pd_rd_w=WzCvO&pf_rd_p=f95190d3-1242-461e-9e1e-c9293cea0789&pf_rd_r=P963MDBFFYMKMV08GYX8&pd_rd_r=a3857271-d91d-4315-bd9b-26fe954d2c14&pd_rd_wg=N0xJZ&ref_=pd_gw_crs_zg_bs_8604903011 expected [true] but found [false],
503 -:- https://www.amazon.ca/Hanes-O9264-Womens-Jersey-Short/dp/B016YKHX1S/?_encoding=UTF8&pd_rd_w=WzCvO&pf_rd_p=f95190d3-1242-461e-9e1e-c9293cea0789&pf_rd_r=P963MDBFFYMKMV08GYX8&pd_rd_r=a3857271-d91d-4315-bd9b-26fe954d2c14&pd_rd_wg=N0xJZ&ref_=pd_gw_crs_zg_bs_8604903011 expected [true] but found [false],
503 -:- https://www.amazon.ca/Amazon-Essentials-Standard-Pack-Performance/dp/B078VYC8WD/?_encoding=UTF8&pd_rd_w=WzCvO&pf_rd_p=f95190d3-1242-461e-9e1e-c9293cea0789&pf_rd_r=P963MDBFFYMKMV08GYX8&pd_rd_r=a3857271-d91d-4315-bd9b-26fe954d2c14&pd_rd_wg=N0xJZ&ref_=pd_gw_crs_zg_bs_8604903011 expected [true] but found [false],
503 -:- https://www.amazon.ca/KISSMODA-Hoodies-Pullover-Sweatshirt-Outwear/dp/B08JY7BZ34/?_encoding=UTF8&pd_rd_w=WzCvO&pf_rd_p=f95190d3-1242-461e-9e1e-c9293cea0789&pf_rd_r=P963MDBFFYMKMV08GYX8&pd_rd_r=a3857271-d91d-4315-bd9b-26fe954d2c14&pd_rd_wg=N0xJZ&ref_=pd_gw_crs_zg_bs_8604903011 expected [true] but found [false],
503 -:- https://www.amazon.ca/Carhartt-K87-Workwear-Short-Sleeve-T-Shirt/dp/B002G9UDKU/?_encoding=UTF8&pd_rd_w=WzCvO&pf_rd_p=f95190d3-1242-461e-9e1e-c9293cea0789&pf_rd_r=P963MDBFFYMKMV08GYX8&pd_rd_r=a3857271-d91d-4315-bd9b-26fe954d2c14&pd_rd_wg=N0xJZ&ref_=pd_gw_crs_zg_bs_8604903011 expected [true] but found [false],
503 -:- https://www.amazon.ca/Peecabe-Toddler-Breathable-Adjustable-Chin-Strap/dp/B088CMZY2R/?_encoding=UTF8&pd_rd_w=WzCvO&pf_rd_p=f95190d3-1242-461e-9e1e-c9293cea0789&pf_rd_r=P963MDBFFYMKMV08GYX8&pd_rd_r=a3857271-d91d-4315-bd9b-26fe954d2c14&pd_rd_wg=N0xJZ&ref_=pd_gw_crs_zg_bs_8604903011 expected [true] but found [false],
503 -:- https://www.amazon.ca/Sunzel-Control-Athletic-Workout-Pockets/dp/B07VFVLFD4/?_encoding=UTF8&pd_rd_w=WzCvO&pf_rd_p=f95190d3-1242-461e-9e1e-c9293cea0789&pf_rd_r=P963MDBFFYMKMV08GYX8&pd_rd_r=a3857271-d91d-4315-bd9b-26fe954d2c14&pd_rd_wg=N0xJZ&ref_=pd_gw_crs_zg_bs_8604903011 expected [true] but found [false],
503 -:- https://www.amazon.ca/ALONG-FIT-Pockets-Compression-Leggings/dp/B081FHQ1MN/?_encoding=UTF8&pd_rd_w=WzCvO&pf_rd_p=f95190d3-1242-461e-9e1e-c9293cea0789&pf_rd_r=P963MDBFFYMKMV08GYX8&pd_rd_r=a3857271-d91d-4315-bd9b-26fe954d2c14&pd_rd_wg=N0xJZ&ref_=pd_gw_crs_zg_bs_8604903011 expected [true] but found [false],
503 -:- https://www.amazon.ca/Gildan-Mens-5-Pack-Crew/dp/B08FQM7Q2G/?_encoding=UTF8&pd_rd_w=WzCvO&pf_rd_p=f95190d3-1242-461e-9e1e-c9293cea0789&pf_rd_r=P963MDBFFYMKMV08GYX8&pd_rd_r=a3857271-d91d-4315-bd9b-26fe954d2c14&pd_rd_wg=N0xJZ&ref_=pd_gw_crs_zg_bs_8604903011 expected [true] but found [false],
503 -:- https://www.amazon.ca/PUMA-womens-Half-terry-Runner-Socks/dp/B00GOMDGOA/?_encoding=UTF8&pd_rd_w=WzCvO&pf_rd_p=f95190d3-1242-461e-9e1e-c9293cea0789&pf_rd_r=P963MDBFFYMKMV08GYX8&pd_rd_r=a3857271-d91d-4315-bd9b-26fe954d2c14&pd_rd_wg=N0xJZ&ref_=pd_gw_crs_zg_bs_8604903011 expected [true] but found [false],
503 -:- https://www.amazon.ca/Queens-Here-Novelty-Fashion-Sleeveless/dp/B08BX4DQCD/?_encoding=UTF8&pd_rd_w=WzCvO&pf_rd_p=f95190d3-1242-461e-9e1e-c9293cea0789&pf_rd_r=P963MDBFFYMKMV08GYX8&pd_rd_r=a3857271-d91d-4315-bd9b-26fe954d2c14&pd_rd_wg=N0xJZ&ref_=pd_gw_crs_zg_bs_8604903011 expected [true] but found [false],
503 -:- https://www.amazon.ca/Warners-Standard-Blissful-Benefits-Ultrasoft/dp/B076GWVK1F/?_encoding=UTF8&pd_rd_w=WzCvO&pf_rd_p=f95190d3-1242-461e-9e1e-c9293cea0789&pf_rd_r=P963MDBFFYMKMV08GYX8&pd_rd_r=a3857271-d91d-4315-bd9b-26fe954d2c14&pd_rd_wg=N0xJZ&ref_=pd_gw_crs_zg_bs_8604903011 expected [true] but found [false],
503 -:- https://www.amazon.ca/wirarpa-Womens-Underwear-Leggings-Multipack/dp/B07H3J8CDN/?_encoding=UTF8&pd_rd_w=WzCvO&pf_rd_p=f95190d3-1242-461e-9e1e-c9293cea0789&pf_rd_r=P963MDBFFYMKMV08GYX8&pd_rd_r=a3857271-d91d-4315-bd9b-26fe954d2c14&pd_rd_wg=N0xJZ&ref_=pd_gw_crs_zg_bs_8604903011 expected [true] but found [false],
503 -:- https://www.amazon.ca/Saucony-womens-standard-Performance-No-show/dp/B0771RCW6Z/?_encoding=UTF8&pd_rd_w=WzCvO&pf_rd_p=f95190d3-1242-461e-9e1e-c9293cea0789&pf_rd_r=P963MDBFFYMKMV08GYX8&pd_rd_r=a3857271-d91d-4315-bd9b-26fe954d2c14&pd_rd_wg=N0xJZ&ref_=pd_gw_crs_zg_bs_8604903011 expected [true] but found [false],
503 -:- https://www.amazon.ca/Ranphee-Womens-Shoulder-Sleeves-T-Shirt/dp/B07Y3CY85R/?_encoding=UTF8&pd_rd_w=WzCvO&pf_rd_p=f95190d3-1242-461e-9e1e-c9293cea0789&pf_rd_r=P963MDBFFYMKMV08GYX8&pd_rd_r=a3857271-d91d-4315-bd9b-26fe954d2c14&pd_rd_wg=N0xJZ&ref_=pd_gw_crs_zg_bs_8604903011 expected [true] but found [false],
503 -:- https://www.amazon.ca/Wrangler-Authentics-Premium-Twill-Cargo/dp/B00XKXI380/?_encoding=UTF8&pd_rd_w=WzCvO&pf_rd_p=f95190d3-1242-461e-9e1e-c9293cea0789&pf_rd_r=P963MDBFFYMKMV08GYX8&pd_rd_r=a3857271-d91d-4315-bd9b-26fe954d2c14&pd_rd_wg=N0xJZ&ref_=pd_gw_crs_zg_bs_8604903011 expected [true] but found [false],
503 -:- https://www.amazon.ca/SOJOS-Polarized-Sunglasses-Polygon-Mirrored/dp/B08LMZ94BP/?_encoding=UTF8&pd_rd_w=WzCvO&pf_rd_p=f95190d3-1242-461e-9e1e-c9293cea0789&pf_rd_r=P963MDBFFYMKMV08GYX8&pd_rd_r=a3857271-d91d-4315-bd9b-26fe954d2c14&pd_rd_wg=N0xJZ&ref_=pd_gw_crs_zg_bs_8604903011 expected [true] but found [false],
503 -:- https://www.amazon.ca/Champion-Mens-Jersey-Short-Pockets/dp/B08R4J4RXV/?_encoding=UTF8&pd_rd_w=WzCvO&pf_rd_p=f95190d3-1242-461e-9e1e-c9293cea0789&pf_rd_r=P963MDBFFYMKMV08GYX8&pd_rd_r=a3857271-d91d-4315-bd9b-26fe954d2c14&pd_rd_wg=N0xJZ&ref_=pd_gw_crs_zg_bs_8604903011 expected [true] but found [false],
503 -:- https://www.amazon.ca/Sunglasses-Polarized-Womens-Protection-LUENX/dp/B07P33FWZQ/?_encoding=UTF8&pd_rd_w=WzCvO&pf_rd_p=f95190d3-1242-461e-9e1e-c9293cea0789&pf_rd_r=P963MDBFFYMKMV08GYX8&pd_rd_r=a3857271-d91d-4315-bd9b-26fe954d2c14&pd_rd_wg=N0xJZ&ref_=pd_gw_crs_zg_bs_8604903011 expected [true] but found [false],
503 -:- https://www.amazon.ca/FURTALK-Womens-Travel-Foldable-Summer/dp/B07DP9VY4P/?_encoding=UTF8&pd_rd_w=WzCvO&pf_rd_p=f95190d3-1242-461e-9e1e-c9293cea0789&pf_rd_r=P963MDBFFYMKMV08GYX8&pd_rd_r=a3857271-d91d-4315-bd9b-26fe954d2c14&pd_rd_wg=N0xJZ&ref_=pd_gw_crs_zg_bs_8604903011 expected [true] but found [false],
503 -:- https://www.amazon.ca/Jan-Jul-Toddler-Protection-Adjustable/dp/B01MZBGGG7/?_encoding=UTF8&pd_rd_w=WzCvO&pf_rd_p=f95190d3-1242-461e-9e1e-c9293cea0789&pf_rd_r=P963MDBFFYMKMV08GYX8&pd_rd_r=a3857271-d91d-4315-bd9b-26fe954d2c14&pd_rd_wg=N0xJZ&ref_=pd_gw_crs_zg_bs_8604903011 expected [true] but found [false],
503 -:- https://www.amazon.ca/Hanes-Mens-EcoSmart-Fleece-Sweatshirt/dp/B01M8HOGN7/?_encoding=UTF8&pd_rd_w=WzCvO&pf_rd_p=f95190d3-1242-461e-9e1e-c9293cea0789&pf_rd_r=P963MDBFFYMKMV08GYX8&pd_rd_r=a3857271-d91d-4315-bd9b-26fe954d2c14&pd_rd_wg=N0xJZ&ref_=pd_gw_crs_zg_bs_8604903011 expected [true] but found [false],
503 -:- https://www.amazon.ca/TEXFIT-2-Pack-Pockets-Athletic-Stretch/dp/B085XBPM1C/?_encoding=UTF8&pd_rd_w=WzCvO&pf_rd_p=f95190d3-1242-461e-9e1e-c9293cea0789&pf_rd_r=P963MDBFFYMKMV08GYX8&pd_rd_r=a3857271-d91d-4315-bd9b-26fe954d2c14&pd_rd_wg=N0xJZ&ref_=pd_gw_crs_zg_bs_8604903011 expected [true] but found [false],
503 -:- https://www.amazon.ca/Diosun-Womens-Button-Sleeveless-Blouses/dp/B08QM8XXYQ/?_encoding=UTF8&pd_rd_w=WzCvO&pf_rd_p=f95190d3-1242-461e-9e1e-c9293cea0789&pf_rd_r=P963MDBFFYMKMV08GYX8&pd_rd_r=a3857271-d91d-4315-bd9b-26fe954d2c14&pd_rd_wg=N0xJZ&ref_=pd_gw_crs_zg_bs_8604903011 expected [true] but found [false],
503 -:- https://www.amazon.ca/ALONG-FIT-Leggings-Pockets-Waisted/dp/B07RXR6R6M/?_encoding=UTF8&pd_rd_w=WzCvO&pf_rd_p=f95190d3-1242-461e-9e1e-c9293cea0789&pf_rd_r=P963MDBFFYMKMV08GYX8&pd_rd_r=a3857271-d91d-4315-bd9b-26fe954d2c14&pd_rd_wg=N0xJZ&ref_=pd_gw_crs_zg_bs_8604903011 expected [true] but found [false],
503 -:- https://www.amazon.ca/Gildan-Mens-Crew-T-Shirts-Multipack/dp/B091N416YP/?_encoding=UTF8&pd_rd_w=WzCvO&pf_rd_p=f95190d3-1242-461e-9e1e-c9293cea0789&pf_rd_r=P963MDBFFYMKMV08GYX8&pd_rd_r=a3857271-d91d-4315-bd9b-26fe954d2c14&pd_rd_wg=N0xJZ&ref_=pd_gw_crs_zg_bs_8604903011 expected [true] but found [false],
503 -:- https://www.amazon.ca/Oculus-Quest-Advanced-All-One/dp/B08F5VVPPG/?_encoding=UTF8&pd_rd_w=05iZC&pf_rd_p=0d524680-5784-4706-81b2-6c35f269f5bd&pf_rd_r=P963MDBFFYMKMV08GYX8&pd_rd_r=a3857271-d91d-4315-bd9b-26fe954d2c14&pd_rd_wg=N0xJZ&ref_=pd_gw_crs_zg_bs_3198031 expected [true] but found [false],
503 -:- https://www.amazon.ca/Mario-Kart-8-Deluxe-Switch/dp/B071XNBL33/?_encoding=UTF8&pd_rd_w=05iZC&pf_rd_p=0d524680-5784-4706-81b2-6c35f269f5bd&pf_rd_r=P963MDBFFYMKMV08GYX8&pd_rd_r=a3857271-d91d-4315-bd9b-26fe954d2c14&pd_rd_wg=N0xJZ&ref_=pd_gw_crs_zg_bs_3198031 expected [true] but found [false],
503 -:- https://www.amazon.ca/Nintendo-Switch-Neon-Blue-Joy%E2%80%91/dp/B07VGRJDFY/?_encoding=UTF8&pd_rd_w=05iZC&pf_rd_p=0d524680-5784-4706-81b2-6c35f269f5bd&pf_rd_r=P963MDBFFYMKMV08GYX8&pd_rd_r=a3857271-d91d-4315-bd9b-26fe954d2c14&pd_rd_wg=N0xJZ&ref_=pd_gw_crs_zg_bs_3198031 expected [true] but found [false],
503 -:- https://www.amazon.ca/Legend-Zelda-Breath-Wild-Switch/dp/B01N33O68B/?_encoding=UTF8&pd_rd_w=05iZC&pf_rd_p=0d524680-5784-4706-81b2-6c35f269f5bd&pf_rd_r=P963MDBFFYMKMV08GYX8&pd_rd_r=a3857271-d91d-4315-bd9b-26fe954d2c14&pd_rd_wg=N0xJZ&ref_=pd_gw_crs_zg_bs_3198031 expected [true] but found [false],
503 -:- https://www.amazon.ca/Super-Mario-Bros-Deluxe-Switch/dp/B07HKVRQZ9/?_encoding=UTF8&pd_rd_w=05iZC&pf_rd_p=0d524680-5784-4706-81b2-6c35f269f5bd&pf_rd_r=P963MDBFFYMKMV08GYX8&pd_rd_r=a3857271-d91d-4315-bd9b-26fe954d2c14&pd_rd_wg=N0xJZ&ref_=pd_gw_crs_zg_bs_3198031 expected [true] but found [false],
503 -:- https://www.amazon.ca/Microsoft-RRS-00001-Xbox-Series-S/dp/B08G9J44ZN/?_encoding=UTF8&pd_rd_w=05iZC&pf_rd_p=0d524680-5784-4706-81b2-6c35f269f5bd&pf_rd_r=P963MDBFFYMKMV08GYX8&pd_rd_r=a3857271-d91d-4315-bd9b-26fe954d2c14&pd_rd_wg=N0xJZ&ref_=pd_gw_crs_zg_bs_3198031 expected [true] but found [false],
503 -:- https://www.amazon.ca/Playstation-3005747-Returnal-PlayStation-5/dp/B08RB3NK9Y/?_encoding=UTF8&pd_rd_w=05iZC&pf_rd_p=0d524680-5784-4706-81b2-6c35f269f5bd&pf_rd_r=P963MDBFFYMKMV08GYX8&pd_rd_r=a3857271-d91d-4315-bd9b-26fe954d2c14&pd_rd_wg=N0xJZ&ref_=pd_gw_crs_zg_bs_3198031 expected [true] but found [false],
503 -:- https://www.amazon.ca/Nintendo-Switch-Animal-Crossing-Horizons/dp/B084DDDNRP/?_encoding=UTF8&pd_rd_w=05iZC&pf_rd_p=0d524680-5784-4706-81b2-6c35f269f5bd&pf_rd_r=P963MDBFFYMKMV08GYX8&pd_rd_r=a3857271-d91d-4315-bd9b-26fe954d2c14&pd_rd_wg=N0xJZ&ref_=pd_gw_crs_zg_bs_3198031 expected [true] but found [false],
503 -:- https://www.amazon.ca/Nintendo-HACAFSSKA-Switch-Pro-Controller/dp/B01NAWKYZ0/?_encoding=UTF8&pd_rd_w=05iZC&pf_rd_p=0d524680-5784-4706-81b2-6c35f269f5bd&pf_rd_r=P963MDBFFYMKMV08GYX8&pd_rd_r=a3857271-d91d-4315-bd9b-26fe954d2c14&pd_rd_wg=N0xJZ&ref_=pd_gw_crs_zg_bs_3198031 expected [true] but found [false],
503 -:- https://www.amazon.ca/Super-Smash-Bros-Ultimate-Game/dp/B07DPMBH9H/?_encoding=UTF8&pd_rd_w=05iZC&pf_rd_p=0d524680-5784-4706-81b2-6c35f269f5bd&pf_rd_r=P963MDBFFYMKMV08GYX8&pd_rd_r=a3857271-d91d-4315-bd9b-26fe954d2c14&pd_rd_wg=N0xJZ&ref_=pd_gw_crs_zg_bs_3198031 expected [true] but found [false],
503 -:- https://www.amazon.ca/Nintendo-HCCPACBAA-Animal-Crossing-Horizons/dp/B0812KNJDD/?_encoding=UTF8&pd_rd_w=05iZC&pf_rd_p=0d524680-5784-4706-81b2-6c35f269f5bd&pf_rd_r=P963MDBFFYMKMV08GYX8&pd_rd_r=a3857271-d91d-4315-bd9b-26fe954d2c14&pd_rd_wg=N0xJZ&ref_=pd_gw_crs_zg_bs_3198031 expected [true] but found [false],
503 -:- https://www.amazon.ca/Microsoft-TLL-00001-Xbox-Wireless-Headset/dp/B08WFD42G5/?_encoding=UTF8&pd_rd_w=05iZC&pf_rd_p=0d524680-5784-4706-81b2-6c35f269f5bd&pf_rd_r=P963MDBFFYMKMV08GYX8&pd_rd_r=a3857271-d91d-4315-bd9b-26fe954d2c14&pd_rd_wg=N0xJZ&ref_=pd_gw_crs_zg_bs_3198031 expected [true] but found [false],
503 -:- https://www.amazon.ca/Elgato-Game-Capture-HD60-technology/dp/B01DRWCOGA/?_encoding=UTF8&pd_rd_w=05iZC&pf_rd_p=0d524680-5784-4706-81b2-6c35f269f5bd&pf_rd_r=P963MDBFFYMKMV08GYX8&pd_rd_r=a3857271-d91d-4315-bd9b-26fe954d2c14&pd_rd_wg=N0xJZ&ref_=pd_gw_crs_zg_bs_3198031 expected [true] but found [false],
503 -:- https://www.amazon.ca/Nintendo-HACPAAACA-Super-Mario-Odyssey/dp/B072V8MMX7/?_encoding=UTF8&pd_rd_w=05iZC&pf_rd_p=0d524680-5784-4706-81b2-6c35f269f5bd&pf_rd_r=P963MDBFFYMKMV08GYX8&pd_rd_r=a3857271-d91d-4315-bd9b-26fe954d2c14&pd_rd_wg=N0xJZ&ref_=pd_gw_crs_zg_bs_3198031 expected [true] but found [false],
503 -:- https://www.amazon.ca/Nintendo-AmiiboParent-Amiibo-Toys/dp/B00NB3IY24/?_encoding=UTF8&pd_rd_w=05iZC&pf_rd_p=0d524680-5784-4706-81b2-6c35f269f5bd&pf_rd_r=P963MDBFFYMKMV08GYX8&pd_rd_r=a3857271-d91d-4315-bd9b-26fe954d2c14&pd_rd_wg=N0xJZ&ref_=pd_gw_crs_zg_bs_3198031 expected [true] but found [false],
503 -:- https://www.amazon.ca/Ring-Fit-Adventure-Nintendo-Switch/dp/B07XV4NHHN/?_encoding=UTF8&pd_rd_w=05iZC&pf_rd_p=0d524680-5784-4706-81b2-6c35f269f5bd&pf_rd_r=P963MDBFFYMKMV08GYX8&pd_rd_r=a3857271-d91d-4315-bd9b-26fe954d2c14&pd_rd_wg=N0xJZ&ref_=pd_gw_crs_zg_bs_3198031 expected [true] but found [false],
503 -:- https://www.amazon.ca/Nintendo-HCCPADFJA-Super-Mario-Party/dp/B07DQ7KC8Q/?_encoding=UTF8&pd_rd_w=05iZC&pf_rd_p=0d524680-5784-4706-81b2-6c35f269f5bd&pf_rd_r=P963MDBFFYMKMV08GYX8&pd_rd_r=a3857271-d91d-4315-bd9b-26fe954d2c14&pd_rd_wg=N0xJZ&ref_=pd_gw_crs_zg_bs_3198031 expected [true] but found [false],
503 -:- https://www.amazon.ca/ONIKUMA-Removable-Canceling-Retractable-Microphone/dp/B08C4Y7NWL/?_encoding=UTF8&pd_rd_w=05iZC&pf_rd_p=0d524680-5784-4706-81b2-6c35f269f5bd&pf_rd_r=P963MDBFFYMKMV08GYX8&pd_rd_r=a3857271-d91d-4315-bd9b-26fe954d2c14&pd_rd_wg=N0xJZ&ref_=pd_gw_crs_zg_bs_3198031 expected [true] but found [false],
503 -:- https://www.amazon.ca/Nintendo-HACPAEUCA-Minecraft-for-Switch/dp/B07D13QGXM/?_encoding=UTF8&pd_rd_w=05iZC&pf_rd_p=0d524680-5784-4706-81b2-6c35f269f5bd&pf_rd_r=P963MDBFFYMKMV08GYX8&pd_rd_r=a3857271-d91d-4315-bd9b-26fe954d2c14&pd_rd_wg=N0xJZ&ref_=pd_gw_crs_zg_bs_3198031 expected [true] but found [false],
503 -:- https://www.amazon.ca/Nintendo-Switch-with-Gray-Joy%E2%80%91Con/dp/B07VJRZ62R/?_encoding=UTF8&pd_rd_w=05iZC&pf_rd_p=0d524680-5784-4706-81b2-6c35f269f5bd&pf_rd_r=P963MDBFFYMKMV08GYX8&pd_rd_r=a3857271-d91d-4315-bd9b-26fe954d2c14&pd_rd_wg=N0xJZ&ref_=pd_gw_crs_zg_bs_3198031 expected [true] but found [false],
503 -:- https://www.amazon.ca/DualSense-Wireless-Controller/dp/B08GSL374K/?_encoding=UTF8&pd_rd_w=05iZC&pf_rd_p=0d524680-5784-4706-81b2-6c35f269f5bd&pf_rd_r=P963MDBFFYMKMV08GYX8&pd_rd_r=a3857271-d91d-4315-bd9b-26fe954d2c14&pd_rd_wg=N0xJZ&ref_=pd_gw_crs_zg_bs_3198031 expected [true] but found [false],
503 -:- https://www.amazon.ca/Beexcellent-Headphones-Cancelling-Microphone-Smartphone/dp/B0777KYQS7/?_encoding=UTF8&pd_rd_w=05iZC&pf_rd_p=0d524680-5784-4706-81b2-6c35f269f5bd&pf_rd_r=P963MDBFFYMKMV08GYX8&pd_rd_r=a3857271-d91d-4315-bd9b-26fe954d2c14&pd_rd_wg=N0xJZ&ref_=pd_gw_crs_zg_bs_3198031 expected [true] but found [false],
503 -:- https://www.amazon.ca/Donkey-Kong-Country-Tropical-Freeze/dp/B07BFV5WKY/?_encoding=UTF8&pd_rd_w=05iZC&pf_rd_p=0d524680-5784-4706-81b2-6c35f269f5bd&pf_rd_r=P963MDBFFYMKMV08GYX8&pd_rd_r=a3857271-d91d-4315-bd9b-26fe954d2c14&pd_rd_wg=N0xJZ&ref_=pd_gw_crs_zg_bs_3198031 expected [true] but found [false],
503 -:- https://www.amazon.ca/PULSE-3D-Wireless-Headset-Pulse/dp/B08GSBRR9Q/?_encoding=UTF8&pd_rd_w=05iZC&pf_rd_p=0d524680-5784-4706-81b2-6c35f269f5bd&pf_rd_r=P963MDBFFYMKMV08GYX8&pd_rd_r=a3857271-d91d-4315-bd9b-26fe954d2c14&pd_rd_wg=N0xJZ&ref_=pd_gw_crs_zg_bs_3198031 expected [true] but found [false],
503 -:- https://www.amazon.ca/Nintendo-HCCPAG3JA-Luigis-Mansion-3/dp/B07SZ3TY8J/?_encoding=UTF8&pd_rd_w=05iZC&pf_rd_p=0d524680-5784-4706-81b2-6c35f269f5bd&pf_rd_r=P963MDBFFYMKMV08GYX8&pd_rd_r=a3857271-d91d-4315-bd9b-26fe954d2c14&pd_rd_wg=N0xJZ&ref_=pd_gw_crs_zg_bs_3198031 expected [true] but found [false],
503 -:- https://www.amazon.ca/Super-Mario-Maker-2-Standard/dp/B07P6ZT3M4/?_encoding=UTF8&pd_rd_w=05iZC&pf_rd_p=0d524680-5784-4706-81b2-6c35f269f5bd&pf_rd_r=P963MDBFFYMKMV08GYX8&pd_rd_r=a3857271-d91d-4315-bd9b-26fe954d2c14&pd_rd_wg=N0xJZ&ref_=pd_gw_crs_zg_bs_3198031 expected [true] but found [false],
503 -:- https://www.amazon.ca/Neon-Purple-Orange-Joy-ConTM-L-R/dp/B07VHR4Y8G/?_encoding=UTF8&pd_rd_w=05iZC&pf_rd_p=0d524680-5784-4706-81b2-6c35f269f5bd&pf_rd_r=P963MDBFFYMKMV08GYX8&pd_rd_r=a3857271-d91d-4315-bd9b-26fe954d2c14&pd_rd_wg=N0xJZ&ref_=pd_gw_crs_zg_bs_3198031 expected [true] but found [false],
503 -:- https://www.amazon.ca/Legend-Zelda-Links-Awakening/dp/B07SZ3V193/?_encoding=UTF8&pd_rd_w=05iZC&pf_rd_p=0d524680-5784-4706-81b2-6c35f269f5bd&pf_rd_r=P963MDBFFYMKMV08GYX8&pd_rd_r=a3857271-d91d-4315-bd9b-26fe954d2c14&pd_rd_wg=N0xJZ&ref_=pd_gw_crs_zg_bs_3198031 expected [true] but found [false],
503 -:- https://www.amazon.ca/Smartphone-Headphones-Microphone-Canceling-Earmuffs/dp/B078RJ1KZ6/?_encoding=UTF8&pd_rd_w=05iZC&pf_rd_p=0d524680-5784-4706-81b2-6c35f269f5bd&pf_rd_r=P963MDBFFYMKMV08GYX8&pd_rd_r=a3857271-d91d-4315-bd9b-26fe954d2c14&pd_rd_wg=N0xJZ&ref_=pd_gw_crs_zg_bs_3198031 expected [true] but found [false],
503 -:- https://www.amazon.ca/SanDisk-MicroSDXC-Nintendo-Switch-SDSQXAO-128G-GNCZN/dp/B07KXQX3S3/?_encoding=UTF8&pd_rd_w=05iZC&pf_rd_p=0d524680-5784-4706-81b2-6c35f269f5bd&pf_rd_r=P963MDBFFYMKMV08GYX8&pd_rd_r=a3857271-d91d-4315-bd9b-26fe954d2c14&pd_rd_wg=N0xJZ&ref_=pd_gw_crs_zg_bs_3198031 expected [true] but found [false],
503 -:- https://www.amazon.ca/gp/browse.html?node=1233055011&ref_=nav_em_mj_pc_gaming_0_2_12_24 expected [true] but found [false],
503 -:- https://www.amazon.ca/b/ref=OUT_OD_DSC_D_EN_CA?node=9833876011 expected [true] but found [false],
503 -:- https://www.amazon.ca/b/ref=OUT_OD_DSC_D_EN_CA?node=9833876011 expected [true] but found [false],
503 -:- https://www.amazon.ca/b?node=2055586011 expected [true] but found [false],
503 -:- https://www.amazon.ca/b?node=2055586011 expected [true] but found [false],
503 -:- https://www.amazon.ca/Bomaker-Subwoofer-Wireless-Bluetooth-Soundbar/dp/B089LR9WXZ/ref=br_msw_pdt-1/132-8839162-6228160?_encoding=UTF8&smid=A1DKHSA498307X&pf_rd_m=A3DWYIK6Y9EEQB&pf_rd_s=&pf_rd_r=P963MDBFFYMKMV08GYX8&pf_rd_t=36701&pf_rd_p=6f84c098-94af-45c7-a44a-99e26ef133bb&pf_rd_i=desktop expected [true] but found [false],
503 -:- https://www.amazon.ca/sogesfurniture-Workstation-2-Person-Computer-BHCA-HZ011-200-BK-NEW/dp/B07WDV8F5V/ref=br_msw_pdt-2/132-8839162-6228160?_encoding=UTF8&smid=AJGXUXC8IQIBZ&pf_rd_m=A3DWYIK6Y9EEQB&pf_rd_s=&pf_rd_r=P963MDBFFYMKMV08GYX8&pf_rd_t=36701&pf_rd_p=6f84c098-94af-45c7-a44a-99e26ef133bb&pf_rd_i=desktop expected [true] but found [false],
503 -:- https://www.amazon.ca/Oritina-Casual-Loose-Sleeve-Rainbow/dp/B089QBX5VQ/ref=br_msw_pdt-3/132-8839162-6228160?_encoding=UTF8&smid=A2HC4GORES2F1A&pf_rd_m=A3DWYIK6Y9EEQB&pf_rd_s=&pf_rd_r=P963MDBFFYMKMV08GYX8&pf_rd_t=36701&pf_rd_p=6f84c098-94af-45c7-a44a-99e26ef133bb&pf_rd_i=desktop expected [true] but found [false],
503 -:- https://www.amazon.ca/SGODDE-Shelter-Persons-Portable-Automatic/dp/B083NDNYM8/ref=br_msw_pdt-4/132-8839162-6228160?_encoding=UTF8&smid=ASM9NLL3N3DXR&pf_rd_m=A3DWYIK6Y9EEQB&pf_rd_s=&pf_rd_r=P963MDBFFYMKMV08GYX8&pf_rd_t=36701&pf_rd_p=6f84c098-94af-45c7-a44a-99e26ef133bb&pf_rd_i=desktop expected [true] but found [false],
503 -:- https://www.amazon.ca/Mounting-Dream-Bracket-Articulating-400x400mm/dp/B00SFSBHW4/ref=br_msw_pdt-5/132-8839162-6228160?_encoding=UTF8&smid=A2QJV1LHQIKRFO&pf_rd_m=A3DWYIK6Y9EEQB&pf_rd_s=&pf_rd_r=P963MDBFFYMKMV08GYX8&pf_rd_t=36701&pf_rd_p=6f84c098-94af-45c7-a44a-99e26ef133bb&pf_rd_i=desktop expected [true] but found [false],
503 -:- https://www.amazon.ca/Hammock-Perches-Durable-Shelves-Sunbath/dp/B082M8NTV7/ref=br_msw_pdt-6/132-8839162-6228160?_encoding=UTF8&smid=A1GF4BMDQMMYFT&pf_rd_m=A3DWYIK6Y9EEQB&pf_rd_s=&pf_rd_r=P963MDBFFYMKMV08GYX8&pf_rd_t=36701&pf_rd_p=6f84c098-94af-45c7-a44a-99e26ef133bb&pf_rd_i=desktop expected [true] but found [false],
503 -:- https://www.amazon.ca/Curtain-Lights-9-8-Feet-Twinkle-Controller/dp/B01E73MD50/ref=br_msw_pdt-7/132-8839162-6228160?_encoding=UTF8&smid=AUCCFOBT2QGA6&pf_rd_m=A3DWYIK6Y9EEQB&pf_rd_s=&pf_rd_r=P963MDBFFYMKMV08GYX8&pf_rd_t=36701&pf_rd_p=6f84c098-94af-45c7-a44a-99e26ef133bb&pf_rd_i=desktop expected [true] but found [false],
503 -:- https://www.amazon.ca/Tea-Cleanse-Bloating-Constipation-Chocolate/dp/B01LZEBY6P/ref=br_msw_pdt-8/132-8839162-6228160?_encoding=UTF8&smid=A37QEQMX62IQ17&pf_rd_m=A3DWYIK6Y9EEQB&pf_rd_s=&pf_rd_r=P963MDBFFYMKMV08GYX8&pf_rd_t=36701&pf_rd_p=6f84c098-94af-45c7-a44a-99e26ef133bb&pf_rd_i=desktop expected [true] but found [false],
503 -:- https://www.amazon.ca/Controlled-2X16-4ft-Multicolor-Adhesive-Waterproof/dp/B08D9HHFM5/ref=br_msw_pdt-9/132-8839162-6228160?_encoding=UTF8&smid=A1CYZWAJ0OWIT6&pf_rd_m=A3DWYIK6Y9EEQB&pf_rd_s=&pf_rd_r=P963MDBFFYMKMV08GYX8&pf_rd_t=36701&pf_rd_p=6f84c098-94af-45c7-a44a-99e26ef133bb&pf_rd_i=desktop expected [true] but found [false],
503 -:- https://www.amazon.ca/Metal-Stemless-Insulated-Wine-Glass/dp/B07QK9QC5F/ref=br_msw_pdt-10/132-8839162-6228160?_encoding=UTF8&smid=A3CTDC28TMPACQ&pf_rd_m=A3DWYIK6Y9EEQB&pf_rd_s=&pf_rd_r=P963MDBFFYMKMV08GYX8&pf_rd_t=36701&pf_rd_p=6f84c098-94af-45c7-a44a-99e26ef133bb&pf_rd_i=desktop expected [true] but found [false],
503 -:- https://www.amazon.ca/Wireless-HolyHigh-Bluetooth-Waterproof-Earphones/dp/B091KLGW45/ref=br_msw_pdt-11/132-8839162-6228160?_encoding=UTF8&smid=A18V89GDS4AS25&pf_rd_m=A3DWYIK6Y9EEQB&pf_rd_s=&pf_rd_r=P963MDBFFYMKMV08GYX8&pf_rd_t=36701&pf_rd_p=6f84c098-94af-45c7-a44a-99e26ef133bb&pf_rd_i=desktop expected [true] but found [false],
503 -:- https://www.amazon.ca/Replacement-Compatible-Toothbrush-Precision-ITECHNIK/dp/B07XHJ6ML7/ref=br_msw_pdt-12/132-8839162-6228160?_encoding=UTF8&smid=AUC2YUY35P6FP&pf_rd_m=A3DWYIK6Y9EEQB&pf_rd_s=&pf_rd_r=P963MDBFFYMKMV08GYX8&pf_rd_t=36701&pf_rd_p=6f84c098-94af-45c7-a44a-99e26ef133bb&pf_rd_i=desktop expected [true] but found [false],
503 -:- https://www.amazon.ca/Femometer-Forehead-Thermometer-Professional-Backlight/dp/B0865RL4PH/ref=br_msw_pdt-13/132-8839162-6228160?_encoding=UTF8&smid=A29ZPJVJXMEBBW&pf_rd_m=A3DWYIK6Y9EEQB&pf_rd_s=&pf_rd_r=P963MDBFFYMKMV08GYX8&pf_rd_t=36701&pf_rd_p=6f84c098-94af-45c7-a44a-99e26ef133bb&pf_rd_i=desktop expected [true] but found [false],
503 -:- https://www.amazon.ca/Supkitdin-Scissors-Stainless-Multipurpose-Vegetables/dp/B08L9LY19J/ref=br_msw_pdt-14/132-8839162-6228160?_encoding=UTF8&smid=A3MW5CQL6IZURO&pf_rd_m=A3DWYIK6Y9EEQB&pf_rd_s=&pf_rd_r=P963MDBFFYMKMV08GYX8&pf_rd_t=36701&pf_rd_p=6f84c098-94af-45c7-a44a-99e26ef133bb&pf_rd_i=desktop expected [true] but found [false],
503 -:- https://www.amazon.ca/Oritina-Womens-Printed-Graphic-Rainbow/dp/B089PZMLF9/ref=br_msw_pdt-15/132-8839162-6228160?_encoding=UTF8&smid=A2HC4GORES2F1A&pf_rd_m=A3DWYIK6Y9EEQB&pf_rd_s=&pf_rd_r=P963MDBFFYMKMV08GYX8&pf_rd_t=36701&pf_rd_p=6f84c098-94af-45c7-a44a-99e26ef133bb&pf_rd_i=desktop expected [true] but found [false],
[...]
503 -:- https://www.amazon.ca/My-Fair-Lady-Blu-ray/dp/B08WJTPZDN/?_encoding=UTF8&pd_rd_w=njkQN&pf_rd_p=0d524680-5784-4706-81b2-6c35f269f5bd&pf_rd_r=P963MDBFFYMKMV08GYX8&pd_rd_r=a3857271-d91d-4315-bd9b-26fe954d2c14&pd_rd_wg=N0xJZ&ref_=pd_gw_crs_zg_bs_917972 expected [true] but found [false],
503 -:- https://www.amazon.ca/Wonder-Woman-1984-Blu-ray-Digital/dp/B08WD38QSM/?_encoding=UTF8&pd_rd_w=njkQN&pf_rd_p=0d524680-5784-4706-81b2-6c35f269f5bd&pf_rd_r=P963MDBFFYMKMV08GYX8&pd_rd_r=a3857271-d91d-4315-bd9b-26fe954d2c14&pd_rd_wg=N0xJZ&ref_=pd_gw_crs_zg_bs_917972 expected [true] but found [false],
503 -:- https://www.amazon.ca/Lord-Rings-Picture-Extended-Theatrical/dp/B08KQBYM1Y/?_encoding=UTF8&pd_rd_w=njkQN&pf_rd_p=0d524680-5784-4706-81b2-6c35f269f5bd&pf_rd_r=P963MDBFFYMKMV08GYX8&pd_rd_r=a3857271-d91d-4315-bd9b-26fe954d2c14&pd_rd_wg=N0xJZ&ref_=pd_gw_crs_zg_bs_917972 expected [true] but found [false],
503 -:- https://www.amazon.ca/SOUL-Blu-ray-Bilingual-Jamie-Foxx/dp/B08X6DRP3K/?_encoding=UTF8&pd_rd_w=njkQN&pf_rd_p=0d524680-5784-4706-81b2-6c35f269f5bd&pf_rd_r=P963MDBFFYMKMV08GYX8&pd_rd_r=a3857271-d91d-4315-bd9b-26fe954d2c14&pd_rd_wg=N0xJZ&ref_=pd_gw_crs_zg_bs_917972 expected [true] but found [false],
503 -:- https://www.amazon.ca/WILLYS-WONDERLAND-denfer-Blu-ray-Bilingual/dp/B08Y4J65JF/?_encoding=UTF8&pd_rd_w=njkQN&pf_rd_p=0d524680-5784-4706-81b2-6c35f269f5bd&pf_rd_r=P963MDBFFYMKMV08GYX8&pd_rd_r=a3857271-d91d-4315-bd9b-26fe954d2c14&pd_rd_wg=N0xJZ&ref_=pd_gw_crs_zg_bs_917972 expected [true] but found [false],
503 -:- https://www.amazon.ca/Harley-Quinn-Complete-Seasons-Blu-ray/dp/B08SPLVS3V/?_encoding=UTF8&pd_rd_w=njkQN&pf_rd_p=0d524680-5784-4706-81b2-6c35f269f5bd&pf_rd_r=P963MDBFFYMKMV08GYX8&pd_rd_r=a3857271-d91d-4315-bd9b-26fe954d2c14&pd_rd_wg=N0xJZ&ref_=pd_gw_crs_zg_bs_917972 expected [true] but found [false],
503 -:- https://www.amazon.ca/Wonder-Woman-Blu-ray-Digital-Ultra/dp/B08WD2SK5Z/?_encoding=UTF8&pd_rd_w=njkQN&pf_rd_p=0d524680-5784-4706-81b2-6c35f269f5bd&pf_rd_r=P963MDBFFYMKMV08GYX8&pd_rd_r=a3857271-d91d-4315-bd9b-26fe954d2c14&pd_rd_wg=N0xJZ&ref_=pd_gw_crs_zg_bs_917972 expected [true] but found [false],
503 -:- https://www.amazon.ca/That-70s-Show-Mila-Kunis/dp/B00BUWD7Y8/?_encoding=UTF8&pd_rd_w=njkQN&pf_rd_p=0d524680-5784-4706-81b2-6c35f269f5bd&pf_rd_r=P963MDBFFYMKMV08GYX8&pd_rd_r=a3857271-d91d-4315-bd9b-26fe954d2c14&pd_rd_wg=N0xJZ&ref_=pd_gw_crs_zg_bs_917972 expected [true] but found [false],
503 -:- https://www.amazon.ca/Apocalypse-Now-Final-Cut-Blu-ray/dp/6317864039/?_encoding=UTF8&pd_rd_w=njkQN&pf_rd_p=0d524680-5784-4706-81b2-6c35f269f5bd&pf_rd_r=P963MDBFFYMKMV08GYX8&pd_rd_r=a3857271-d91d-4315-bd9b-26fe954d2c14&pd_rd_wg=N0xJZ&ref_=pd_gw_crs_zg_bs_917972 expected [true] but found [false],
503 -:- https://www.amazon.ca/Marksman-Blu-ray-Digital/dp/B08Z9W52YQ/?_encoding=UTF8&pd_rd_w=njkQN&pf_rd_p=0d524680-5784-4706-81b2-6c35f269f5bd&pf_rd_r=P963MDBFFYMKMV08GYX8&pd_rd_r=a3857271-d91d-4315-bd9b-26fe954d2c14&pd_rd_wg=N0xJZ&ref_=pd_gw_crs_zg_bs_917972 expected [true] but found [false],
503 -:- https://www.amazon.ca/Drunken-Master-Blu-ray-DRUNKEN-MASTER/dp/B092GRKXRR/?_encoding=UTF8&pd_rd_w=njkQN&pf_rd_p=0d524680-5784-4706-81b2-6c35f269f5bd&pf_rd_r=P963MDBFFYMKMV08GYX8&pd_rd_r=a3857271-d91d-4315-bd9b-26fe954d2c14&pd_rd_wg=N0xJZ&ref_=pd_gw_crs_zg_bs_917972 expected [true] but found [false],
503 -:- https://www.amazon.ca/Harry-Potter-Complete-Collection-Bilingual/dp/B005Q6TB44/?_encoding=UTF8&pd_rd_w=njkQN&pf_rd_p=0d524680-5784-4706-81b2-6c35f269f5bd&pf_rd_r=P963MDBFFYMKMV08GYX8&pd_rd_r=a3857271-d91d-4315-bd9b-26fe954d2c14&pd_rd_wg=N0xJZ&ref_=pd_gw_crs_zg_bs_917972 expected [true] but found [false],
503 -:- https://www.amazon.ca/RAYA-LAST-DRAGON-BILINGUE-Blu-ray/dp/B092J6NRWD/?_encoding=UTF8&pd_rd_w=njkQN&pf_rd_p=0d524680-5784-4706-81b2-6c35f269f5bd&pf_rd_r=P963MDBFFYMKMV08GYX8&pd_rd_r=a3857271-d91d-4315-bd9b-26fe954d2c14&pd_rd_wg=N0xJZ&ref_=pd_gw_crs_zg_bs_917972 expected [true] but found [false],
503 -:- https://www.amazon.ca/Complete-Collection-Seasons-Feature-Bilingual/dp/B07GRN3D7X/?_encoding=UTF8&pd_rd_w=njkQN&pf_rd_p=0d524680-5784-4706-81b2-6c35f269f5bd&pf_rd_r=P963MDBFFYMKMV08GYX8&pd_rd_r=a3857271-d91d-4315-bd9b-26fe954d2c14&pd_rd_wg=N0xJZ&ref_=pd_gw_crs_zg_bs_917972 expected [true] but found [false],
503 -:- https://www.amazon.ca/Saving-Private-Ryan-Blu-ray/dp/B079ZT1Y4P/?_encoding=UTF8&pd_rd_w=njkQN&pf_rd_p=0d524680-5784-4706-81b2-6c35f269f5bd&pf_rd_r=P963MDBFFYMKMV08GYX8&pd_rd_r=a3857271-d91d-4315-bd9b-26fe954d2c14&pd_rd_wg=N0xJZ&ref_=pd_gw_crs_zg_bs_917972 expected [true] but found [false],
503 -:- https://www.amazon.ca/GODZILLA-SHOWA-ERA-FILMS-1954-1975-Blu-ray/dp/B07VLJ9KB6/?_encoding=UTF8&pd_rd_w=njkQN&pf_rd_p=0d524680-5784-4706-81b2-6c35f269f5bd&pf_rd_r=P963MDBFFYMKMV08GYX8&pd_rd_r=a3857271-d91d-4315-bd9b-26fe954d2c14&pd_rd_wg=N0xJZ&ref_=pd_gw_crs_zg_bs_917972 expected [true] but found [false],
503 -:- https://www.amazon.ca/Cartoon-Network-Adventure-Time-Complete/dp/B07NHPYQ1R/?_encoding=UTF8&pd_rd_w=njkQN&pf_rd_p=0d524680-5784-4706-81b2-6c35f269f5bd&pf_rd_r=P963MDBFFYMKMV08GYX8&pd_rd_r=a3857271-d91d-4315-bd9b-26fe954d2c14&pd_rd_wg=N0xJZ&ref_=pd_gw_crs_zg_bs_917972 expected [true] but found [false],
503 -:- https://www.amazon.ca/Friends-Complete-Collection-Anniversary-Repackaged/dp/B07S86K91M/?_encoding=UTF8&pd_rd_w=njkQN&pf_rd_p=0d524680-5784-4706-81b2-6c35f269f5bd&pf_rd_r=P963MDBFFYMKMV08GYX8&pd_rd_r=a3857271-d91d-4315-bd9b-26fe954d2c14&pd_rd_wg=N0xJZ&ref_=pd_gw_crs_zg_bs_917972 expected [true] but found [false],
503 -:- https://www.amazon.ca/Gourmet-Detective-5-Film-Collection/dp/B091G4281M/?_encoding=UTF8&pd_rd_w=njkQN&pf_rd_p=0d524680-5784-4706-81b2-6c35f269f5bd&pf_rd_r=P963MDBFFYMKMV08GYX8&pd_rd_r=a3857271-d91d-4315-bd9b-26fe954d2c14&pd_rd_wg=N0xJZ&ref_=pd_gw_crs_zg_bs_917972 expected [true] but found [false],
503 -:- https://www.amazon.ca/Fifth-Element-Blu-ray-UltraViolet-Bilingual/dp/B0719JT611/?_encoding=UTF8&pd_rd_w=njkQN&pf_rd_p=0d524680-5784-4706-81b2-6c35f269f5bd&pf_rd_r=P963MDBFFYMKMV08GYX8&pd_rd_r=a3857271-d91d-4315-bd9b-26fe954d2c14&pd_rd_wg=N0xJZ&ref_=pd_gw_crs_zg_bs_917972 expected [true] but found [false],
503 -:- https://www.amazon.ca/Schitts-Creek-Complete-Collection-Seasons/dp/B08CMYCCGW/?_encoding=UTF8&pd_rd_w=njkQN&pf_rd_p=0d524680-5784-4706-81b2-6c35f269f5bd&pf_rd_r=P963MDBFFYMKMV08GYX8&pd_rd_r=a3857271-d91d-4315-bd9b-26fe954d2c14&pd_rd_wg=N0xJZ&ref_=pd_gw_crs_zg_bs_917972 expected [true] but found [false],
503 -:- https://www.amazon.ca/Monster-Hunter-Blu-ray-Bilingual-Jovovich/dp/B08QS9278Z/?_encoding=UTF8&pd_rd_w=njkQN&pf_rd_p=0d524680-5784-4706-81b2-6c35f269f5bd&pf_rd_r=P963MDBFFYMKMV08GYX8&pd_rd_r=a3857271-d91d-4315-bd9b-26fe954d2c14&pd_rd_wg=N0xJZ&ref_=pd_gw_crs_zg_bs_917972 expected [true] but found [false],
503 -:- https://www.amazon.ca/b/?&node=2618860011&pd_rd_w=ebY5I&pf_rd_p=ca4446e4-1083-4d6c-9a85-b039bd62054b&pf_rd_r=P963MDBFFYMKMV08GYX8&pd_rd_r=a3857271-d91d-4315-bd9b-26fe954d2c14&pd_rd_wg=N0xJZ expected [true] but found [false],
503 -:- https://www.amazon.ca/Tomb-Raider-Bilingual-Blu-Ray-Digital/dp/B07BZBCWV8/?_encoding=UTF8&pd_rd_w=ebY5I&pf_rd_p=ca4446e4-1083-4d6c-9a85-b039bd62054b&pf_rd_r=P963MDBFFYMKMV08GYX8&pd_rd_r=a3857271-d91d-4315-bd9b-26fe954d2c14&pd_rd_wg=N0xJZ&ref_=pd_gw_unk expected [true] but found [false],
503 -:- https://www.amazon.ca/Panther-Blu-ray-Bilingual-Chadwick-Boseman/dp/B079FLP3R2/?_encoding=UTF8&pd_rd_w=ebY5I&pf_rd_p=ca4446e4-1083-4d6c-9a85-b039bd62054b&pf_rd_r=P963MDBFFYMKMV08GYX8&pd_rd_r=a3857271-d91d-4315-bd9b-26fe954d2c14&pd_rd_wg=N0xJZ&ref_=pd_gw_unk expected [true] but found [false],
503 -:- https://www.amazon.ca/Star-Wars-Episode-Blu-ray-Bilingual/dp/B0788FL36D/?_encoding=UTF8&pd_rd_w=ebY5I&pf_rd_p=ca4446e4-1083-4d6c-9a85-b039bd62054b&pf_rd_r=P963MDBFFYMKMV08GYX8&pd_rd_r=a3857271-d91d-4315-bd9b-26fe954d2c14&pd_rd_wg=N0xJZ&ref_=pd_gw_unk expected [true] but found [false],
503 -:- https://www.amazon.ca/Wonder-Woman-Blu-ray-Chris-Wright/dp/B071LSNTVC/?_encoding=UTF8&pd_rd_w=ebY5I&pf_rd_p=ca4446e4-1083-4d6c-9a85-b039bd62054b&pf_rd_r=P963MDBFFYMKMV08GYX8&pd_rd_r=a3857271-d91d-4315-bd9b-26fe954d2c14&pd_rd_wg=N0xJZ&ref_=pd_gw_unk expected [true] but found [false],
503 -:- https://www.amazon.ca/Spider-Man-Homecoming-Bilingual-Tom-Holland/dp/B073S1R6KJ/?_encoding=UTF8&pd_rd_w=ebY5I&pf_rd_p=ca4446e4-1083-4d6c-9a85-b039bd62054b&pf_rd_r=P963MDBFFYMKMV08GYX8&pd_rd_r=a3857271-d91d-4315-bd9b-26fe954d2c14&pd_rd_wg=N0xJZ&ref_=pd_gw_unk expected [true] but found [false],
503 -:- https://www.amazon.ca/Single-Widescreen-Fullscreen-Biligual-Bilingual/dp/B0006UYNSY/?_encoding=UTF8&pd_rd_w=ebY5I&pf_rd_p=ca4446e4-1083-4d6c-9a85-b039bd62054b&pf_rd_r=P963MDBFFYMKMV08GYX8&pd_rd_r=a3857271-d91d-4315-bd9b-26fe954d2c14&pd_rd_wg=N0xJZ&ref_=pd_gw_unk expected [true] but found [false],
503 -:- https://www.amazon.ca/Hobbit-Desolation-Blu-ray-Digital-Bilingual/dp/B00IICJ5M6/?_encoding=UTF8&pd_rd_w=ebY5I&pf_rd_p=ca4446e4-1083-4d6c-9a85-b039bd62054b&pf_rd_r=P963MDBFFYMKMV08GYX8&pd_rd_r=a3857271-d91d-4315-bd9b-26fe954d2c14&pd_rd_wg=N0xJZ&ref_=pd_gw_unk expected [true] but found [false],
503 -:- https://www.amazon.ca/Rise-Planet-Apes-Bilingual-Blu-ray/dp/B00JF5G8V6/?_encoding=UTF8&pd_rd_w=ebY5I&pf_rd_p=ca4446e4-1083-4d6c-9a85-b039bd62054b&pf_rd_r=P963MDBFFYMKMV08GYX8&pd_rd_r=a3857271-d91d-4315-bd9b-26fe954d2c14&pd_rd_wg=N0xJZ&ref_=pd_gw_unk expected [true] but found [false],
503 -:- https://www.amazon.ca/X-Men-Ultimate-Blu-ray-Digital-Bilingual/dp/B00KI2FYC4/?_encoding=UTF8&pd_rd_w=ebY5I&pf_rd_p=ca4446e4-1083-4d6c-9a85-b039bd62054b&pf_rd_r=P963MDBFFYMKMV08GYX8&pd_rd_r=a3857271-d91d-4315-bd9b-26fe954d2c14&pd_rd_wg=N0xJZ&ref_=pd_gw_unk expected [true] but found [false],
503 -:- https://www.amazon.ca/Titanic-Blu-ray-Digital-Sous-titres-fran%C3%A7ais/dp/B007UPWIZ8/?_encoding=UTF8&pd_rd_w=ebY5I&pf_rd_p=ca4446e4-1083-4d6c-9a85-b039bd62054b&pf_rd_r=P963MDBFFYMKMV08GYX8&pd_rd_r=a3857271-d91d-4315-bd9b-26fe954d2c14&pd_rd_wg=N0xJZ&ref_=pd_gw_unk expected [true] but found [false],
503 -:- https://www.amazon.ca/Justice-League-Blu-ray-Jim-Rowe/dp/B077H7PX1M/?_encoding=UTF8&pd_rd_w=ebY5I&pf_rd_p=ca4446e4-1083-4d6c-9a85-b039bd62054b&pf_rd_r=P963MDBFFYMKMV08GYX8&pd_rd_r=a3857271-d91d-4315-bd9b-26fe954d2c14&pd_rd_wg=N0xJZ&ref_=pd_gw_unk expected [true] but found [false],
503 -:- https://www.amazon.ca/John-Wick-Chapter-Blu-ray-Bilingual/dp/B06ZZ5RMNH/?_encoding=UTF8&pd_rd_w=ebY5I&pf_rd_p=ca4446e4-1083-4d6c-9a85-b039bd62054b&pf_rd_r=P963MDBFFYMKMV08GYX8&pd_rd_r=a3857271-d91d-4315-bd9b-26fe954d2c14&pd_rd_wg=N0xJZ&ref_=pd_gw_unk expected [true] but found [false],
503 -:- https://www.amazon.ca/Westworld-Complete-Season-Blu-ray-Digital/dp/B073X2V62Y/?_encoding=UTF8&pd_rd_w=ebY5I&pf_rd_p=ca4446e4-1083-4d6c-9a85-b039bd62054b&pf_rd_r=P963MDBFFYMKMV08GYX8&pd_rd_r=a3857271-d91d-4315-bd9b-26fe954d2c14&pd_rd_wg=N0xJZ&ref_=pd_gw_unk expected [true] but found [false],
503 -:- https://www.amazon.ca/Guardians-Galaxy-Blu-ray-Digital-Bilingual/dp/B06ZXWR8C5/?_encoding=UTF8&pd_rd_w=ebY5I&pf_rd_p=ca4446e4-1083-4d6c-9a85-b039bd62054b&pf_rd_r=P963MDBFFYMKMV08GYX8&pd_rd_r=a3857271-d91d-4315-bd9b-26fe954d2c14&pd_rd_wg=N0xJZ&ref_=pd_gw_unk expected [true] but found [false],
503 -:- https://www.amazon.ca/Flashdance-Blu-ray/dp/B072ZVV89V/?_encoding=UTF8&pd_rd_w=ebY5I&pf_rd_p=ca4446e4-1083-4d6c-9a85-b039bd62054b&pf_rd_r=P963MDBFFYMKMV08GYX8&pd_rd_r=a3857271-d91d-4315-bd9b-26fe954d2c14&pd_rd_wg=N0xJZ&ref_=pd_gw_unk expected [true] but found [false],
503 -:- https://www.amazon.ca/Deadpool-Blu-ray-Digital-Copy-Bilingual/dp/B01BT0BFSU/?_encoding=UTF8&pd_rd_w=ebY5I&pf_rd_p=ca4446e4-1083-4d6c-9a85-b039bd62054b&pf_rd_r=P963MDBFFYMKMV08GYX8&pd_rd_r=a3857271-d91d-4315-bd9b-26fe954d2c14&pd_rd_wg=N0xJZ&ref_=pd_gw_unk expected [true] but found [false],
503 -:- https://www.amazon.ca/dp/B08Y71W71Z/ref=ODS_GW_Lch_DDC_TAB_TP expected [true] but found [false],
503 -:- https://www.amazon.ca/dp/B08H5NFLP1/ref=ODS_GW_Lch_DDC_TAB_OM expected [true] but found [false],
503 -:- https://www.amazon.ca/dp/B08F6BPN47/ref=ODS_GW_Lch_DDC_TAB_TK expected [true] but found [false],
503 -:- https://www.amazon.ca/dp/B08F5Z44BV/ref=ODS_GW_Lch_DDC_TAB_TK expected [true] but found [false],
503 -:- https://www.amazon.ca/gp/browse.html?node=17386908011&ref_=ODS_GW_Lch_DDC_TAB_TPLM expected [true] but found [false],
503 -:- https://www.amazon.ca/b?node=18265351011 expected [true] but found [false],
503 -:- https://www.amazon.ca/b?node=18265351011 expected [true] but found [false],
503 -:- https://www.amazon.ca/b?node=14611777011 expected [true] but found [false],
503 -:- https://www.amazon.ca/b?node=14611777011 expected [true] but found [false],
503 -:- https://www.amazon.ca/b?node=23176341011 expected [true] but found [false],
503 -:- https://www.amazon.ca/b?node=23176341011 expected [true] but found [false],
503 -:- https://www.amazon.ca/b/?&node=16209183011&pd_rd_w=eOewR&pf_rd_p=2878e438-72d8-47f3-993e-302dd02436ff&pf_rd_r=P963MDBFFYMKMV08GYX8&pd_rd_r=a3857271-d91d-4315-bd9b-26fe954d2c14&pd_rd_wg=N0xJZ expected [true] but found [false],
503 -:- https://www.amazon.ca/Ring-Video-Doorbell-Works-Alexa/dp/B01DM6BDA4/?_encoding=UTF8&pd_rd_w=eOewR&pf_rd_p=2878e438-72d8-47f3-993e-302dd02436ff&pf_rd_r=P963MDBFFYMKMV08GYX8&pd_rd_r=a3857271-d91d-4315-bd9b-26fe954d2c14&pd_rd_wg=N0xJZ&ref_=pd_gw_unk expected [true] but found [false],
503 -:- https://www.amazon.ca/Philips-Motion-Sensor-Compatible-Assistant/dp/B01KJYSOGI/?_encoding=UTF8&pd_rd_w=eOewR&pf_rd_p=2878e438-72d8-47f3-993e-302dd02436ff&pf_rd_r=P963MDBFFYMKMV08GYX8&pd_rd_r=a3857271-d91d-4315-bd9b-26fe954d2c14&pd_rd_wg=N0xJZ&ref_=pd_gw_unk expected [true] but found [false],
503 -:- https://www.amazon.ca/Nest-Outdoor-Surveillance-Camera-Amazon/dp/B01IOW8FQQ/?_encoding=UTF8&pd_rd_w=eOewR&pf_rd_p=2878e438-72d8-47f3-993e-302dd02436ff&pf_rd_r=P963MDBFFYMKMV08GYX8&pd_rd_r=a3857271-d91d-4315-bd9b-26fe954d2c14&pd_rd_wg=N0xJZ&ref_=pd_gw_unk expected [true] but found [false],
503 -:- https://www.amazon.ca/TP-Link-Required-Requires-Assistant-HS200/dp/B01EZV35QU/?_encoding=UTF8&pd_rd_w=eOewR&pf_rd_p=2878e438-72d8-47f3-993e-302dd02436ff&pf_rd_r=P963MDBFFYMKMV08GYX8&pd_rd_r=a3857271-d91d-4315-bd9b-26fe954d2c14&pd_rd_wg=N0xJZ&ref_=pd_gw_unk expected [true] but found [false],
503 -:- https://www.amazon.ca/Nest-Indoor-Security-Camera-Amazon/dp/B00XJ59Q4E/?_encoding=UTF8&pd_rd_w=eOewR&pf_rd_p=2878e438-72d8-47f3-993e-302dd02436ff&pf_rd_r=P963MDBFFYMKMV08GYX8&pd_rd_r=a3857271-d91d-4315-bd9b-26fe954d2c14&pd_rd_wg=N0xJZ&ref_=pd_gw_unk expected [true] but found [false],
503 -:- https://www.amazon.ca/Nest-Learning-Thermostat-Generation-Amazon/dp/B012R8MVHC/?_encoding=UTF8&pd_rd_w=eOewR&pf_rd_p=2878e438-72d8-47f3-993e-302dd02436ff&pf_rd_r=P963MDBFFYMKMV08GYX8&pd_rd_r=a3857271-d91d-4315-bd9b-26fe954d2c14&pd_rd_wg=N0xJZ&ref_=pd_gw_unk expected [true] but found [false],
503 -:- https://www.amazon.ca/NETGEAR-N300-WiFi-Range-Extender/dp/B00L0YLRUW/?_encoding=UTF8&pd_rd_w=eOewR&pf_rd_p=2878e438-72d8-47f3-993e-302dd02436ff&pf_rd_r=P963MDBFFYMKMV08GYX8&pd_rd_r=a3857271-d91d-4315-bd9b-26fe954d2c14&pd_rd_wg=N0xJZ&ref_=pd_gw_unk expected [true] but found [false],
503 -:- https://www.amazon.ca/PHILIPS-Starter-Compatible-Amazon-Assistant/dp/B01BGJN780/?_encoding=UTF8&pd_rd_w=eOewR&pf_rd_p=2878e438-72d8-47f3-993e-302dd02436ff&pf_rd_r=P963MDBFFYMKMV08GYX8&pd_rd_r=a3857271-d91d-4315-bd9b-26fe954d2c14&pd_rd_wg=N0xJZ&ref_=pd_gw_unk expected [true] but found [false],
503 -:- https://www.amazon.ca/Honeywell-RCHT8610WF2006-Programmable-Touchscreen-Thermostat/dp/B01LTHM8LG/?_encoding=UTF8&pd_rd_w=eOewR&pf_rd_p=2878e438-72d8-47f3-993e-302dd02436ff&pf_rd_r=P963MDBFFYMKMV08GYX8&pd_rd_r=a3857271-d91d-4315-bd9b-26fe954d2c14&pd_rd_wg=N0xJZ&ref_=pd_gw_unk expected [true] but found [false],
503 -:- https://www.amazon.ca/Linksys-AC1200-Wireless-Gigabit-EA6350-CA/dp/B00S0AQZFG/?_encoding=UTF8&pd_rd_w=eOewR&pf_rd_p=2878e438-72d8-47f3-993e-302dd02436ff&pf_rd_r=P963MDBFFYMKMV08GYX8&pd_rd_r=a3857271-d91d-4315-bd9b-26fe954d2c14&pd_rd_wg=N0xJZ&ref_=pd_gw_unk expected [true] but found [false],
503 -:- https://accelerator.amazon.ca/?ref_=map_1_b2b_GW_FT expected [true] but found [false],
503 -:- https://www.amazon.ca/b/?node=16927192011&ld=AZCAHND-footer&ref_=footer_sell expected [true] but found [false],
503 -:- https://www.amazon.ca/b?ie=UTF8&node=15576834011 expected [true] but found [false],
503 -:- https://www.amazon.ca/dp/B07MJM4F44?plattr=CACBCCFOOT&ref_=nav_cbcc_ca_footer expected [true] but found [false],
503 -:- https://www.amazon.ca/gp/browse.html?node=21371066011&ref_=footer_swp expected [true] but found [false],
503 -:- https://www.amazon.ca/gp/gc/create?ref_=footer_reload_ca expected [true] but found [false],
503 -:- https://www.amazon.ca/gp/browse.html?node=8438004011&ref_=footer_tfx_ca_en expected [true] but found [false],
503 -:- https://www.amazon.ca/gp/browse.html?node=9230166011&ref_=footer_gift_cards_ca_en expected [true] but found [false],
503 -:- https://www.amazon.ca/gp/browse.html?node=17321486011&ref_=footer_cash_ca_en expected [true] but found [false],
503 -:- https://www.amazon.ca/gp/help/customer/display.html?nodeId=915470&ref_=footer_shiprates expected [true] but found [false],
503 -:- https://www.amazon.ca/gp/css/returns/homepage.html?ref_=footer_hy_f_4 expected [true] but found [false],
503 -:- https://www.amazon.ca/?ref_=footer_logo expected [true] but found [false],
503 -:- https://www.amazon.ca/gp/browse.html?node=16055945011&ref_=_ca_footer_drive expected [true] but found [false],
503 -:- https://www.amazon.ca/gp/browse.html?node=16055944011&ref_=_gno_p_foot expected [true] but found [false],
503 -:- https://www.amazon.ca/gp/browse.html?node=8929975011&ref_=footer_warehouse_deals expected [true] but found [false]
at org.testng.asserts.SoftAssert.assertAll(SoftAssert.java:47)
at org.testng.asserts.SoftAssert.assertAll(SoftAssert.java:31)
at testcases.HomePageAmaCheck.getAmountBrokenLinksOnPage(HomePageAmaCheck.java:83)
at java.base/jdk.internal.reflect.NativeMethodAccessorImpl.invoke0(Native Method)
at java.base/jdk.internal.reflect.NativeMethodAccessorImpl.invoke(NativeMethodAccessorImpl.java:64)
at java.base/jdk.internal.reflect.DelegatingMethodAccessorImpl.invoke(DelegatingMethodAccessorImpl.java:43)
at java.base/java.lang.reflect.Method.invoke(Method.java:564)
at org.testng.internal.MethodInvocationHelper.invokeMethod(MethodInvocationHelper.java:132)
at org.testng.internal.TestInvoker.invokeMethod(TestInvoker.java:599)
at org.testng.internal.TestInvoker.invokeTestMethod(TestInvoker.java:174)
at org.testng.internal.MethodRunner.runInSequence(MethodRunner.java:46)
at org.testng.internal.TestInvoker$MethodInvocationAgent.invoke(TestInvoker.java:822)
at org.testng.internal.TestInvoker.invokeTestMethods(TestInvoker.java:147)
at org.testng.internal.TestMethodWorker.invokeTestMethods(TestMethodWorker.java:146)
at org.testng.internal.TestMethodWorker.run(TestMethodWorker.java:128)
at java.base/java.util.ArrayList.forEach(ArrayList.java:1511)
at org.testng.TestRunner.privateRun(TestRunner.java:764)
at org.testng.TestRunner.run(TestRunner.java:585)
at org.testng.SuiteRunner.runTest(SuiteRunner.java:384)
at org.testng.SuiteRunner.runSequentially(SuiteRunner.java:378)
at org.testng.SuiteRunner.privateRun(SuiteRunner.java:337)
at org.testng.SuiteRunner.run(SuiteRunner.java:286)
at org.testng.SuiteRunnerWorker.runSuite(SuiteRunnerWorker.java:53)
at org.testng.SuiteRunnerWorker.run(SuiteRunnerWorker.java:96)
at org.testng.TestNG.runSuitesSequentially(TestNG.java:1218)
at org.testng.TestNG.runSuitesLocally(TestNG.java:1140)
at org.testng.TestNG.runSuites(TestNG.java:1069)
at org.testng.TestNG.run(TestNG.java:1037)
at org.testng.remote.AbstractRemoteTestNG.run(AbstractRemoteTestNG.java:115)
at org.testng.remote.RemoteTestNG.initAndRun(RemoteTestNG.java:251)
at org.testng.remote.RemoteTestNG.main(RemoteTestNG.java:77)
]]>
    </failure>
  </testcase> <!-- getAmountBrokenLinksOnPage -->
  <system-out/>
</testsuite> <!-- testcases.HomePageAmaCheck -->
